0.01,0.00,0.00,0.00,0.00,-0.00,-0.00
0.03,0.00,0.00,0.00,-0.00,-0.00,0.00
0.05,0.00,0.00,0.00,0.00,-0.00,0.00
0.07,0.00,0.00,0.00,0.00,-0.01,0.00
0.09,0.00,0.00,0.00,-0.00,-0.00,0.00
0.11,0.00,4.19,13.81,-0.00,-0.00,-0.00
0.13,360.00,4.19,13.81,0.00,-0.00,0.00
0.15,360.00,4.19,13.81,-0.00,-0.00,0.01
0.17,360.00,4.19,13.81,-0.00,-0.01,0.00
0.19,0.00,4.19,13.81,0.00,-0.00,0.00
0.21,360.00,4.19,13.81,0.00,-0.01,0.00
0.23,360.00,4.19,13.81,0.00,-0.00,0.00
0.25,360.00,4.19,13.81,-0.00,-0.00,0.00
0.27,360.00,4.19,13.81,0.00,-0.00,0.00
0.29,360.00,4.19,13.81,0.00,-0.01,0.00
0.31,360.00,4.19,13.81,-0.00,-0.00,0.00
0.33,359.94,4.19,13.81,-0.00,-0.00,0.00
0.35,359.94,4.19,13.81,-0.00,-0.00,0.00
0.38,359.94,4.19,13.81,0.00,-0.00,0.00
0.40,359.94,4.19,13.81,0.00,-0.00,0.00
0.42,359.94,4.19,13.81,0.00,-0.00,0.00
0.44,359.94,4.19,13.81,0.00,-0.01,0.00
0.46,359.94,4.19,13.81,0.00,-0.00,0.00
0.48,359.94,4.19,13.81,-0.00,-0.00,0.00
0.50,359.94,4.19,13.81,0.00,-0.00,0.00
0.52,359.94,4.19,13.81,-0.00,-0.01,-0.00
0.54,359.94,4.19,13.81,0.00,-0.00,0.00
0.56,359.94,4.19,13.81,-0.00,-0.00,0.00
0.58,359.94,4.19,13.81,-0.00,-0.00,0.00
0.60,359.94,4.19,13.81,-0.00,-0.01,0.00
0.62,359.94,4.19,13.81,-0.00,-0.00,0.00
0.64,359.94,4.19,13.81,0.00,-0.01,0.00
0.66,359.94,4.19,13.81,0.00,-0.00,0.00
0.68,359.94,4.19,13.81,-0.00,-0.00,0.00
0.70,359.94,4.19,13.81,-0.00,-0.01,0.00
0.72,359.94,4.19,13.81,-0.00,-0.00,-0.00
0.74,359.94,4.19,13.81,-0.00,-0.00,0.00
0.76,359.94,4.19,13.81,0.00,0.00,0.00
0.78,359.94,4.19,13.81,-0.00,0.00,-0.00
0.80,359.94,4.19,13.81,0.00,-0.00,0.00
0.82,359.94,4.19,13.81,-0.00,0.00,0.00
0.84,359.94,4.19,13.81,-0.00,0.00,0.00
0.86,359.94,4.19,13.81,0.00,0.00,0.00
0.88,359.94,4.19,13.81,0.00,-0.00,0.00
0.90,359.94,4.19,13.81,-0.00,0.00,0.00
0.92,359.94,4.19,13.81,-0.00,0.00,0.00
0.94,359.94,4.19,13.81,0.00,-0.00,0.00
0.96,359.94,4.19,13.81,0.00,-0.00,0.00
0.97,359.94,4.19,13.81,0.00,0.00,0.00
0.99,359.94,4.19,13.81,0.00,-0.00,-0.00
1.01,359.94,4.19,13.81,-0.00,0.00,-0.00
1.04,359.94,4.19,13.81,0.00,0.00,-0.00
1.06,359.94,4.19,13.81,0.00,0.00,0.00
1.08,359.94,4.19,13.81,-0.00,0.00,0.00
1.10,359.94,4.19,13.81,0.00,-0.00,0.00
1.12,359.94,4.19,13.81,0.00,0.00,-0.00
1.14,359.94,4.19,13.81,-0.00,0.00,0.00
1.16,359.94,4.19,13.81,0.00,0.00,-0.00
1.18,359.94,4.19,13.81,0.00,0.00,0.00
1.20,359.94,4.19,13.81,-0.00,0.00,0.00
1.22,359.94,4.19,13.81,-0.00,0.00,0.00
1.24,359.94,4.19,13.81,-0.00,0.00,0.00
1.26,359.94,4.19,13.81,0.00,0.00,0.00
1.28,359.94,4.19,13.81,0.00,0.00,0.00
1.30,359.94,4.19,13.81,-0.00,0.00,0.00
1.32,359.94,4.19,13.81,-0.00,0.00,0.00
1.34,359.94,4.19,13.81,0.04,-0.22,0.02
1.35,359.88,4.50,13.81,0.06,-0.31,0.01
1.37,359.88,4.88,13.81,-0.05,-0.38,-0.01
1.39,359.94,5.25,13.81,-0.12,-0.23,0.00
1.41,0.06,5.31,13.81,-0.12,-0.01,-0.03
1.43,0.19,5.31,13.81,-0.06,0.04,0.01
1.45,0.13,5.31,13.81,0.04,-0.03,-0.03
1.47,0.13,5.31,13.81,0.06,-0.05,0.00
1.49,0.00,5.38,13.81,0.10,0.04,0.03
1.51,359.94,5.25,13.81,0.11,0.09,0.03
1.52,359.81,5.13,13.81,0.08,0.07,-0.00
1.54,359.81,5.13,13.81,0.02,0.00,-0.00
1.56,359.81,5.13,13.81,-0.02,-0.01,0.00
1.58,359.88,5.13,13.81,-0.06,0.03,-0.00
1.60,359.94,5.13,13.81,-0.05,0.03,-0.00
1.62,359.94,5.13,13.81,-0.03,0.00,0.01
1.64,0.00,5.13,13.81,-0.02,0.00,0.02
1.66,0.00,5.13,13.75,-0.02,0.02,0.00
1.68,0.00,5.06,13.75,-0.01,0.01,0.00
1.70,0.00,5.06,13.75,-0.01,-0.00,0.00
1.72,0.00,5.06,13.75,-0.02,0.01,-0.01
1.74,0.06,5.06,13.75,-0.01,0.00,-0.01
1.76,0.06,5.06,13.75,-0.00,-0.02,-0.00
1.78,0.06,5.13,13.75,-0.00,-0.01,-0.00
1.80,0.06,5.13,13.75,0.00,-0.00,-0.01
1.82,0.00,5.13,13.75,0.02,-0.00,-0.00
1.84,0.00,5.19,13.75,0.04,-0.14,0.02
1.86,359.75,5.56,13.75,0.18,-0.45,0.03
1.89,359.63,6.19,13.75,-0.02,-0.62,0.02
1.91,359.63,6.81,13.75,-0.06,-0.58,0.01
1.93,359.50,7.88,13.81,-0.02,-0.69,-0.01
1.95,359.50,8.69,13.81,-0.09,-0.76,0.00
1.97,359.50,9.50,13.88,-0.03,-0.73,-0.03
1.99,359.44,10.19,13.88,-0.06,-0.55,-0.01
2.01,359.38,10.75,13.94,0.07,-0.58,0.00
2.03,359.25,11.06,13.94,0.01,-0.64,0.01
2.05,359.13,11.81,13.94,0.11,-0.69,0.03
2.07,358.94,12.50,14.00,0.07,-0.64,0.02
2.08,358.81,13.19,14.00,0.02,-0.63,0.01
2.10,358.69,13.81,14.06,0.00,-0.63,0.00
2.12,358.63,14.56,14.13,-0.03,-0.65,-0.00
2.14,358.56,15.31,14.13,-0.04,-0.70,0.01
2.16,358.50,16.06,14.19,-0.02,-0.72,0.00
2.18,358.44,16.81,14.25,-0.05,-0.69,-0.00
2.20,358.44,17.19,14.25,-0.04,-0.69,0.01
2.22,358.38,17.94,14.31,-0.01,-0.71,0.00
2.24,358.31,18.69,14.38,-0.03,-0.72,-0.01
2.26,358.19,19.44,14.44,-0.02,-0.66,-0.01
2.27,358.19,20.19,14.50,-0.03,-0.66,-0.01
2.29,358.06,20.94,14.56,0.01,-0.70,0.01
2.31,357.94,21.69,14.63,0.03,-0.76,0.01
2.33,357.81,22.50,14.69,-0.00,-0.70,0.00
2.35,357.75,23.13,14.81,-0.01,-0.60,-0.01
2.37,357.63,23.81,14.88,0.06,-0.63,0.01
2.39,357.50,24.50,14.94,0.01,-0.68,0.02
2.41,357.44,24.88,15.00,0.07,-0.74,0.05
2.43,357.25,25.69,15.06,0.03,-0.72,0.02
2.45,357.13,26.44,15.19,0.02,-0.70,0.01
2.46,357.00,27.19,15.25,-0.01,-0.69,0.01
2.48,356.94,27.94,15.38,-0.02,-0.70,0.00
2.51,356.81,28.69,15.50,-0.00,-0.74,-0.00
2.52,356.75,29.50,15.63,0.01,-0.76,0.02
2.54,356.63,30.31,15.69,-0.01,-0.74,0.01
2.56,356.50,31.06,15.81,0.00,-0.71,0.00
2.58,356.38,31.81,16.00,0.02,-0.74,0.01
2.60,356.31,32.63,16.13,0.00,-0.75,0.01
2.62,356.19,33.44,16.25,-0.01,-0.72,-0.00
2.64,356.13,33.81,16.31,-0.02,-0.71,-0.02
2.66,356.06,34.56,16.50,0.01,-0.76,0.01
2.68,355.94,35.38,16.63,-0.00,-0.77,0.01
2.70,355.81,36.19,16.81,-0.01,-0.76,0.01
2.71,355.75,37.00,16.94,-0.02,-0.74,-0.01
2.73,355.69,37.75,17.13,-0.03,-0.71,-0.02
2.76,355.56,38.50,17.31,0.01,-0.75,0.02
2.77,355.44,39.31,17.50,0.01,-0.77,0.03
2.79,355.31,40.13,17.69,-0.02,-0.75,-0.01
2.81,355.25,40.94,17.88,-0.01,-0.75,-0.01
2.83,355.13,41.75,18.13,-0.01,-0.77,0.01
2.85,355.00,42.56,18.38,-0.01,-0.80,0.00
2.87,354.88,43.44,18.63,0.00,-0.79,0.00
2.89,354.81,44.25,18.88,-0.00,-0.77,0.00
2.91,354.69,45.00,19.19,0.00,-0.76,0.01
2.93,354.63,45.44,19.31,0.01,-0.76,0.01
2.95,354.50,46.19,19.63,0.00,-0.75,0.01
2.97,354.38,47.00,19.88,-0.00,-0.77,0.01
2.99,354.25,47.81,20.19,-0.01,-0.78,-0.00
3.01,354.13,48.63,20.56,-0.01,-0.79,-0.00
3.02,354.00,49.44,20.88,-0.01,-0.80,-0.00
3.04,353.88,50.31,21.31,-0.00,-0.83,0.01
3.06,353.75,51.19,21.69,-0.00,-0.84,0.01
3.08,353.63,52.00,22.13,-0.00,-0.83,0.00
3.10,353.50,52.88,22.56,-0.01,-0.79,-0.01
3.12,353.38,53.63,23.00,0.01,-0.79,0.02
3.14,353.19,54.44,23.44,0.02,-0.79,0.03
3.16,353.13,54.88,23.69,-0.01,-0.78,0.00
3.18,353.00,55.63,24.19,0.01,-0.77,0.01
3.20,352.88,56.44,24.69,0.00,-0.77,0.01
3.21,352.69,57.19,25.25,-0.01,-0.78,-0.01
3.23,352.56,58.00,25.81,-0.00,-0.80,0.02
3.26,352.44,58.75,26.50,-0.01,-0.80,-0.02
3.27,352.31,59.56,27.13,-0.01,-0.78,-0.02
3.29,352.19,60.31,27.81,0.00,-0.77,0.01
3.31,352.06,61.06,28.50,0.00,-0.75,0.02
3.33,351.94,61.81,29.25,-0.00,-0.75,-0.00
3.35,351.88,62.13,29.63,0.00,-0.77,0.01
3.37,351.69,62.88,30.44,0.00,-0.78,0.01
3.39,351.56,63.63,31.31,-0.02,-0.80,-0.03
3.41,351.44,64.44,32.25,-0.01,-0.81,-0.02
3.42,351.31,65.13,33.25,-0.01,-0.79,0.00
3.44,351.13,65.88,34.31,0.01,-0.80,0.03
3.46,350.94,66.63,35.50,0.01,-0.81,0.04
3.48,350.81,67.38,36.69,-0.02,-0.80,-0.02
3.50,350.69,68.00,37.94,-0.00,-0.73,0.00
3.52,350.50,68.63,39.19,0.01,-0.67,0.02
3.54,350.44,68.94,39.75,0.01,-0.63,0.04
3.56,350.25,69.44,40.94,0.02,-0.61,0.05
3.57,350.13,69.94,42.13,-0.00,-0.58,0.01
3.59,350.06,70.38,43.25,-0.02,-0.55,-0.03
3.61,349.94,70.81,44.44,-0.01,-0.53,-0.03
3.63,349.88,71.19,45.56,-0.01,-0.50,-0.00
3.65,349.75,71.56,46.69,-0.01,-0.44,0.00
3.67,349.75,71.75,47.19,0.00,-0.41,0.01
3.69,349.63,72.06,48.19,0.00,-0.40,0.01
3.71,349.56,72.31,49.19,0.00,-0.39,0.00
3.73,349.44,72.75,50.69,-0.01,-0.36,-0.01
3.76,349.38,73.00,51.63,0.00,-0.32,0.01
3.77,349.31,73.19,52.44,0.01,-0.28,0.01
3.79,349.25,73.38,53.25,0.01,-0.25,0.02
3.81,349.19,73.56,53.94,-0.01,-0.24,0.01
3.83,349.19,73.63,54.31,-0.01,-0.23,-0.02
3.85,349.19,73.75,55.00,-0.01,-0.22,-0.02
3.87,349.13,73.94,55.69,0.00,-0.20,0.01
3.89,349.13,74.06,56.19,0.00,-0.15,0.00
3.91,349.06,74.13,56.75,0.00,-0.14,0.01
3.92,349.06,74.25,57.19,0.00,-0.12,0.01
3.94,349.00,74.31,57.50,-0.00,-0.09,-0.01
3.96,349.00,74.38,57.81,-0.00,-0.07,-0.00
3.98,349.00,74.44,58.00,-0.00,-0.05,-0.00
4.00,349.00,74.44,58.06,0.00,-0.03,0.00
4.02,349.00,74.44,58.19,0.00,-0.02,0.00
4.04,349.00,74.44,58.19,-0.00,-0.00,0.00
4.06,349.00,74.50,58.19,-0.00,0.01,0.00
4.08,349.06,74.50,58.25,0.00,0.00,0.00
4.10,349.06,74.50,58.31,0.00,0.00,-0.00
4.11,349.06,74.50,58.31,-0.00,0.00,0.00
4.14,349.06,74.50,58.31,0.00,0.00,0.00
4.16,349.06,74.56,58.38,0.00,-0.00,-0.00
4.18,349.06,74.56,58.38,-0.00,0.00,0.00
4.20,349.06,74.56,58.38,-0.00,0.00,-0.00
4.21,349.06,74.56,58.44,0.00,0.00,0.00
4.23,349.06,74.56,58.44,0.00,0.00,0.00
4.25,349.06,74.56,58.44,-0.00,0.00,-0.00
4.27,349.06,74.63,58.50,0.00,0.00,0.00
4.29,349.13,74.63,58.50,0.00,-0.00,0.00
4.31,349.13,74.63,58.50,0.00,0.00,0.00
4.33,349.13,74.63,58.56,-0.00,-0.00,0.00
4.35,349.13,74.63,58.56,-0.00,0.00,-0.00
4.37,349.13,74.63,58.56,-0.00,0.00,0.00
4.39,349.13,74.63,58.63,0.00,0.00,0.00
4.41,349.13,74.69,58.63,0.00,0.00,-0.00
4.43,349.13,74.69,58.63,0.00,-0.00,0.00
4.45,349.13,74.69,58.63,0.00,0.00,0.00
4.46,349.13,74.69,58.69,0.00,0.00,0.00
4.48,349.13,74.69,58.69,0.00,0.00,0.00
4.50,349.13,74.69,58.69,0.00,0.00,0.00
4.52,349.13,74.69,58.75,-0.00,0.00,-0.00
4.54,349.13,74.75,58.75,0.00,-0.00,0.00
4.56,349.13,74.75,58.75,-0.00,0.00,0.00
4.58,349.19,74.75,58.75,-0.00,0.00,0.00
4.60,349.19,74.75,58.75,0.00,-0.00,0.00
4.61,349.19,74.75,58.81,0.00,0.00,-0.00
4.64,349.19,74.75,58.81,0.00,0.00,0.00
4.66,349.19,74.75,58.81,-0.00,0.00,0.00
4.67,349.19,74.75,58.81,0.00,-0.00,-0.00
4.70,349.19,74.75,58.81,0.00,0.00,0.00
4.71,349.19,74.75,58.88,-0.00,-0.00,0.00
4.74,349.19,74.75,58.88,0.01,0.05,-0.00
4.76,349.31,74.63,57.94,-0.02,0.29,-0.08
4.78,349.38,74.44,56.75,0.03,0.35,0.08
4.80,349.25,74.25,56.13,0.05,0.33,0.28
4.82,349.06,74.06,55.00,-0.03,0.19,-0.05
4.84,349.19,74.00,54.56,-0.04,-0.02,-0.15
4.86,349.38,74.06,54.88,-0.03,-0.12,-0.14
4.88,349.50,74.19,55.44,-0.04,-0.14,-0.08
4.90,349.50,74.31,55.69,-0.03,-0.09,0.02
4.91,349.44,74.31,55.81,0.05,-0.01,0.02
4.93,349.19,74.19,55.81,0.10,0.01,0.21
4.95,349.06,74.19,55.75,0.02,0.01,0.14
4.97,349.00,74.19,55.69,-0.01,-0.01,-0.11
4.99,349.13,74.19,55.75,-0.01,-0.02,-0.02
5.01,349.19,74.25,55.75,-0.05,0.00,-0.10
5.03,349.31,74.25,55.75,-0.02,0.01,-0.07
5.05,349.38,74.25,55.75,-0.01,0.01,-0.05
5.06,349.44,74.25,55.69,0.00,0.02,-0.01
5.08,349.44,74.25,55.63,0.00,0.01,0.02
5.10,349.38,74.25,55.63,0.01,-0.01,0.01
5.12,349.38,74.25,55.69,0.01,-0.03,-0.00
5.14,349.38,74.25,55.75,0.00,-0.02,-0.00
5.16,349.38,74.31,55.81,0.01,0.01,0.02
5.18,349.38,74.25,55.75,0.00,0.03,0.02
5.20,349.38,74.25,55.69,0.00,0.02,0.00
5.22,349.38,74.25,55.69,-0.01,-0.00,-0.01
5.24,349.38,74.25,55.69,-0.01,0.00,-0.04
5.26,349.44,74.25,55.44,-0.01,0.15,-0.03
5.28,349.56,74.06,54.50,0.01,0.32,-0.01
5.30,349.50,73.69,53.19,0.07,0.49,0.18
5.31,349.31,73.31,51.44,0.04,0.53,0.20
5.33,349.50,72.94,49.94,-0.03,0.57,-0.12
5.35,349.75,72.50,48.31,-0.03,0.62,-0.10
5.37,350.06,72.06,46.75,-0.04,0.62,-0.14
5.39,350.19,71.56,45.19,0.00,0.67,0.08
5.41,350.19,71.31,44.31,-0.01,0.70,-0.03
5.43,350.44,70.75,42.81,0.00,0.68,-0.09
5.45,350.56,70.19,41.44,0.03,0.67,0.07
5.47,350.63,69.63,40.13,-0.01,0.61,-0.03
5.49,350.75,69.13,39.00,-0.00,0.63,-0.01
5.51,350.94,68.56,37.88,0.00,0.65,-0.03
5.53,351.06,67.94,36.81,0.00,0.69,-0.01
5.55,351.06,67.31,35.75,0.05,0.64,0.12
5.56,351.06,66.75,34.75,0.03,0.60,0.11
5.59,351.25,66.25,33.88,-0.04,0.63,-0.08
5.61,351.50,65.63,33.06,-0.03,0.64,-0.15
5.63,351.56,65.00,32.25,0.03,0.66,0.07
5.65,351.69,64.38,31.31,-0.00,0.70,0.05
5.66,351.81,63.69,30.44,0.01,0.73,0.01
5.69,351.88,63.00,29.75,0.00,0.72,-0.01
5.71,352.00,62.31,29.00,-0.02,0.67,-0.02
5.73,352.13,61.69,28.31,0.00,0.63,0.01
5.75,352.25,61.06,27.75,-0.02,0.66,-0.08
5.77,352.50,60.38,27.13,-0.03,0.69,-0.09
5.79,352.56,59.69,26.56,0.01,0.71,0.04
5.81,352.69,59.00,25.94,-0.02,0.73,-0.01
5.83,352.88,58.25,25.38,-0.01,0.78,-0.05
5.85,353.00,57.44,24.81,0.01,0.78,-0.03
5.87,353.13,56.69,24.25,-0.01,0.75,0.03
5.89,353.25,56.00,23.75,-0.01,0.69,0.00
5.91,353.38,55.31,23.38,-0.01,0.69,-0.05
5.93,353.50,54.56,22.94,0.02,0.69,0.03
5.95,353.56,53.88,22.50,0.03,0.69,0.04
5.97,353.69,53.13,22.13,0.02,0.72,0.01
5.99,353.75,52.38,21.75,0.01,0.73,-0.01
6.01,353.81,51.63,21.38,0.05,0.75,0.06
6.03,353.94,50.81,21.00,0.00,0.76,0.01
6.05,354.06,50.06,20.63,0.01,0.75,0.00
6.06,354.13,49.25,20.31,0.01,0.75,-0.01
6.08,354.31,48.44,19.94,-0.02,0.76,-0.02
6.10,354.38,47.69,19.63,0.01,0.75,0.01
6.12,354.50,46.88,19.38,-0.00,0.75,-0.01
6.14,354.63,46.13,19.13,-0.01,0.74,-0.02
6.16,354.69,45.75,18.94,0.01,0.72,0.01
6.18,354.81,45.00,18.69,-0.02,0.75,-0.03
6.20,354.94,44.19,18.44,-0.02,0.76,-0.04
6.22,355.06,43.38,18.19,0.00,0.76,-0.00
6.24,355.19,42.56,17.94,0.01,0.74,0.01
6.26,355.31,41.81,17.75,0.00,0.76,-0.00
6.28,355.44,41.00,17.50,-0.02,0.80,-0.03
6.30,355.56,40.13,17.31,-0.02,0.81,-0.03
6.31,355.69,39.31,17.13,0.00,0.82,-0.01
6.34,355.81,38.44,16.88,0.01,0.81,0.01
6.36,355.88,37.56,16.69,0.02,0.81,0.01
6.38,356.00,36.69,16.50,-0.01,0.82,-0.00
6.40,356.13,35.88,16.31,-0.02,0.82,-0.02
6.42,356.25,35.00,16.19,0.01,0.77,-0.00
6.45,356.44,33.81,15.94,0.01,0.74,0.01
6.46,356.50,33.00,15.75,-0.01,0.77,-0.01
6.48,356.63,32.19,15.63,-0.00,0.78,-0.02
6.51,356.75,31.31,15.50,0.01,0.79,-0.01
6.53,356.88,30.06,15.31,0.03,0.78,0.01
6.55,356.94,29.25,15.19,0.01,0.79,-0.00
6.57,357.06,28.38,15.06,-0.01,0.80,-0.01
6.59,357.19,27.50,14.94,0.01,0.80,-0.01
6.61,357.25,27.13,14.88,0.01,0.78,-0.01
6.63,357.31,26.25,14.75,0.01,0.79,0.00
6.65,357.44,25.38,14.69,0.01,0.79,-0.00
6.67,357.56,24.56,14.56,0.00,0.79,-0.01
6.69,357.69,23.69,14.50,0.00,0.80,-0.00
6.71,357.81,22.81,14.38,-0.01,0.83,-0.01
6.73,357.88,21.94,14.31,0.00,0.82,-0.01
6.75,358.00,21.06,14.19,0.02,0.80,0.00
6.77,358.06,20.19,14.13,0.01,0.80,0.00
6.79,358.19,19.31,14.06,-0.02,0.83,-0.01
6.81,358.31,18.44,14.00,-0.02,0.84,-0.02
6.83,358.44,17.56,13.94,0.00,0.82,-0.01
6.85,358.56,16.69,13.88,0.01,0.81,-0.00
6.86,358.63,15.81,13.81,0.00,0.82,-0.00
6.89,358.75,14.88,13.75,0.00,0.84,-0.01
6.90,358.88,14.00,13.69,0.01,0.81,-0.00
6.92,358.94,13.13,13.63,0.01,0.79,0.00
6.94,359.06,12.25,13.56,0.00,0.82,-0.01
6.96,359.13,11.81,13.56,-0.01,0.84,-0.01
6.98,359.25,10.94,13.50,0.01,0.83,-0.00
7.00,359.31,10.00,13.50,0.01,0.81,-0.01
7.02,359.44,9.19,13.44,0.00,0.82,-0.01
7.04,359.56,8.25,13.44,-0.01,0.86,-0.01
7.06,359.69,7.31,13.38,-0.00,0.86,-0.01
7.08,359.75,6.44,13.38,0.00,0.84,-0.01
7.10,359.88,5.50,13.38,0.01,0.82,-0.00
7.12,0.00,4.63,13.31,0.00,0.85,-0.00
7.14,0.06,3.69,13.31,0.00,0.83,-0.01
7.16,0.19,2.81,13.31,0.01,0.82,-0.00
7.18,0.31,1.94,13.31,0.01,0.80,-0.00
7.20,0.38,1.06,13.31,-0.01,0.83,-0.01
7.21,0.56,0.13,13.31,-0.02,0.87,-0.01
7.23,0.63,-0.75,13.31,0.01,0.85,-0.00
7.26,0.75,-1.63,13.31,-0.00,0.84,-0.00
7.28,0.94,-3.06,13.31,-0.00,0.87,-0.01
7.30,1.06,-3.94,13.31,0.00,0.86,-0.01
7.32,1.13,-4.88,13.38,0.01,0.84,-0.00
7.34,1.19,-5.31,13.38,-0.00,0.86,-0.01
7.36,1.31,-6.25,13.38,-0.00,0.85,-0.01
7.38,1.44,-7.19,13.44,0.01,0.81,-0.01
7.40,1.50,-8.06,13.44,0.01,0.80,-0.01
7.42,1.63,-8.94,13.50,0.00,0.80,-0.01
7.44,1.75,-9.81,13.50,-0.01,0.84,-0.01
7.46,1.81,-10.69,13.56,-0.01,0.84,-0.01
7.48,1.94,-11.63,13.63,-0.00,0.85,-0.00
7.49,2.06,-12.50,13.69,0.01,0.85,-0.01
7.51,2.13,-13.44,13.75,0.02,0.85,-0.01
7.53,2.19,-13.94,13.75,0.01,0.87,-0.00
7.55,2.31,-14.88,13.81,0.00,0.86,-0.01
7.57,2.44,-15.75,13.88,0.00,0.82,-0.01
7.59,2.56,-16.63,13.94,-0.01,0.80,0.00
7.61,2.63,-17.50,14.00,-0.01,0.80,-0.00
7.62,2.75,-18.31,14.06,-0.01,0.78,0.00
7.64,2.88,-19.19,14.19,-0.01,0.75,-0.01
7.66,2.94,-19.56,14.19,-0.01,0.73,0.00
7.68,3.00,-20.31,14.25,-0.00,0.72,-0.00
7.70,3.13,-21.13,14.38,-0.00,0.71,-0.01
7.72,3.19,-21.88,14.44,0.00,0.69,-0.01
7.74,3.31,-22.56,14.50,0.01,0.68,-0.01
7.76,3.38,-23.31,14.63,0.01,0.68,-0.01
7.78,3.44,-24.00,14.69,0.01,0.66,-0.02
7.79,3.50,-24.69,14.81,0.01,0.63,-0.01
7.81,3.63,-25.38,14.88,0.00,0.62,-0.01
7.83,3.63,-25.69,14.94,-0.01,0.61,-0.01
7.85,3.75,-26.38,15.00,-0.00,0.61,-0.00
7.87,3.81,-27.00,15.13,0.00,0.60,0.00
7.89,3.94,-27.63,15.19,0.00,0.58,-0.01
7.91,4.00,-28.25,15.31,0.00,0.57,-0.01
7.93,4.06,-28.88,15.38,-0.00,0.56,0.00
7.95,4.13,-29.44,15.50,-0.00,0.56,-0.01
7.96,4.25,-30.06,15.56,-0.01,0.54,-0.00
7.98,4.31,-30.63,15.69,0.00,0.52,-0.01
8.00,4.31,-30.88,15.75,0.01,0.52,-0.01
8.02,4.44,-31.44,15.88,0.01,0.52,-0.01
8.04,4.50,-32.00,15.94,0.01,0.51,-0.01
8.06,4.56,-32.50,16.06,0.01,0.49,-0.01
8.07,4.63,-33.06,16.19,0.00,0.49,-0.00
8.09,4.69,-33.31,16.25,-0.01,0.49,-0.00
8.11,4.75,-33.81,16.31,-0.01,0.49,-0.00
8.13,4.81,-34.31,16.44,0.01,0.47,-0.00
8.15,4.88,-34.81,16.56,0.01,0.46,-0.01
8.17,4.94,-35.31,16.69,0.00,0.45,-0.00
8.18,5.00,-35.81,16.81,-0.01,0.47,0.00
8.20,5.06,-36.31,16.94,-0.00,0.46,-0.00
8.22,5.19,-36.75,17.00,0.00,0.44,-0.01
8.24,5.19,-37.00,17.06,0.00,0.44,-0.01
8.26,5.25,-37.44,17.19,-0.01,0.44,-0.00
8.28,5.31,-37.94,17.31,-0.00,0.44,-0.01
8.30,5.38,-38.38,17.44,0.00,0.43,-0.00
8.32,5.44,-38.81,17.56,0.00,0.41,-0.01
8.34,5.56,-39.50,17.75,-0.00,0.41,-0.00
8.36,5.56,-39.69,17.81,-0.00,0.42,-0.00
8.38,5.63,-40.13,17.94,0.00,0.40,-0.00
8.40,5.69,-40.56,18.06,0.01,0.40,-0.01
8.42,5.75,-41.00,18.19,0.00,0.39,-0.00
8.43,5.81,-41.38,18.31,-0.00,0.39,-0.00
8.46,5.88,-41.81,18.44,-0.01,0.40,0.00
8.48,6.00,-42.44,18.63,0.01,0.38,-0.01
8.50,6.00,-42.63,18.75,0.00,0.37,-0.01
8.52,6.06,-43.00,18.88,-0.00,0.37,-0.00
8.54,6.13,-43.38,19.00,-0.00,0.37,0.00
8.56,6.19,-43.81,19.13,-0.00,0.37,-0.00
8.58,6.25,-44.19,19.25,0.00,0.37,-0.00
8.60,6.31,-44.56,19.44,0.00,0.36,-0.01
8.62,6.44,-45.13,19.63,-0.00,0.36,-0.00
8.64,6.44,-45.31,19.69,-0.01,0.36,0.00
8.66,6.50,-45.69,19.88,-0.00,0.36,-0.00
8.68,6.56,-46.06,20.00,0.01,0.36,-0.01
8.70,6.63,-46.44,20.13,0.01,0.35,-0.01
8.72,6.69,-46.75,20.31,0.00,0.33,-0.00
8.73,6.75,-47.13,20.44,-0.01,0.34,0.00
8.75,6.75,-47.31,20.50,-0.01,0.34,0.00
8.77,6.81,-47.63,20.69,0.00,0.35,-0.01
8.79,6.88,-48.00,20.81,0.01,0.29,-0.00
8.81,6.94,-48.19,20.88,0.03,0.08,0.01
8.83,6.81,-48.06,20.88,0.02,-0.14,-0.04
8.85,6.94,-47.88,20.75,-0.09,-0.24,0.12
8.88,7.13,-47.63,20.75,-0.08,0.05,0.00
8.89,7.19,-47.75,20.81,-0.04,0.14,0.03
8.91,7.25,-47.81,20.81,0.04,0.04,-0.02
8.93,7.13,-47.88,20.81,0.09,-0.06,-0.11
8.95,7.00,-47.81,20.81,0.07,-0.05,-0.06
8.97,6.94,-47.94,20.81,0.04,0.12,-0.04
8.99,6.88,-48.13,20.88,0.05,0.18,-0.08
9.01,6.94,-48.25,20.94,-0.03,0.09,0.03
9.03,6.94,-48.31,21.00,-0.01,0.02,-0.02
9.05,7.06,-48.38,21.00,-0.06,0.10,0.09
9.07,7.13,-48.44,21.06,-0.02,0.11,0.01
9.09,7.13,-48.50,21.13,0.02,0.05,0.01
9.11,7.13,-48.56,21.06,0.03,0.03,0.01
9.13,7.13,-48.63,21.06,0.02,0.06,-0.01
9.15,7.13,-48.75,21.13,-0.01,0.13,0.00
9.17,7.19,-48.88,21.19,-0.02,0.13,0.03
9.18,7.25,-48.94,21.25,-0.01,0.09,0.01
9.20,7.25,-49.00,21.25,-0.02,0.10,0.00
9.22,7.25,-49.13,21.31,-0.02,0.14,0.02
9.24,7.31,-49.25,21.44,0.00,0.15,-0.02
9.26,7.31,-49.38,21.50,0.02,0.14,-0.03
9.28,7.31,-49.50,21.63,0.05,0.10,-0.05
9.30,7.25,-49.69,21.69,0.04,0.11,-0.04
9.32,7.19,-49.81,21.75,0.03,0.13,-0.03
9.34,7.19,-50.00,21.88,0.01,0.12,-0.01
9.36,7.19,-50.06,21.88,-0.01,0.12,-0.00
9.38,7.25,-50.19,21.94,-0.02,0.14,0.01
9.40,7.31,-50.38,22.06,-0.02,0.16,0.01
9.42,7.31,-50.50,22.19,0.00,0.16,-0.00
9.44,7.31,-50.69,22.25,0.02,0.15,-0.02
9.46,7.38,-50.81,22.38,-0.00,0.15,0.01
9.48,7.38,-50.94,22.44,-0.01,0.15,0.01
9.50,7.44,-51.13,22.50,-0.01,0.15,0.01
9.52,7.44,-51.25,22.63,-0.00,0.14,0.00
9.54,7.50,-51.44,22.69,-0.00,0.15,0.00
9.56,7.50,-51.56,22.81,-0.00,0.16,-0.00
9.57,7.56,-51.75,22.88,-0.00,0.17,-0.00
9.59,7.56,-51.81,22.94,0.00,0.17,-0.01
9.61,7.56,-52.00,23.06,0.00,0.15,-0.01
9.63,7.63,-52.13,23.13,0.00,0.16,-0.01
9.65,7.63,-52.31,23.25,0.00,0.15,-0.00
9.67,7.69,-52.50,23.38,0.00,0.15,-0.00
9.69,7.69,-52.63,23.44,0.00,0.15,0.00
9.72,7.75,-52.88,23.63,-0.00,0.16,0.01
9.73,7.75,-53.06,23.75,-0.00,0.17,0.00
9.75,7.81,-53.13,23.75,0.00,0.17,-0.00
9.77,7.81,-53.31,23.88,0.00,0.17,-0.00
9.79,7.88,-53.44,24.00,-0.00,0.17,0.00
9.81,7.88,-53.63,24.13,-0.00,0.17,-0.00
9.83,7.94,-53.81,24.25,0.00,0.17,-0.00
9.85,7.94,-53.88,24.25,0.01,-0.02,0.01
9.88,7.81,-53.56,24.06,-0.02,-0.24,0.03
9.89,7.94,-53.25,23.88,-0.09,-0.26,0.15
9.91,8.00,-53.19,23.81,-0.10,0.05,0.05
9.93,8.19,-53.25,23.94,-0.03,0.18,0.02
9.95,8.19,-53.44,24.06,0.01,0.15,0.02
9.97,8.13,-53.50,24.06,0.08,0.03,-0.09
9.99,7.94,-53.50,24.06,0.08,-0.04,-0.10
10.01,7.88,-53.56,24.06,0.03,0.08,-0.02
10.02,7.88,-53.75,24.19,-0.01,0.20,-0.03
10.04,7.94,-53.88,24.25,-0.01,0.15,0.01
10.06,7.94,-54.00,24.31,0.00,0.04,-0.01
10.08,7.94,-54.00,24.38,-0.03,0.02,0.05
10.10,8.00,-54.06,24.38,-0.03,0.06,0.05
10.12,8.06,-54.13,24.50,-0.02,0.13,0.00
10.14,8.06,-54.25,24.56,0.03,0.10,-0.03
10.16,8.00,-54.38,24.56,0.06,0.06,-0.06
10.18,8.00,-54.44,24.56,-0.02,0.10,0.02
10.20,8.06,-54.56,24.69,-0.03,0.13,0.01
10.22,8.13,-54.69,24.75,-0.03,0.14,0.05
10.24,8.19,-54.81,24.81,-0.01,0.11,0.01
10.26,8.19,-54.88,24.88,-0.01,0.10,-0.00
10.28,8.25,-55.00,25.00,-0.02,0.12,0.03
10.30,8.31,-55.13,25.06,-0.01,0.13,0.00
10.32,8.25,-55.25,25.13,0.03,0.09,-0.03
10.34,8.25,-55.31,25.19,0.02,0.03,-0.02
10.36,8.19,-55.31,25.19,0.03,-0.07,-0.07
10.38,8.13,-55.25,25.13,-0.01,-0.11,0.03
10.40,8.19,-55.13,25.00,-0.02,-0.25,0.05
10.42,8.13,-54.81,24.81,0.03,-0.48,-0.10
10.44,7.94,-54.31,24.50,-0.03,-0.58,0.07
10.46,8.00,-53.69,24.06,-0.06,-0.64,0.15
10.48,8.00,-53.06,23.75,-0.05,-0.55,0.01
10.50,7.88,-52.56,23.50,-0.01,-0.49,-0.01
10.52,7.81,-51.94,23.13,0.03,-0.60,0.02
10.54,7.56,-51.31,22.75,0.05,-0.65,-0.07
10.56,7.44,-50.69,22.38,0.01,-0.62,0.00
10.58,7.38,-50.06,22.06,0.02,-0.58,-0.02
10.60,7.19,-49.50,21.81,0.02,-0.60,-0.04
10.62,7.19,-48.81,21.50,-0.04,-0.64,0.07
10.64,7.13,-48.13,21.19,-0.04,-0.64,0.03
10.66,7.06,-47.50,20.94,-0.01,-0.59,-0.01
10.68,6.94,-46.88,20.69,-0.00,-0.58,0.04
10.71,6.75,-46.06,20.31,0.03,-0.55,-0.03
10.73,6.56,-45.19,19.94,0.03,-0.56,-0.02
10.75,6.50,-44.88,19.81,0.00,-0.63,0.02
10.77,6.44,-44.19,19.63,-0.03,-0.63,0.01
10.79,6.38,-43.56,19.38,-0.05,-0.60,0.07
10.81,6.38,-42.94,19.19,-0.04,-0.57,0.03
10.83,6.31,-42.31,19.00,-0.02,-0.54,0.02
10.85,6.19,-41.75,18.81,0.03,-0.57,-0.00
10.87,6.06,-41.19,18.63,0.03,-0.56,-0.01
10.89,5.94,-40.56,18.44,0.03,-0.58,-0.01
10.91,5.81,-39.94,18.25,0.03,-0.61,-0.02
10.93,5.75,-39.31,18.06,-0.02,-0.61,0.03
10.95,5.69,-38.69,17.88,-0.02,-0.61,0.00
10.96,5.63,-38.31,17.81,-0.01,-0.62,0.00
10.98,5.50,-37.69,17.63,-0.00,-0.63,0.02
11.00,5.44,-37.06,17.50,0.00,-0.55,-0.01
11.02,5.31,-36.50,17.38,0.02,-0.55,-0.01
11.04,5.25,-35.88,17.19,0.03,-0.63,0.00
11.06,5.13,-35.19,17.06,0.02,-0.66,0.00
11.08,5.06,-34.50,16.88,-0.04,-0.62,0.03
11.10,5.06,-33.94,16.75,-0.06,-0.55,0.04
11.12,5.00,-33.31,16.69,-0.03,-0.54,0.02
11.14,4.94,-32.69,16.50,0.02,-0.65,0.01
11.16,4.81,-32.00,16.38,0.02,-0.66,-0.01
11.18,4.75,-31.31,16.25,-0.03,-0.57,0.02
11.20,4.69,-30.75,16.13,0.00,-0.59,0.01
11.21,4.56,-30.06,16.00,0.01,-0.63,-0.02
11.23,4.50,-29.38,15.94,-0.03,-0.64,0.03
11.25,4.44,-29.06,15.88,0.00,-0.54,-0.02
11.27,4.38,-28.50,15.75,0.01,-0.56,0.01
11.29,4.25,-27.88,15.69,0.05,-0.65,-0.02
11.31,4.13,-27.19,15.56,0.06,-0.68,-0.02
11.33,4.00,-26.50,15.44,0.00,-0.62,0.00
11.35,3.94,-25.88,15.38,0.00,-0.56,0.00
11.37,3.88,-25.31,15.31,-0.01,-0.57,0.01
11.39,3.75,-24.63,15.19,0.01,-0.63,-0.00
11.41,3.69,-24.00,15.13,-0.01,-0.59,0.01
11.43,3.63,-23.38,15.00,-0.00,-0.59,0.01
11.45,3.50,-22.69,14.94,0.01,-0.65,0.00
11.47,3.44,-22.00,14.88,-0.02,-0.65,0.02
11.49,3.38,-21.31,14.75,-0.03,-0.58,0.02
11.51,3.31,-20.69,14.75,-0.03,-0.57,0.01
11.53,3.25,-20.06,14.63,0.01,-0.66,0.00
11.55,3.13,-19.31,14.56,0.03,-0.69,0.00
11.57,3.00,-18.31,14.50,-0.01,-0.59,0.02
11.59,2.88,-17.63,14.38,0.02,-0.64,-0.00
11.61,2.81,-17.31,14.38,-0.01,-0.63,0.01
11.63,2.75,-16.63,14.31,-0.02,-0.55,0.01
11.65,2.69,-16.06,14.25,-0.01,-0.53,0.01
11.67,2.56,-15.44,14.19,0.02,-0.62,-0.01
11.69,2.50,-14.75,14.19,0.00,-0.65,0.02
11.71,2.38,-14.06,14.13,0.01,-0.62,0.00
11.73,2.31,-13.38,14.06,-0.00,-0.61,0.00
11.75,2.25,-12.75,14.06,-0.01,-0.62,0.01
11.77,2.19,-12.06,14.00,-0.01,-0.63,0.02
11.79,2.13,-11.44,13.94,-0.02,-0.58,-0.00
11.81,2.06,-10.75,13.88,0.00,-0.63,0.02
11.83,1.94,-10.06,13.88,0.03,-0.69,0.00
11.85,1.81,-9.31,13.81,-0.01,-0.64,0.00
11.87,1.75,-8.69,13.81,-0.01,-0.60,0.02
11.89,1.69,-8.00,13.75,0.02,-0.64,-0.00
11.91,1.56,-7.25,13.75,-0.01,-0.68,0.01
11.93,1.50,-6.31,13.69,-0.03,-0.56,-0.00
11.95,1.44,-6.00,13.69,0.01,-0.62,0.01
11.97,1.31,-5.31,13.69,0.02,-0.67,0.00
11.99,1.25,-4.56,13.69,-0.02,-0.59,-0.00
12.01,1.19,-4.00,13.63,-0.03,-0.50,-0.00
12.03,1.13,-3.44,13.63,-0.01,-0.51,0.02
12.05,1.00,-2.81,13.63,0.05,-0.66,-0.01
12.07,0.94,-2.06,13.63,-0.04,-0.71,0.02
12.09,0.88,-1.38,13.56,0.00,-0.59,0.00
12.11,0.81,-0.69,13.56,0.03,-0.61,0.01
12.13,0.75,0.00,13.56,-0.03,-0.65,0.00
12.15,0.63,0.63,13.56,0.01,-0.67,0.00
12.16,0.63,1.00,13.56,-0.03,-0.60,0.00
12.18,0.56,1.63,13.56,-0.01,-0.64,0.01
12.20,0.44,2.38,13.56,0.02,-0.68,0.01
12.22,0.38,3.06,13.56,-0.01,-0.66,-0.01
12.24,0.31,3.69,13.56,-0.05,-0.40,0.00
12.26,0.31,4.13,13.56,-0.07,-0.31,-0.00
12.28,0.31,4.38,13.56,-0.01,-0.26,0.00
12.30,0.31,4.69,13.63,-0.01,-0.24,-0.03
12.32,0.25,4.81,13.63,0.02,-0.15,-0.00
12.34,0.19,4.81,13.63,0.03,0.03,0.01
12.36,0.13,4.69,13.63,0.08,0.13,0.01
12.38,0.06,4.50,13.63,0.02,0.05,0.01
12.40,0.06,4.44,13.63,0.02,0.05,0.01
12.42,0.13,4.44,13.63,-0.03,0.04,0.00
12.44,0.19,4.38,13.63,-0.08,0.08,0.01
12.46,0.25,4.31,13.63,-0.06,0.03,0.01
12.48,0.31,4.31,13.56,-0.06,-0.01,0.01
12.50,0.38,4.38,13.56,-0.06,-0.00,0.00
12.52,0.44,4.38,13.56,-0.02,-0.01,0.00
12.54,0.44,4.38,13.56,0.01,-0.02,0.00
12.56,0.44,4.44,13.56,0.03,-0.02,-0.00
12.58,0.38,4.44,13.56,0.02,-0.01,-0.01
12.60,0.38,4.44,13.63,0.03,-0.01,-0.00
12.62,0.31,4.44,13.63,0.03,-0.01,-0.00
12.64,0.25,4.44,13.63,0.04,-0.01,-0.01
12.66,0.25,4.38,13.63,0.04,0.00,-0.01
12.68,0.19,4.38,13.63,0.04,-0.00,0.00
12.70,0.13,4.38,13.63,0.04,-0.00,0.01
12.72,0.13,4.38,13.63,0.03,0.00,0.02
12.74,0.06,4.38,13.63,0.01,-0.00,0.00
12.76,0.13,4.38,13.63,-0.01,-0.00,0.00
12.78,0.13,4.38,13.63,-0.02,0.00,0.00
12.80,0.13,4.38,13.63,-0.02,0.01,0.00
12.82,0.13,4.38,13.63,-0.01,0.00,-0.00
12.84,0.13,4.38,13.63,0.00,0.01,-0.00
12.86,0.13,4.38,13.63,0.00,0.01,-0.00
12.88,0.13,4.31,13.63,0.01,0.01,0.00
12.90,0.13,4.31,13.63,0.01,0.01,0.00
12.92,0.13,4.31,13.63,0.01,0.01,0.01
12.94,0.13,4.31,13.63,0.01,0.01,0.01
12.96,0.13,4.31,13.63,-0.00,0.00,0.01
12.98,0.13,4.31,13.63,-0.01,0.00,0.00
13.00,0.13,4.25,13.63,-0.01,0.00,0.00
13.02,0.13,4.25,13.63,-0.01,0.00,0.00
13.04,0.13,4.25,13.63,-0.01,-0.00,-0.00
13.05,0.13,4.25,13.63,-0.01,0.00,-0.00
13.07,0.13,4.25,13.63,-0.00,-0.00,-0.01
13.09,0.13,4.25,13.63,0.00,-0.01,-0.00
13.11,0.13,4.25,13.63,0.01,-0.00,0.00
13.13,0.13,4.25,13.63,0.01,0.00,0.00
13.15,0.13,4.25,13.63,0.01,-0.00,0.00
13.17,0.13,4.25,13.63,0.01,0.00,0.00
13.19,0.13,4.25,13.63,0.00,0.00,0.00
13.21,0.13,4.25,13.63,-0.00,0.00,0.00
13.23,0.13,4.25,13.63,-0.01,-0.00,0.00
13.25,0.13,4.25,13.63,-0.01,0.00,0.00
13.28,0.13,4.25,13.63,0.00,0.00,-0.00
13.30,0.13,4.25,13.63,0.00,0.00,0.00
13.32,0.13,4.25,13.63,0.00,0.00,-0.00
13.34,0.13,4.25,13.63,0.00,0.01,-0.00
13.36,0.13,4.25,13.63,-0.00,0.00,0.00
13.38,0.13,4.25,13.63,-0.00,0.00,0.00
13.40,0.13,4.25,13.63,0.00,-0.00,0.00
13.42,0.13,4.25,13.63,-0.00,0.00,0.00
13.44,0.13,4.25,13.63,0.00,0.00,0.00
13.46,0.13,4.25,13.63,0.00,0.00,0.00
13.48,0.13,4.25,13.63,-0.00,-0.00,0.00
13.50,0.13,4.25,13.63,-0.00,0.00,-0.00
13.52,0.13,4.25,13.63,0.00,0.00,0.00
13.54,0.13,4.25,13.63,0.00,0.00,-0.00
13.56,0.13,4.25,13.63,0.00,0.00,0.00
13.58,0.13,4.25,13.63,-0.00,0.00,-0.00
13.60,0.13,4.25,13.63,-0.00,-0.00,0.00
13.62,0.13,4.25,13.63,0.00,0.00,0.00
13.64,0.13,4.25,13.63,0.00,0.00,0.00
13.66,0.13,4.25,13.63,0.00,-0.00,0.00
13.68,0.13,4.25,13.63,0.00,0.01,0.00
13.70,0.13,4.25,13.63,-0.00,0.00,0.00
13.72,0.13,4.25,13.63,-0.00,0.00,0.00
13.74,0.13,4.25,13.63,0.00,-0.00,0.00
13.76,0.13,4.25,13.63,-0.00,0.00,0.00
13.78,0.13,4.25,13.63,-0.00,0.00,-0.00
13.80,0.13,4.25,13.63,-0.00,0.01,0.00
13.82,0.13,4.25,13.63,-0.00,-0.00,0.00
13.84,0.13,4.25,13.63,0.00,0.00,-0.00
13.86,0.13,4.25,13.63,-0.00,0.00,0.00
13.87,0.13,4.25,13.63,0.00,-0.00,0.00
13.89,0.13,4.25,13.63,0.00,-0.00,0.00
13.91,0.13,4.25,13.63,0.00,-0.00,-0.00
13.93,0.13,4.25,13.63,-0.00,0.00,-0.00
13.95,0.13,4.25,13.63,0.00,-0.00,-0.00
13.97,0.13,4.25,13.63,0.00,-0.00,-0.00
13.99,0.13,4.25,13.63,0.00,0.00,0.00
14.01,0.13,4.25,13.63,0.00,-0.00,-0.00
14.03,0.13,4.25,13.63,0.00,0.00,-0.00
14.05,0.13,4.25,13.63,0.00,-0.00,0.00
14.07,0.13,4.25,13.63,0.00,-0.00,0.00
14.09,0.13,4.25,13.63,0.00,0.00,0.00
14.11,0.13,4.25,13.63,0.00,-0.00,0.00
14.12,0.13,4.25,13.63,-0.00,0.00,0.00
14.14,0.13,4.25,13.63,-0.00,0.00,-0.00
14.16,0.13,4.25,13.63,0.00,-0.00,-0.00
14.18,0.13,4.25,13.63,0.00,0.00,-0.00
14.20,0.13,4.25,13.63,0.00,-0.00,0.00
14.22,0.13,4.25,13.63,0.00,0.00,-0.00
14.25,0.13,4.25,13.63,-0.00,0.00,0.00
14.27,0.13,4.25,13.63,-0.00,0.00,-0.00
14.29,0.13,4.25,13.63,0.00,0.00,-0.00
14.31,0.13,4.25,13.63,-0.00,0.00,0.00
14.33,0.13,4.25,13.63,0.00,-0.00,0.00
14.35,0.13,4.25,13.63,0.00,-0.00,0.00
14.37,0.19,4.25,13.63,-0.09,-0.01,-0.00
14.39,0.50,4.38,13.63,-0.27,-0.04,-0.03
14.41,0.81,4.50,13.63,-0.36,-0.06,-0.05
14.43,1.25,4.63,13.63,-0.38,-0.03,-0.02
14.45,1.63,4.75,13.63,-0.29,-0.01,-0.03
14.47,1.81,4.75,13.63,-0.20,0.02,-0.00
14.48,1.94,4.75,13.63,-0.09,0.03,0.03
14.51,2.00,4.75,13.56,-0.06,0.03,0.01
14.52,2.06,4.75,13.56,-0.02,0.04,0.01
14.54,2.06,4.69,13.56,0.01,0.05,0.01
14.56,2.06,4.63,13.56,0.01,0.05,0.01
14.58,2.06,4.56,13.56,-0.00,0.03,-0.01
14.60,2.06,4.56,13.56,-0.01,0.01,-0.01
14.62,2.06,4.56,13.56,-0.00,-0.03,-0.01
14.64,2.06,4.50,13.56,0.01,-0.04,-0.01
14.66,2.00,4.56,13.56,0.02,-0.03,-0.01
14.68,2.00,4.56,13.56,0.04,-0.02,-0.00
14.70,1.94,4.56,13.56,0.04,-0.02,0.00
14.72,1.88,4.56,13.56,0.05,-0.01,0.01
14.74,1.81,4.56,13.56,0.05,-0.01,0.01
14.76,1.75,4.56,13.56,0.05,-0.01,0.01
14.78,1.75,4.56,13.56,0.02,-0.00,0.00
14.80,1.75,4.56,13.56,-0.01,0.00,-0.00
14.82,1.75,4.56,13.56,-0.02,0.01,0.00
14.84,1.75,4.56,13.56,-0.01,0.01,-0.00
14.86,1.75,4.56,13.56,-0.00,0.02,-0.00
14.88,1.81,4.50,13.56,-0.27,0.01,-0.02
14.90,2.13,4.63,13.56,-0.18,-0.06,-0.04
14.92,2.44,4.75,13.63,-0.37,-0.06,-0.06
14.94,2.94,4.94,13.63,-0.57,-0.03,-0.06
14.96,3.63,5.13,13.63,-0.59,-0.03,-0.06
14.98,4.31,5.25,13.63,-0.65,-0.00,-0.04
15.00,5.06,5.44,13.56,-0.69,0.03,-0.02
15.02,5.88,5.56,13.50,-0.68,0.03,-0.03
15.04,6.69,5.75,13.50,-0.75,0.03,-0.03
15.06,7.56,5.88,13.44,-0.78,0.03,-0.04
15.08,8.38,6.00,13.38,-0.76,0.04,-0.03
15.10,9.25,6.13,13.31,-0.79,0.05,-0.05
15.12,10.13,6.19,13.31,-0.78,0.04,-0.05
15.14,11.00,6.38,13.31,-0.78,0.01,-0.03
15.16,11.44,6.44,13.25,-0.76,-0.02,-0.05
15.18,12.69,6.81,13.19,-0.74,-0.04,-0.06
15.20,13.50,7.00,13.19,-0.74,-0.04,-0.05
15.22,14.31,7.25,13.13,-0.72,-0.02,-0.04
15.24,15.06,7.44,13.06,-0.67,0.00,-0.04
15.26,15.81,7.56,13.06,-0.65,0.01,-0.04
15.28,16.50,7.63,13.00,-0.64,0.02,-0.03
15.30,17.25,7.69,12.94,-0.70,0.02,-0.04
15.32,18.06,7.75,12.94,-0.77,0.00,-0.05
15.34,18.94,7.75,12.88,-0.81,-0.01,-0.04
15.36,19.81,7.88,12.88,-0.79,-0.01,-0.05
15.38,20.69,8.06,12.81,-0.77,-0.01,-0.05
15.40,21.56,8.13,12.75,-0.75,-0.00,-0.04
15.42,21.94,8.19,12.69,-0.73,0.01,-0.04
15.43,22.75,8.19,12.69,-0.71,0.00,-0.04
15.45,23.50,8.19,12.69,-0.70,0.00,-0.04
15.47,24.25,8.13,12.69,-0.70,0.00,-0.04
15.49,25.00,8.13,12.63,-0.68,-0.01,-0.04
15.51,25.69,8.13,12.63,-0.68,-0.01,-0.04
15.53,26.44,8.13,12.63,-0.69,-0.01,-0.05
15.55,27.31,8.31,12.56,-0.78,-0.01,-0.05
15.57,28.13,8.50,12.50,-0.77,-0.01,-0.05
15.59,29.00,8.56,12.44,-0.78,0.01,-0.04
15.61,29.81,8.56,12.44,-0.75,0.01,-0.04
15.63,30.19,8.56,12.44,-0.73,0.01,-0.04
15.65,31.00,8.69,12.38,-0.73,0.00,-0.04
15.67,31.81,8.88,12.25,-0.72,-0.02,-0.04
15.68,32.63,8.81,12.25,-0.72,-0.01,-0.04
15.70,33.38,8.75,12.25,-0.71,-0.01,-0.05
15.72,34.13,8.81,12.25,-0.71,-0.01,-0.04
15.74,34.94,8.81,12.19,-0.73,0.00,-0.05
15.76,35.75,8.75,12.19,-0.72,0.00,-0.05
15.78,36.50,8.69,12.19,-0.73,0.01,-0.05
15.80,37.31,8.69,12.19,-0.77,0.00,-0.05
15.82,38.13,8.69,12.19,-0.77,-0.00,-0.05
15.84,38.94,8.69,12.19,-0.74,-0.01,-0.05
15.86,39.38,8.69,12.19,-0.72,0.00,-0.04
15.88,40.13,8.63,12.19,-0.71,-0.00,-0.04
15.89,40.88,8.56,12.19,-0.71,-0.00,-0.04
15.91,41.69,8.56,12.13,-0.74,-0.00,-0.05
15.93,42.50,8.63,12.13,-0.74,-0.01,-0.05
15.95,43.31,8.63,12.13,-0.75,-0.00,-0.05
15.97,44.06,8.63,12.13,-0.72,0.00,-0.05
15.99,44.88,8.63,12.13,-0.72,-0.00,-0.05
16.01,45.63,8.56,12.13,-0.73,-0.00,-0.05
16.03,46.44,8.56,12.13,-0.75,-0.01,-0.05
16.05,47.31,8.56,12.06,-0.77,-0.01,-0.05
16.07,48.13,8.63,12.06,-0.78,-0.00,-0.05
16.09,48.56,8.63,12.06,-0.75,0.00,-0.04
16.11,49.38,8.63,12.06,-0.72,0.00,-0.04
16.14,50.50,8.56,12.06,-0.74,-0.00,-0.04
16.16,51.75,8.50,12.06,-0.75,-0.01,-0.05
16.18,52.56,8.56,12.00,-0.74,-0.01,-0.05
16.20,53.31,8.56,12.00,-0.72,-0.00,-0.04
16.22,54.06,8.56,12.00,-0.70,0.00,-0.04
16.24,54.81,8.50,12.00,-0.68,0.01,-0.04
16.26,55.19,8.50,12.00,-0.66,0.00,-0.04
16.27,55.88,8.44,12.00,-0.69,-0.01,-0.05
16.29,56.63,8.38,12.00,-0.72,-0.02,-0.05
16.31,57.44,8.44,12.00,-0.74,-0.01,-0.05
16.33,58.31,8.63,11.94,-0.79,-0.01,-0.05
16.35,59.19,8.75,11.88,-0.79,0.00,-0.05
16.37,60.00,8.75,11.88,-0.76,0.01,-0.05
16.39,60.81,8.81,11.81,-0.74,0.01,-0.04
16.41,61.25,8.88,11.81,-0.73,0.00,-0.04
16.42,62.06,9.06,11.75,-0.72,-0.01,-0.04
16.44,62.81,8.94,11.75,-0.71,-0.01,-0.04
16.46,63.56,8.88,11.75,-0.70,-0.02,-0.04
16.48,64.31,8.88,11.75,-0.67,-0.01,-0.04
16.50,65.00,8.88,11.75,-0.64,0.00,-0.04
16.52,65.75,8.88,11.69,-0.68,0.00,-0.05
16.54,66.56,8.88,11.69,-0.77,-0.01,-0.06
16.56,67.38,8.81,11.69,-0.77,-0.00,-0.05
16.58,68.25,8.88,11.69,-0.77,0.01,-0.04
16.60,69.06,8.81,11.69,-0.75,-0.00,-0.05
16.62,69.44,8.94,11.63,-0.75,0.01,-0.04
16.64,70.31,9.06,11.56,-0.73,0.00,-0.04
16.66,71.44,9.00,11.50,-0.72,-0.01,-0.04
16.68,72.25,8.94,11.50,-0.73,-0.01,-0.04
16.70,73.06,8.94,11.50,-0.74,-0.01,-0.04
16.72,73.88,8.94,11.50,-0.77,-0.01,-0.05
16.74,74.69,8.94,11.50,-0.77,0.00,-0.05
16.76,75.50,8.94,11.50,-0.74,0.00,-0.05
16.78,76.31,8.88,11.50,-0.71,0.00,-0.05
16.80,77.06,8.75,11.56,-0.70,-0.00,-0.04
16.82,77.44,8.69,11.50,-0.70,-0.01,-0.04
16.84,78.56,8.75,11.50,-0.71,-0.01,-0.04
16.86,79.38,8.94,11.44,-0.71,-0.01,-0.04
16.88,80.13,8.94,11.38,-0.72,0.00,-0.04
16.90,80.88,8.94,11.38,-0.70,0.01,-0.04
16.92,81.63,8.88,11.44,-0.68,0.01,-0.04
16.94,82.38,8.75,11.44,-0.67,-0.00,-0.04
16.96,82.69,8.75,11.44,-0.72,-0.02,-0.05
16.98,83.50,8.81,11.38,-0.76,-0.02,-0.05
17.00,84.38,9.00,11.31,-0.77,-0.00,-0.05
17.02,85.19,9.06,11.31,-0.74,0.00,-0.04
17.03,85.94,9.06,11.25,-0.72,0.01,-0.04
17.05,86.75,9.19,11.19,-0.71,0.01,-0.05
17.07,87.56,9.38,11.13,-0.73,-0.01,-0.05
17.09,88.38,9.19,11.13,-0.74,-0.02,-0.05
17.11,89.13,9.13,11.19,-0.70,-0.01,-0.04
17.13,89.50,9.25,11.13,-0.62,0.00,-0.03
17.15,90.13,9.31,11.06,-0.49,0.02,-0.03
17.16,90.69,9.44,11.00,-0.41,0.01,-0.02
17.18,91.13,9.50,10.94,-0.35,-0.01,-0.03
17.20,91.44,9.38,11.00,-0.31,-0.01,-0.02
17.22,91.69,9.06,11.06,-0.23,-0.02,-0.01
17.24,91.88,9.00,11.13,-0.15,-0.01,-0.01
17.26,91.94,9.00,11.13,-0.11,-0.00,-0.01
17.28,92.06,9.06,11.13,-0.08,0.01,-0.01
17.29,92.13,8.88,11.19,-0.04,0.01,-0.01
17.31,92.13,8.63,11.25,0.01,0.00,-0.01
17.33,92.06,8.63,11.25,0.03,-0.01,-0.00
17.35,92.00,8.50,11.31,0.05,-0.01,-0.00
17.37,91.94,8.25,11.44,0.07,-0.01,0.00
17.39,91.81,8.13,11.50,0.09,-0.00,0.01
17.41,91.69,8.00,11.50,0.10,0.01,0.01
17.43,91.56,7.88,11.56,0.08,0.01,0.01
17.45,91.56,7.88,11.56,0.01,-0.01,-0.00
17.47,91.56,7.75,11.63,-0.04,-0.01,-0.00
17.48,91.56,7.63,11.63,-0.02,0.00,0.00
17.51,91.56,7.56,11.69,-0.02,0.00,0.00
17.52,91.56,7.50,11.69,0.01,0.01,-0.00
17.54,91.56,7.38,11.75,0.02,0.01,-0.00
17.56,91.50,7.25,11.81,0.01,-0.00,0.00
17.58,91.50,7.25,11.81,-0.00,-0.01,-0.01
17.60,91.50,7.19,11.81,-0.01,-0.01,-0.00
17.62,91.50,7.13,11.88,0.00,0.00,0.00
17.64,91.50,7.06,11.88,0.01,0.01,-0.00
17.66,91.50,7.06,11.88,-0.00,0.01,0.00
17.68,91.50,7.00,11.88,-0.01,-0.00,0.00
17.71,91.44,6.88,11.94,0.00,-0.01,0.00
17.73,91.44,6.81,11.94,0.00,-0.00,0.00
17.75,91.44,6.81,12.00,0.00,-0.00,0.00
17.77,91.44,6.75,12.00,-0.00,0.00,-0.00
17.79,91.44,6.75,12.00,-0.01,0.01,-0.00
17.81,91.44,6.69,12.00,0.00,0.00,0.00
17.83,91.44,6.63,12.00,0.00,-0.00,-0.00
17.85,91.44,6.56,12.06,-0.00,-0.00,-0.00
17.87,245.00,6.56,12.06,-0.00,-0.00,0.00
17.89,245.00,6.56,12.06,0.00,0.00,0.00
17.91,245.00,6.50,12.06,0.00,0.00,0.00
17.93,245.00,6.50,12.06,-0.00,0.00,0.00
17.95,245.00,6.44,12.13,0.00,0.00,-0.00
17.97,244.88,6.38,12.13,0.00,-0.00,0.00
17.99,244.88,6.38,12.13,0.00,-0.00,0.00
18.01,244.75,6.38,12.13,-0.00,0.00,0.00
18.03,244.75,6.31,12.13,0.00,0.00,-0.00
18.05,244.75,6.31,12.13,0.00,0.01,-0.00
18.07,244.56,6.31,12.19,0.00,0.00,-0.00
18.09,244.56,6.25,12.19,0.00,0.00,-0.00
18.11,244.44,6.25,12.19,0.00,-0.00,-0.00
18.13,244.44,6.19,12.19,0.00,-0.00,0.00
18.15,244.44,6.19,12.19,0.00,-0.00,-0.00
18.16,244.31,6.19,12.19,-0.00,0.00,0.00
18.18,244.31,6.19,12.19,0.00,0.00,-0.00
18.20,244.31,6.13,12.19,0.00,0.00,-0.00
18.22,244.19,6.13,12.25,-0.00,0.00,0.00
18.24,244.19,6.06,12.25,0.00,-0.00,0.00
18.26,244.06,6.06,12.25,0.00,-0.01,-0.00
18.28,244.06,6.06,12.25,-0.00,-0.00,-0.00
18.30,244.06,6.06,12.25,0.00,0.00,-0.00
18.31,244.00,6.06,12.25,0.00,0.00,-0.00
18.33,244.00,6.00,12.25,-0.00,0.00,0.00
18.35,244.00,6.00,12.25,-0.00,-0.00,-0.00
18.37,243.88,6.00,12.25,0.00,-0.00,-0.00
18.39,243.88,6.00,12.25,0.00,-0.00,0.00
18.41,243.75,5.94,12.31,-0.00,-0.00,-0.00
18.43,243.75,5.94,12.31,0.00,0.00,-0.00
18.45,243.75,5.94,12.31,0.00,0.01,-0.00
18.47,243.63,5.94,12.31,-0.00,0.00,-0.00
18.49,243.63,5.94,12.31,0.00,0.00,-0.00
18.51,243.63,5.88,12.31,0.00,0.00,-0.00
18.52,243.56,5.88,12.31,0.00,-0.00,0.00
18.54,243.56,5.88,12.31,-0.00,-0.00,-0.00
18.56,243.56,5.88,12.31,-0.00,-0.00,0.00
18.58,243.56,5.88,12.31,-0.00,-0.00,0.00
18.60,243.56,5.81,12.31,-0.00,0.00,0.00
18.62,243.44,5.81,12.31,0.00,-0.00,-0.00
18.64,243.44,5.81,12.31,0.00,0.00,-0.00
18.66,243.31,5.81,12.31,0.00,0.00,-0.00
18.68,243.31,5.81,12.31,0.00,0.00,-0.00
18.70,243.31,5.81,12.31,-0.00,0.00,-0.00
18.72,243.31,5.81,12.38,0.00,0.00,-0.00
18.73,243.31,5.75,12.38,-0.00,0.00,0.00
18.75,243.31,5.75,12.38,0.00,0.00,0.00
18.77,243.25,5.75,12.38,0.00,-0.00,0.00
18.79,243.25,5.75,12.38,0.00,-0.01,0.00
18.81,243.25,5.75,12.38,0.00,0.00,-0.00
18.83,243.19,5.75,12.38,0.00,-0.00,0.00
18.85,243.19,5.75,12.38,0.00,0.00,0.00
18.86,243.13,5.75,12.38,-0.00,0.00,0.00
18.89,243.13,5.69,12.38,-0.00,0.00,-0.00
18.91,243.00,5.69,12.38,0.00,-0.00,0.00
18.93,243.00,5.69,12.38,-0.00,-0.00,0.00
18.95,243.00,5.69,12.38,0.00,-0.00,-0.00
18.98,243.00,5.69,12.38,-0.00,0.00,0.00
19.00,243.00,5.69,12.38,-0.00,0.00,0.00
19.02,243.00,5.69,12.38,-0.00,-0.00,0.00
19.04,243.00,5.69,12.38,0.00,0.00,-0.00
19.06,243.00,5.63,12.38,0.00,-0.01,-0.00
19.07,243.06,5.63,12.38,-0.00,0.00,-0.00
19.09,243.06,5.63,12.38,-0.00,0.00,0.00
19.11,243.06,5.63,12.38,0.00,0.00,-0.00
19.13,243.06,5.63,12.38,0.02,0.00,0.00
19.15,242.88,5.56,12.44,0.25,0.01,0.02
19.17,242.63,5.50,12.38,0.16,0.04,0.02
19.19,242.25,5.44,12.44,0.35,-0.02,0.01
19.21,242.13,5.44,12.44,0.32,-0.03,0.02
19.23,241.75,5.38,12.44,0.28,-0.02,0.03
19.24,241.44,5.31,12.44,0.18,-0.02,0.01
19.27,241.25,5.31,12.44,0.17,-0.02,0.00
19.28,241.19,5.25,12.50,0.07,0.02,-0.02
19.30,241.13,5.25,12.50,0.02,0.04,0.00
19.32,241.13,5.19,12.50,-0.02,0.03,-0.00
19.34,241.19,5.19,12.50,-0.03,-0.00,-0.01
19.36,241.19,5.19,12.50,-0.02,-0.03,0.01
19.38,241.19,5.25,12.50,0.00,-0.02,0.01
19.40,241.19,5.25,12.50,0.03,-0.00,0.01
19.41,241.19,5.25,12.50,0.03,0.01,0.01
19.43,241.13,5.19,12.50,0.02,0.01,0.01
19.45,241.13,5.19,12.50,-0.02,0.01,-0.00
19.47,241.19,5.19,12.50,-0.03,0.01,0.00
19.49,241.19,5.19,12.50,-0.02,-0.00,-0.01
19.51,241.19,5.19,12.50,-0.00,-0.01,-0.01
19.53,241.19,5.19,12.50,0.02,-0.00,0.00
19.55,241.19,5.19,12.50,0.03,0.01,0.00
19.56,241.13,5.19,12.50,0.03,0.01,0.00
19.58,241.13,5.19,12.50,0.00,0.00,-0.00
19.60,241.13,5.19,12.50,-0.02,0.00,-0.00
19.62,241.19,5.19,12.50,-0.01,-0.00,0.00
19.64,241.19,5.19,12.50,0.00,-0.00,0.01
19.66,241.19,5.19,12.50,0.03,0.00,0.01
19.68,241.06,5.19,12.50,0.44,-0.01,0.05
19.70,240.69,5.06,12.50,0.23,0.05,0.04
19.72,240.31,4.94,12.50,0.50,-0.03,0.01
19.73,239.81,4.88,12.50,0.45,-0.03,0.01
19.76,239.25,4.81,12.50,0.53,-0.03,0.06
19.77,238.50,4.69,12.50,0.64,-0.01,0.04
19.79,237.75,4.50,12.56,0.74,0.01,0.04
19.81,236.88,4.31,12.56,0.77,0.02,0.02
19.83,236.00,4.06,12.63,0.78,0.02,0.04
19.85,235.13,3.88,12.63,0.78,0.01,0.05
19.87,234.25,3.69,12.63,0.79,-0.01,0.03
19.89,233.38,3.50,12.63,0.81,-0.01,0.04
19.91,232.94,3.44,12.63,0.79,0.00,0.05
19.93,232.06,3.31,12.63,0.78,0.01,0.06
19.95,231.19,3.19,12.63,0.77,0.00,0.06
19.97,230.38,3.00,12.63,0.75,0.01,0.05
19.98,229.56,2.88,12.63,0.71,0.00,0.05
20.01,228.75,2.75,12.56,0.71,0.00,0.05
20.02,228.00,2.63,12.56,0.70,-0.00,0.04
20.04,227.19,2.50,12.56,0.72,-0.01,0.05
20.06,226.44,2.38,12.56,0.73,0.01,0.04
20.08,225.63,2.25,12.56,0.75,0.01,0.04
20.10,224.75,2.13,12.56,0.76,0.01,0.04
20.12,223.94,2.00,12.56,0.77,0.00,0.04
20.14,223.06,1.88,12.56,0.78,0.00,0.04
20.16,222.63,1.81,12.56,0.79,-0.00,0.05
20.18,221.75,1.75,12.50,0.80,0.00,0.05
20.21,220.44,1.63,12.50,0.80,0.01,0.05
20.23,219.13,1.50,12.50,0.76,0.00,0.05
20.26,218.31,1.44,12.50,0.75,-0.00,0.05
20.27,217.50,1.44,12.50,0.74,-0.00,0.05
20.29,216.75,1.44,12.50,0.71,0.01,0.04
20.31,216.00,1.44,12.50,0.70,0.00,0.04
20.33,215.19,1.38,12.50,0.73,0.00,0.05
20.35,214.38,1.25,12.50,0.76,0.01,0.05
20.37,213.56,1.19,12.50,0.78,0.01,0.05
20.39,212.69,1.13,12.44,0.78,-0.01,0.05
20.41,211.81,1.06,12.44,0.78,-0.00,0.05
20.43,210.94,1.00,12.44,0.80,-0.00,0.05
20.45,210.06,1.00,12.44,0.81,0.00,0.05
20.47,209.63,1.00,12.44,0.81,0.00,0.05
20.49,208.75,1.00,12.44,0.74,0.00,0.04
20.51,208.00,1.00,12.44,0.74,0.00,0.04
20.52,207.19,1.00,12.50,0.71,0.00,0.05
20.54,206.38,1.00,12.50,0.73,0.01,0.05
20.56,205.63,0.94,12.50,0.75,0.00,0.05
20.58,204.75,0.94,12.50,0.75,0.01,0.05
20.60,203.94,0.88,12.44,0.75,0.00,0.05
20.62,203.13,0.88,12.44,0.76,-0.01,0.05
20.64,202.31,0.81,12.44,0.76,-0.00,0.05
20.66,201.88,0.81,12.44,0.76,0.00,0.04
20.68,201.06,0.81,12.44,0.76,0.00,0.04
20.70,200.25,0.81,12.44,0.77,0.01,0.04
20.72,199.44,0.75,12.44,0.77,0.01,0.05
20.73,198.56,0.75,12.44,0.77,0.00,0.04
20.76,197.75,0.69,12.44,0.77,0.00,0.05
20.77,196.88,0.63,12.44,0.78,0.00,0.05
20.79,196.06,0.63,12.44,0.78,0.00,0.05
20.81,195.63,0.63,12.44,0.78,0.00,0.05
20.83,194.81,0.63,12.44,0.74,0.00,0.05
20.85,194.00,0.63,12.44,0.71,-0.00,0.04
20.87,193.19,0.63,12.44,0.73,0.01,0.04
20.89,192.44,0.63,12.44,0.74,0.01,0.05
20.91,191.63,0.56,12.44,0.74,0.01,0.05
20.93,190.81,0.56,12.44,0.75,0.01,0.05
20.95,189.56,0.50,12.44,0.75,-0.00,0.05
20.97,188.75,0.44,12.44,0.75,-0.00,0.04
20.99,187.94,0.44,12.44,0.77,-0.00,0.05
21.01,187.13,0.44,12.44,0.76,0.00,0.04
21.03,186.31,0.44,12.44,0.75,0.00,0.05
21.05,185.50,0.44,12.44,0.75,0.00,0.04
21.07,185.06,0.44,12.44,0.75,0.01,0.04
21.09,184.25,0.38,12.44,0.75,0.00,0.05
21.11,183.44,0.38,12.44,0.74,-0.00,0.04
21.14,182.25,0.38,12.44,0.74,0.00,0.05
21.16,181.44,0.31,12.44,0.75,-0.00,0.05
21.17,180.63,0.31,12.44,0.75,0.00,0.05
21.19,179.81,0.31,12.44,0.72,0.00,0.04
21.21,179.06,0.31,12.44,0.71,-0.00,0.04
21.23,178.25,0.25,12.50,0.71,0.00,0.04
21.25,177.88,0.25,12.50,0.71,0.00,0.04
21.27,177.13,0.25,12.50,0.71,0.00,0.04
21.29,176.38,0.25,12.50,0.70,0.00,0.05
21.31,175.56,0.19,12.50,0.71,-0.00,0.05
21.32,174.81,0.19,12.44,0.71,-0.00,0.05
21.34,174.06,0.13,12.44,0.71,-0.01,0.05
21.37,173.25,0.13,12.44,0.71,-0.00,0.05
21.39,172.50,0.06,12.44,0.72,0.00,0.05
21.41,171.69,0.06,12.44,0.74,0.00,0.04
21.42,170.88,0.00,12.44,0.75,0.01,0.05
21.44,170.06,0.00,12.44,0.79,0.01,0.05
21.46,169.13,-0.06,12.38,0.82,0.00,0.05
21.48,168.25,-0.19,12.38,0.83,0.00,0.05
21.50,167.38,-0.19,12.38,0.78,-0.01,0.05
21.52,166.94,-0.19,12.38,0.74,-0.01,0.03
21.54,166.19,-0.19,12.38,0.71,-0.01,0.04
21.56,165.38,-0.13,12.38,0.73,-0.00,0.04
21.57,164.56,-0.13,12.38,0.74,0.01,0.04
21.60,163.81,-0.13,12.38,0.75,0.01,0.05
21.62,163.00,-0.19,12.38,0.75,0.01,0.05
21.64,162.13,-0.25,12.38,0.75,0.01,0.05
21.66,160.94,-0.38,12.31,0.74,-0.01,0.04
21.68,160.13,-0.44,12.31,0.75,-0.01,0.05
21.70,159.31,-0.44,12.31,0.77,-0.01,0.05
21.72,158.44,-0.50,12.31,0.79,0.00,0.05
21.74,157.56,-0.50,12.31,0.79,-0.00,0.05
21.76,157.13,-0.50,12.31,0.78,0.00,0.04
21.78,156.31,-0.56,12.31,0.78,0.00,0.05
21.80,155.44,-0.56,12.31,0.77,0.00,0.05
21.82,154.63,-0.56,12.31,0.77,-0.00,0.05
21.84,153.75,-0.63,12.31,0.77,-0.00,0.05
21.85,152.94,-0.63,12.25,0.77,-0.01,0.05
21.87,152.13,-0.63,12.25,0.76,-0.00,0.05
21.89,151.31,-0.63,12.25,0.76,-0.01,0.05
21.91,150.50,-0.63,12.25,0.75,-0.01,0.04
21.93,149.69,-0.63,12.25,0.74,-0.01,0.04
21.95,148.88,-0.63,12.25,0.74,-0.01,0.04
21.97,148.50,-0.63,12.25,0.73,-0.01,0.04
21.99,147.69,-0.63,12.25,0.73,-0.01,0.04
22.01,146.88,-0.63,12.25,0.73,-0.02,0.04
22.03,146.06,-0.56,12.25,0.74,-0.02,0.04
22.05,145.31,-0.56,12.25,0.74,-0.02,0.04
22.06,144.50,-0.56,12.31,0.74,-0.02,0.04
22.08,143.69,-0.44,12.31,0.75,-0.02,0.04
22.10,142.88,-0.38,12.38,0.76,-0.01,0.04
22.12,142.06,-0.31,12.38,0.77,0.01,0.05
22.14,141.19,-0.31,12.44,0.77,0.02,0.05
22.16,140.81,-0.31,12.44,0.77,0.01,0.05
22.18,139.94,-0.44,12.38,0.76,-0.00,0.05
22.20,139.13,-0.63,12.31,0.75,-0.01,0.05
22.22,138.31,-0.63,12.31,0.75,-0.01,0.04
22.23,137.50,-0.56,12.31,0.74,-0.00,0.05
22.25,136.69,-0.50,12.31,0.74,0.00,0.05
22.27,135.94,-0.44,12.38,0.74,0.01,0.04
22.29,135.13,-0.44,12.38,0.74,0.01,0.04
22.31,134.31,-0.50,12.38,0.73,0.00,0.04
22.33,133.50,-0.50,12.38,0.75,-0.00,0.04
22.35,133.13,-0.56,12.38,0.75,-0.00,0.05
22.37,132.31,-0.56,12.31,0.76,-0.00,0.04
22.39,131.44,-0.63,12.38,0.76,0.00,0.05
22.41,130.63,-0.56,12.38,0.76,0.01,0.05
22.42,129.81,-0.50,12.38,0.75,0.01,0.05
22.44,129.00,-0.56,12.38,0.76,0.01,0.04
22.46,128.19,-0.56,12.38,0.76,0.00,0.05
22.48,127.38,-0.63,12.38,0.75,-0.00,0.04
22.50,126.56,-0.56,12.38,0.74,-0.00,0.04
22.52,126.19,-0.56,12.38,0.74,-0.00,0.04
22.54,125.38,-0.56,12.38,0.74,0.00,0.04
22.56,124.56,-0.50,12.38,0.73,0.00,0.05
22.58,123.75,-0.50,12.38,0.74,0.00,0.05
22.60,123.00,-0.50,12.38,0.75,0.00,0.05
22.62,122.19,-0.56,12.38,0.76,0.00,0.05
22.64,121.31,-0.63,12.38,0.77,0.00,0.05
22.66,120.50,-0.63,12.38,0.76,0.00,0.05
22.68,119.69,-0.63,12.38,0.75,0.00,0.04
22.70,118.44,-0.63,12.38,0.76,0.01,0.04
22.72,117.63,-0.63,12.31,0.77,0.00,0.05
22.74,116.75,-0.69,12.31,0.77,0.00,0.04
22.76,115.94,-0.69,12.31,0.75,-0.00,0.04
22.78,115.13,-0.69,12.31,0.74,-0.01,0.04
22.80,114.75,-0.69,12.31,0.73,0.00,0.04
22.82,114.00,-0.63,12.38,0.72,0.01,0.05
22.84,113.19,-0.63,12.31,0.73,0.00,0.04
22.86,112.38,-0.69,12.31,0.74,0.00,0.05
22.88,111.56,-0.69,12.31,0.75,0.00,0.05
22.89,110.75,-0.75,12.31,0.75,-0.00,0.05
22.91,109.94,-0.69,12.31,0.75,0.00,0.04
22.93,109.13,-0.69,12.31,0.76,0.01,0.05
22.95,108.31,-0.69,12.25,0.76,0.00,0.04
22.97,107.88,-0.69,12.25,0.74,0.01,0.04
22.99,107.13,-0.69,12.25,0.73,-0.00,0.04
23.01,106.31,-0.69,12.25,0.74,0.00,0.04
23.03,105.50,-0.75,12.25,0.76,0.01,0.04
23.04,104.69,-0.75,12.25,0.78,0.01,0.05
23.06,103.81,-0.81,12.25,0.75,0.00,0.04
23.08,103.00,-0.81,12.25,0.74,0.00,0.05
23.10,102.25,-0.81,12.25,0.73,-0.00,0.04
23.12,101.81,-0.88,12.19,0.73,0.00,0.05
23.14,101.06,-0.88,12.19,0.74,0.01,0.05
23.16,100.25,-0.88,12.19,0.73,0.01,0.04
23.18,99.44,-0.94,12.19,0.73,0.00,0.04
23.20,98.63,-0.94,12.19,0.74,-0.00,0.05
23.22,97.81,-1.00,12.13,0.76,0.00,0.05
23.23,97.00,-1.00,12.13,0.77,0.00,0.05
23.26,96.19,-1.06,12.13,0.76,0.00,0.04
23.27,95.31,-1.00,12.13,0.76,0.00,0.05
23.29,94.50,-1.00,12.06,0.76,0.00,0.04
23.31,93.69,-1.06,12.06,0.73,0.00,0.04
23.33,92.94,-1.00,12.06,0.71,0.00,0.04
23.35,92.19,-1.06,12.06,0.71,0.00,0.04
23.37,91.81,-1.06,12.06,0.72,0.01,0.05
23.39,91.00,-1.06,12.00,0.76,0.01,0.05
23.41,90.19,-1.13,12.00,0.76,0.00,0.05
23.42,89.31,-1.19,12.00,0.76,0.00,0.05
23.44,88.56,-1.19,11.94,0.73,-0.00,0.05
23.46,87.81,-1.25,11.94,0.69,-0.00,0.04
23.48,87.00,-1.44,11.88,0.70,0.00,0.04
23.50,86.25,-1.38,11.88,0.72,0.01,0.04
23.52,85.88,-1.44,11.88,0.72,0.01,0.05
23.54,85.06,-1.44,11.81,0.70,0.00,0.04
23.56,84.31,-1.44,11.81,0.71,-0.00,0.04
23.58,83.50,-1.50,11.81,0.76,-0.00,0.05
23.60,82.25,-1.50,11.75,0.75,0.00,0.05
23.62,81.44,-1.44,11.75,0.73,0.00,0.05
23.64,80.69,-1.44,11.75,0.70,0.00,0.04
23.66,80.31,-1.44,11.75,0.71,0.01,0.04
23.68,79.56,-1.44,11.69,0.73,0.01,0.05
23.70,78.75,-1.44,11.69,0.75,0.01,0.05
23.72,77.88,-1.50,11.63,0.77,0.01,0.05
23.74,77.06,-1.50,11.63,0.80,-0.00,0.05
23.76,76.19,-1.56,11.63,0.78,-0.01,0.05
23.78,75.38,-1.56,11.56,0.75,-0.00,0.04
23.80,74.56,-1.50,11.56,0.72,0.00,0.04
23.81,73.81,-1.50,11.56,0.71,0.01,0.04
23.83,73.00,-1.56,11.50,0.74,0.01,0.05
23.85,72.19,-1.63,11.50,0.76,0.01,0.05
23.87,71.31,-1.75,11.44,0.76,-0.00,0.05
23.89,70.50,-1.75,11.44,0.77,-0.01,0.05
23.91,70.06,-1.81,11.38,0.75,-0.01,0.05
23.93,69.25,-2.00,11.31,0.73,0.00,0.04
23.95,68.44,-2.00,11.25,0.72,0.01,0.04
23.97,67.69,-2.13,11.19,0.73,0.01,0.04
23.99,66.81,-2.31,11.13,0.75,0.02,0.05
24.01,66.00,-2.50,11.00,0.76,0.01,0.05
24.03,65.19,-2.44,11.00,0.70,-0.00,0.04
24.04,64.50,-2.38,11.00,0.67,-0.01,0.03
24.06,63.75,-2.25,11.00,0.72,0.00,0.05
24.08,62.88,-2.25,11.00,0.78,0.01,0.05
24.10,62.50,-2.13,11.00,0.79,0.02,0.06
24.12,61.63,-2.13,10.94,0.68,0.00,0.03
24.14,60.94,-2.00,11.00,0.52,-0.02,0.03
24.16,60.44,-1.81,11.06,0.46,-0.03,0.02
24.17,60.25,-1.88,11.00,0.11,-0.02,0.01
24.19,60.00,-1.88,11.00,0.12,-0.01,-0.03
24.21,59.94,-1.88,11.00,-0.02,0.04,0.01
24.23,59.94,-1.94,11.00,-0.05,0.04,-0.00
24.25,60.06,-1.94,11.00,-0.08,0.02,-0.01
24.27,60.13,-1.94,11.00,-0.05,0.01,0.01
24.29,60.19,-1.94,11.00,-0.00,-0.02,0.01
24.31,60.19,-1.94,11.00,0.00,-0.02,0.01
24.32,60.19,-1.88,11.00,0.01,-0.03,0.01
24.35,60.19,-1.88,11.00,-0.00,-0.02,0.01
24.36,60.19,-1.88,11.00,-0.00,0.00,-0.00
24.39,60.19,-1.88,11.00,0.00,0.02,0.00
24.41,60.19,-1.94,11.00,0.00,0.03,-0.01
24.42,60.19,-1.94,11.00,-0.00,0.01,-0.01
24.44,60.19,-1.94,11.06,-0.00,-0.01,-0.01
24.46,60.19,-1.88,11.00,0.00,-0.01,0.00
24.48,60.19,-1.88,11.00,0.01,-0.02,0.00
24.50,60.19,-1.88,11.00,0.00,-0.01,0.00
24.52,60.19,-1.88,11.00,-0.01,0.01,0.01
24.54,60.19,-1.56,11.13,0.00,0.02,0.01
24.56,60.25,-1.38,11.19,0.00,0.01,0.01
24.57,60.25,-1.38,11.19,0.00,0.01,0.00
24.60,60.25,-1.38,11.19,-0.00,-0.01,0.01
24.61,60.25,-1.25,11.25,-0.00,-0.01,0.00
24.64,60.25,-1.06,11.25,0.00,-0.01,-0.00
24.66,60.31,-0.75,11.38,-0.00,0.00,-0.00
24.68,60.31,-0.63,11.38,0.00,0.01,-0.01
24.70,60.31,-0.56,11.44,0.00,0.01,-0.00
24.72,60.31,-0.50,11.44,0.00,0.00,-0.00
24.74,60.31,-0.44,11.50,0.00,-0.01,0.00
24.76,60.31,-0.38,11.50,0.00,-0.01,0.00
24.78,60.31,-0.25,11.56,-0.00,-0.01,0.01
24.80,60.38,-0.13,11.56,-0.00,-0.00,0.00
24.82,60.38,0.00,11.63,-0.00,0.00,0.01
24.84,60.38,0.00,11.63,-0.00,0.01,0.01
24.86,60.38,0.06,11.69,0.00,0.01,0.00
24.88,60.38,0.13,11.69,-0.00,0.00,-0.00
24.89,60.38,0.19,11.69,-0.00,-0.00,0.00
24.91,60.38,0.25,11.75,-0.00,-0.01,-0.01
24.93,60.38,0.31,11.75,0.00,-0.00,-0.01
24.95,60.38,0.31,11.75,-0.00,0.00,-0.00
24.97,60.44,0.38,11.75,0.00,0.00,-0.00
24.99,60.44,0.44,11.81,-0.00,0.01,0.00
25.01,60.44,0.50,11.81,0.00,0.00,0.01
25.03,60.44,0.50,11.81,-0.00,-0.01,0.01
25.05,60.44,0.56,11.81,0.00,-0.01,0.00
25.07,60.44,0.56,11.88,-0.00,-0.00,0.00
25.09,60.44,0.63,11.88,-0.00,0.00,0.00
25.11,60.44,0.69,11.88,0.00,0.00,0.00
25.14,60.44,0.75,11.88,0.00,0.01,-0.00
25.16,60.44,0.75,11.94,0.00,-0.00,-0.00
25.18,60.44,0.81,11.94,-0.00,-0.01,-0.01
25.20,60.44,0.81,11.94,0.00,-0.00,0.00
25.22,60.44,0.88,11.94,0.00,0.00,0.00
25.24,60.44,0.88,11.94,-0.00,-0.00,0.00
25.26,60.44,0.94,12.00,0.00,0.00,0.00
25.28,60.44,0.94,12.00,-0.00,0.00,0.01
25.30,60.44,1.00,12.00,0.00,0.00,0.00
25.32,60.44,1.00,12.00,0.00,-0.00,0.00
25.34,60.50,1.00,12.00,0.00,-0.00,0.00
25.36,60.50,1.06,12.00,0.00,-0.00,0.00
25.38,60.50,1.06,12.00,-0.00,0.00,-0.00
25.40,60.50,1.13,12.06,-0.00,0.00,-0.00
25.42,60.50,1.13,12.06,0.00,0.00,-0.00
25.44,60.50,1.13,12.06,-0.00,0.00,-0.00
25.46,60.50,1.13,12.06,0.00,0.00,0.00
25.48,60.50,1.19,12.06,0.00,-0.01,0.00
25.50,60.50,1.19,12.06,-0.00,-0.00,0.00
25.52,60.50,1.19,12.06,-0.00,0.00,0.00
25.54,60.50,1.25,12.06,0.00,0.00,-0.00
25.56,60.50,1.25,12.06,0.00,0.00,0.00
25.57,60.50,1.25,12.13,-0.00,0.00,-0.00
25.59,60.50,1.25,12.13,0.00,-0.00,-0.00
25.61,60.50,1.31,12.13,0.00,-0.00,-0.00
25.63,60.50,1.31,12.13,0.00,-0.00,0.00
25.65,60.50,1.31,12.13,0.00,0.00,-0.00
25.67,60.50,1.31,12.13,-0.00,0.00,0.00
25.69,60.50,1.38,12.13,-0.00,0.00,0.00
25.71,60.50,1.38,12.13,0.00,0.00,0.00
25.73,60.50,1.38,12.13,-0.00,-0.00,0.00
25.75,60.50,1.38,12.13,-0.00,-0.00,0.00
25.77,60.50,1.38,12.13,0.00,-0.00,0.00
25.79,60.50,1.44,12.13,0.00,0.00,-0.00
25.81,60.50,1.44,12.13,0.00,-0.00,0.00
25.82,60.50,1.44,12.19,0.00,0.00,0.00
25.84,60.50,1.44,12.19,0.00,0.00,-0.00
25.86,60.50,1.44,12.19,0.00,-0.00,-0.00
25.88,60.50,1.44,12.19,0.00,-0.00,-0.00
25.90,60.50,1.44,12.19,-0.00,0.00,0.00
25.92,60.50,1.50,12.19,-0.00,-0.00,0.00
25.94,60.50,1.50,12.19,-0.00,0.00,0.01
25.96,60.50,1.50,12.19,0.00,0.00,0.00
25.98,60.50,1.50,12.19,0.00,-0.00,0.00
26.01,60.50,1.50,12.19,-0.00,0.00,-0.00
26.02,60.50,1.56,12.19,-0.00,-0.00,-0.00
26.04,60.50,1.56,12.19,-0.00,0.00,-0.00
26.06,60.50,1.56,12.19,0.00,0.00,-0.00
26.08,60.50,1.56,12.19,-0.00,0.00,-0.00
26.10,60.50,1.56,12.19,0.00,0.00,0.00
26.12,60.50,1.56,12.19,0.00,0.00,0.00
26.14,60.50,1.56,12.25,0.00,0.00,0.00
26.16,60.50,1.56,12.25,-0.00,-0.00,0.00
26.18,60.50,1.63,12.25,0.00,-0.00,0.00
26.20,60.56,1.63,12.25,-0.00,-0.00,-0.00
26.22,60.56,1.63,12.25,0.00,0.00,0.00
26.24,60.56,1.63,12.25,0.00,0.00,0.00
26.26,60.56,1.63,12.25,0.00,-0.00,-0.00
26.28,60.56,1.63,12.25,-0.00,0.00,-0.00
26.30,60.56,1.63,12.25,0.00,-0.00,-0.00
26.32,60.56,1.63,12.25,0.00,-0.01,-0.00
26.34,60.56,1.69,12.25,0.00,-0.00,0.00
26.36,60.56,1.69,12.25,0.00,0.00,0.00
26.39,60.56,1.69,12.25,0.00,0.00,0.00
26.41,60.56,1.69,12.25,-0.00,0.00,-0.00
26.43,60.56,1.69,12.25,-0.00,0.00,-0.00
26.45,60.56,1.69,12.25,-0.00,0.00,0.00
26.47,60.56,1.69,12.25,-0.00,0.00,-0.00
26.49,60.56,1.69,12.25,-0.02,-0.00,0.00
26.51,60.75,1.75,12.25,-0.40,-0.00,-0.01
26.53,61.00,1.88,12.25,-0.18,-0.05,-0.00
26.55,61.44,1.94,12.31,-0.39,0.02,-0.02
26.56,61.81,2.00,12.31,-0.32,0.04,-0.02
26.58,62.06,2.00,12.31,-0.19,0.03,0.00
26.60,62.13,2.00,12.31,-0.05,0.02,-0.01
26.62,62.13,2.00,12.31,-0.04,0.00,0.01
26.64,62.19,2.00,12.31,-0.02,-0.03,0.01
26.66,62.19,2.06,12.31,-0.04,-0.04,0.00
26.67,62.25,2.13,12.31,-0.00,-0.04,0.01
26.69,62.19,2.13,12.31,0.02,0.00,-0.00
26.71,62.19,2.06,12.31,0.03,0.03,-0.01
26.73,62.19,2.06,12.31,0.01,0.03,-0.01
26.75,62.19,2.06,12.31,-0.02,0.02,-0.02
26.77,62.19,2.00,12.31,-0.03,0.00,-0.02
26.79,62.19,2.06,12.31,-0.03,-0.02,-0.00
26.81,62.25,2.06,12.31,-0.00,-0.01,-0.00
26.82,62.19,2.06,12.31,0.02,-0.01,0.01
26.85,62.19,2.06,12.31,0.02,-0.00,0.01
26.86,62.19,2.06,12.31,0.01,0.01,0.01
26.88,62.19,2.06,12.31,-0.00,0.01,0.00
26.90,62.19,2.06,12.31,-0.02,-0.00,-0.00
26.92,62.19,2.06,12.31,-0.02,-0.01,-0.00
26.94,62.25,2.06,12.31,-0.00,-0.01,0.00
26.96,62.25,2.06,12.31,0.01,-0.01,0.00
26.98,62.25,2.06,12.31,0.01,0.00,-0.00
27.00,62.19,2.13,12.31,0.01,0.00,-0.01
27.02,62.25,2.13,12.31,-0.04,-0.00,-0.01
27.04,62.69,2.19,12.31,-0.44,-0.02,0.00
27.06,63.31,2.44,12.38,-0.46,-0.01,-0.05
27.08,64.00,2.50,12.38,-0.69,0.04,-0.05
27.10,64.44,2.56,12.38,-0.67,0.03,-0.02
27.12,65.19,2.75,12.38,-0.75,0.02,-0.07
27.14,66.00,2.88,12.44,-0.74,0.01,-0.02
27.16,66.88,3.06,12.44,-0.75,-0.01,-0.03
27.18,67.69,3.25,12.38,-0.75,-0.02,-0.03
27.20,68.50,3.44,12.38,-0.70,-0.03,-0.04
27.22,69.31,3.69,12.38,-0.74,-0.02,-0.03
27.24,70.06,3.81,12.38,-0.71,0.00,-0.05
27.26,70.88,4.00,12.38,-0.71,0.01,-0.04
27.28,71.69,4.13,12.38,-0.75,0.01,-0.05
27.30,72.56,4.31,12.38,-0.77,-0.00,-0.07
27.32,73.44,4.50,12.38,-0.79,-0.01,-0.06
27.34,74.31,4.75,12.38,-0.82,-0.01,-0.06
27.35,75.25,4.94,12.38,-0.82,-0.00,-0.06
27.37,76.13,5.13,12.38,-0.81,-0.00,-0.05
27.39,77.06,5.25,12.31,-0.81,0.02,-0.05
27.41,77.50,5.31,12.38,-0.78,0.00,-0.03
27.43,78.31,5.38,12.38,-0.77,-0.01,-0.04
27.45,79.19,5.38,12.31,-0.77,-0.01,-0.05
27.47,80.00,5.50,12.31,-0.77,-0.02,-0.04
27.49,80.81,5.69,12.31,-0.74,-0.01,-0.04
27.51,81.63,5.88,12.25,-0.71,0.00,-0.05
27.53,82.38,5.94,12.25,-0.66,0.01,-0.04
27.54,83.06,6.00,12.25,-0.64,0.00,-0.04
27.56,83.44,5.94,12.25,-0.68,-0.00,-0.05
27.58,84.19,6.13,12.25,-0.71,-0.01,-0.05
27.60,85.00,6.25,12.25,-0.72,-0.01,-0.05
27.62,85.75,6.31,12.19,-0.72,-0.00,-0.05
27.64,86.56,6.38,12.19,-0.73,0.00,-0.05
27.66,87.44,6.44,12.19,-0.78,0.00,-0.05
27.68,88.31,6.50,12.19,-0.81,0.00,-0.05
27.70,89.19,6.56,12.19,-0.82,-0.01,-0.04
27.72,90.13,6.56,12.19,-0.83,-0.01,-0.04
27.73,91.00,6.63,12.19,-0.82,-0.01,-0.05
27.75,91.88,6.63,12.19,-0.77,-0.00,-0.04
27.77,92.25,6.63,12.19,-0.73,0.00,-0.04
27.79,93.06,6.69,12.19,-0.71,0.00,-0.04
27.81,93.81,6.69,12.19,-0.72,-0.01,-0.05
27.83,94.63,6.69,12.19,-0.73,-0.01,-0.05
27.85,95.44,6.69,12.19,-0.74,-0.01,-0.05
27.87,96.19,6.75,12.19,-0.73,-0.00,-0.06
27.88,97.00,6.81,12.19,-0.73,0.00,-0.05
27.90,97.81,6.81,12.19,-0.73,0.01,-0.05
27.92,98.19,6.81,12.19,-0.73,0.00,-0.04
27.94,99.00,6.81,12.25,-0.74,-0.01,-0.04
27.96,99.81,6.81,12.25,-0.74,-0.01,-0.04
27.98,100.56,6.81,12.25,-0.74,-0.01,-0.04
28.00,101.38,6.88,12.19,-0.73,-0.00,-0.04
28.02,102.19,6.94,12.19,-0.74,0.00,-0.04
28.04,103.00,7.00,12.19,-0.75,-0.00,-0.05
28.06,103.81,7.00,12.19,-0.75,-0.00,-0.05
28.07,104.63,7.00,12.19,-0.75,-0.01,-0.05
28.09,105.44,7.06,12.19,-0.75,-0.01,-0.05
28.11,105.88,7.06,12.19,-0.75,-0.01,-0.05
28.13,106.69,7.13,12.19,-0.74,0.00,-0.05
28.15,107.50,7.13,12.19,-0.74,0.00,-0.05
28.17,108.31,7.19,12.19,-0.74,-0.00,-0.04
28.19,109.13,7.19,12.19,-0.74,-0.01,-0.04
28.21,109.94,7.19,12.19,-0.75,-0.01,-0.04
28.23,110.75,7.25,12.19,-0.75,-0.00,-0.04
28.24,111.56,7.25,12.19,-0.75,-0.00,-0.04
28.26,112.38,7.31,12.19,-0.75,-0.00,-0.04
28.28,112.75,7.31,12.13,-0.75,0.00,-0.04
28.31,114.00,7.31,12.19,-0.75,-0.01,-0.05
28.33,114.81,7.31,12.19,-0.75,-0.01,-0.05
28.34,115.63,7.38,12.19,-0.75,-0.00,-0.05
28.36,116.00,7.38,12.19,-0.74,-0.00,-0.05
28.38,116.81,7.38,12.19,-0.74,-0.00,-0.05
28.40,117.63,7.38,12.19,-0.74,-0.01,-0.04
28.42,118.44,7.44,12.19,-0.76,-0.00,-0.05
28.44,119.31,7.44,12.19,-0.79,-0.00,-0.05
28.46,120.19,7.50,12.19,-0.81,-0.00,-0.05
28.48,121.00,7.50,12.19,-0.79,0.00,-0.05
28.50,121.88,7.50,12.19,-0.78,0.00,-0.04
28.52,122.69,7.50,12.19,-0.77,-0.00,-0.04
28.54,123.50,7.44,12.19,-0.75,-0.01,-0.04
28.56,124.31,7.38,12.19,-0.70,-0.00,-0.04
28.58,125.06,7.31,12.25,-0.69,-0.00,-0.04
28.60,125.75,7.31,12.25,-0.69,0.00,-0.04
28.62,126.50,7.31,12.25,-0.71,-0.00,-0.05
28.64,127.31,7.38,12.25,-0.74,-0.01,-0.05
28.66,128.13,7.38,12.25,-0.75,-0.00,-0.05
28.68,128.94,7.44,12.25,-0.77,0.00,-0.05
28.70,129.81,7.44,12.25,-0.79,-0.00,-0.05
28.72,130.69,7.50,12.31,-0.79,0.00,-0.05
28.73,131.50,7.44,12.31,-0.77,-0.00,-0.04
28.75,132.31,7.44,12.31,-0.76,-0.00,-0.03
28.77,132.75,7.44,12.31,-0.75,-0.00,-0.04
28.79,133.56,7.44,12.31,-0.75,-0.00,-0.04
28.81,134.38,7.44,12.31,-0.74,0.00,-0.04
28.83,135.13,7.44,12.31,-0.74,-0.00,-0.04
28.85,135.94,7.44,12.31,-0.73,-0.00,-0.05
28.87,136.75,7.44,12.31,-0.73,-0.01,-0.05
28.89,137.50,7.44,12.31,-0.73,-0.01,-0.05
28.91,138.31,7.44,12.31,-0.72,-0.00,-0.05
28.92,139.06,7.44,12.38,-0.71,0.00,-0.05
28.94,139.44,7.44,12.38,-0.70,-0.00,-0.04
28.96,140.25,7.44,12.38,-0.71,-0.00,-0.04
28.98,141.00,7.44,12.38,-0.74,-0.00,-0.04
29.00,141.81,7.50,12.38,-0.75,0.00,-0.04
29.02,142.63,7.50,12.38,-0.75,-0.00,-0.04
29.04,143.44,7.50,12.38,-0.74,0.00,-0.04
29.06,144.19,7.50,12.38,-0.74,0.00,-0.04
29.08,145.06,7.56,12.38,-0.78,-0.00,-0.05
29.10,145.94,7.56,12.38,-0.80,-0.01,-0.05
29.12,146.81,7.63,12.38,-0.78,-0.01,-0.05
29.14,147.63,7.63,12.38,-0.78,0.00,-0.05
29.16,148.50,7.63,12.44,-0.76,0.00,-0.04
29.18,149.31,7.69,12.38,-0.74,0.00,-0.04
29.20,150.13,7.69,12.38,-0.73,0.01,-0.04
29.22,150.88,7.69,12.44,-0.72,0.01,-0.04
29.24,151.63,7.69,12.44,-0.67,0.01,-0.03
29.26,152.31,7.69,12.38,-0.65,0.01,-0.03
29.28,153.06,7.63,12.38,-0.65,0.02,-0.03
29.30,153.75,7.63,12.38,-0.65,0.02,-0.03
29.31,154.50,7.69,12.38,-0.72,0.01,-0.05
29.33,155.31,7.69,12.38,-0.74,0.01,-0.05
29.35,156.13,7.69,12.38,-0.75,0.01,-0.04
29.37,156.56,7.69,12.38,-0.77,0.01,-0.05
29.39,157.38,7.69,12.38,-0.77,0.01,-0.05
29.41,158.19,7.69,12.38,-0.76,0.01,-0.04
29.43,159.00,7.69,12.38,-0.76,0.01,-0.04
29.45,159.88,7.69,12.38,-0.76,0.00,-0.05
29.47,160.69,7.63,12.38,-0.75,-0.00,-0.04
29.48,161.50,7.63,12.38,-0.76,0.00,-0.05
29.51,162.31,7.63,12.38,-0.76,-0.01,-0.05
29.52,162.69,7.69,12.38,-0.77,-0.01,-0.05
29.54,163.56,7.69,12.38,-0.77,-0.01,-0.05
29.56,164.38,7.75,12.38,-0.75,0.00,-0.05
29.58,165.19,7.75,12.38,-0.72,0.01,-0.05
29.60,165.94,7.75,12.38,-0.73,-0.00,-0.05
29.62,166.75,7.81,12.38,-0.75,0.00,-0.05
29.64,167.56,7.81,12.38,-0.77,-0.01,-0.05
29.66,168.44,7.81,12.38,-0.76,0.00,-0.04
29.68,169.25,7.81,12.38,-0.75,0.00,-0.04
29.70,170.06,7.88,12.38,-0.74,0.00,-0.04
29.72,170.88,7.88,12.31,-0.76,-0.00,-0.04
29.73,171.69,7.88,12.38,-0.76,-0.01,-0.05
29.75,172.50,7.88,12.31,-0.73,-0.00,-0.04
29.77,172.88,7.88,12.31,-0.72,0.00,-0.05
29.79,173.69,7.88,12.31,-0.73,-0.00,-0.05
29.81,174.44,7.88,12.31,-0.74,-0.00,-0.05
29.83,175.25,7.94,12.31,-0.76,-0.01,-0.05
29.85,176.13,7.94,12.31,-0.76,-0.01,-0.05
29.87,176.94,8.00,12.31,-0.74,0.00,-0.04
29.89,177.69,8.00,12.31,-0.74,0.01,-0.04
29.92,178.94,8.06,12.31,-0.74,-0.00,-0.04
29.93,179.75,8.06,12.25,-0.75,-0.00,-0.04
29.95,180.13,8.06,12.25,-0.75,-0.00,-0.04
29.97,180.94,8.13,12.25,-0.74,0.00,-0.04
29.99,181.75,8.13,12.25,-0.72,0.00,-0.05
30.01,182.50,8.13,12.25,-0.72,-0.00,-0.04
30.03,183.31,8.19,12.19,-0.75,-0.00,-0.05
30.05,184.13,8.25,12.19,-0.75,-0.00,-0.05
30.07,184.94,8.25,12.19,-0.74,-0.00,-0.05
30.09,185.75,8.25,12.19,-0.72,0.00,-0.04
30.11,186.50,8.25,12.19,-0.71,0.01,-0.04
30.13,187.31,8.25,12.19,-0.72,-0.01,-0.04
30.15,188.06,8.25,12.19,-0.73,-0.01,-0.05
30.16,188.50,8.25,12.19,-0.75,-0.01,-0.05
30.18,189.31,8.31,12.13,-0.78,-0.00,-0.05
30.20,190.19,8.31,12.13,-0.79,0.00,-0.05
30.22,191.00,8.38,12.13,-0.75,0.01,-0.05
30.24,191.81,8.38,12.13,-0.74,0.01,-0.04
30.26,192.63,8.38,12.13,-0.73,0.00,-0.04
30.28,193.38,8.31,12.06,-0.72,-0.01,-0.04
30.30,194.13,8.31,12.06,-0.71,-0.01,-0.04
30.31,194.94,8.38,12.06,-0.73,-0.02,-0.05
30.33,195.38,8.38,12.06,-0.74,-0.01,-0.05
30.35,196.19,8.50,12.06,-0.73,0.00,-0.05
30.37,196.94,8.56,12.00,-0.72,0.01,-0.05
30.39,197.75,8.56,12.00,-0.71,0.01,-0.04
30.41,198.50,8.63,11.94,-0.69,0.00,-0.04
30.43,199.31,8.81,11.88,-0.71,-0.01,-0.04
30.45,200.13,8.81,11.88,-0.77,-0.02,-0.05
30.47,200.94,8.94,11.88,-0.78,-0.01,-0.05
30.48,201.81,9.00,11.81,-0.74,-0.00,-0.05
30.50,202.63,9.00,11.81,-0.72,0.01,-0.04
30.52,203.00,9.00,11.81,-0.72,0.01,-0.04
30.54,203.75,8.94,11.81,-0.75,0.01,-0.05
30.56,204.56,8.88,11.81,-0.74,-0.01,-0.05
30.58,205.38,8.88,11.75,-0.75,-0.02,-0.05
30.60,206.19,8.88,11.75,-0.75,-0.02,-0.05
30.62,207.00,8.94,11.75,-0.75,-0.01,-0.04
30.64,207.81,9.00,11.75,-0.75,0.00,-0.05
30.66,208.63,9.00,11.75,-0.74,0.01,-0.04
30.68,209.44,8.94,11.69,-0.74,0.00,-0.04
30.70,210.69,8.94,11.69,-0.79,-0.01,-0.05
30.72,211.13,8.94,11.69,-0.78,-0.01,-0.05
30.74,211.94,8.94,11.69,-0.74,-0.00,-0.04
30.76,212.69,8.88,11.69,-0.71,0.00,-0.04
30.78,213.44,8.88,11.69,-0.69,0.01,-0.04
30.80,214.19,8.75,11.69,-0.65,0.00,-0.04
30.82,214.81,8.63,11.69,-0.64,-0.00,-0.04
30.84,215.63,8.69,11.69,-0.73,-0.02,-0.05
30.86,216.44,8.69,11.69,-0.75,-0.02,-0.05
30.88,217.25,8.75,11.69,-0.78,-0.00,-0.05
30.90,218.13,8.94,11.63,-0.78,0.01,-0.05
30.92,219.00,9.06,11.50,-0.77,0.02,-0.05
30.94,219.81,9.25,11.44,-0.76,0.01,-0.04
30.95,220.69,9.25,11.38,-0.77,-0.01,-0.04
30.97,221.50,9.19,11.38,-0.78,-0.02,-0.05
30.99,221.94,9.19,11.38,-0.76,-0.02,-0.04
31.01,222.75,9.19,11.38,-0.74,-0.01,-0.04
31.03,223.56,9.19,11.38,-0.73,0.01,-0.04
31.05,224.31,9.19,11.38,-0.74,0.00,-0.05
31.07,225.13,9.13,11.38,-0.75,0.00,-0.05
31.09,225.94,9.06,11.38,-0.75,-0.00,-0.05
31.11,226.75,9.00,11.38,-0.74,-0.00,-0.05
31.13,227.50,8.88,11.44,-0.72,-0.01,-0.05
31.15,228.31,8.88,11.44,-0.75,-0.01,-0.05
31.16,228.75,8.88,11.44,-0.77,-0.01,-0.05
31.18,229.56,8.88,11.44,-0.75,0.00,-0.04
31.20,230.38,8.88,11.44,-0.71,0.01,-0.04
31.22,231.13,8.81,11.44,-0.69,0.01,-0.04
31.24,231.88,8.69,11.44,-0.68,0.00,-0.04
31.26,232.63,8.63,11.44,-0.71,-0.01,-0.04
31.28,233.44,8.69,11.44,-0.77,-0.02,-0.05
31.30,234.31,8.75,11.44,-0.78,-0.01,-0.05
31.31,235.13,8.81,11.38,-0.73,0.01,-0.05
31.33,235.50,8.81,11.38,-0.72,0.02,-0.04
31.35,236.31,8.75,11.38,-0.76,-0.00,-0.05
31.37,237.13,8.69,11.44,-0.76,-0.01,-0.05
31.39,237.94,8.63,11.44,-0.73,-0.01,-0.05
31.41,238.69,8.63,11.44,-0.73,-0.02,-0.04
31.43,239.50,8.69,11.38,-0.73,0.00,-0.04
31.45,240.31,8.69,11.38,-0.75,0.00,-0.04
31.47,241.13,8.75,11.38,-0.74,0.01,-0.04
31.49,241.94,8.75,11.31,-0.73,0.00,-0.05
31.51,242.75,8.94,11.25,-0.76,-0.01,-0.05
31.52,243.19,8.94,11.25,-0.77,-0.02,-0.05
31.54,244.44,8.81,11.25,-0.76,-0.00,-0.05
31.56,244.81,8.81,11.25,-0.72,0.00,-0.04
31.58,245.56,8.81,11.25,-0.68,0.01,-0.05
31.60,246.25,8.69,11.25,-0.52,0.01,-0.03
31.62,246.75,8.75,11.19,-0.43,0.01,-0.03
31.64,247.13,8.88,11.13,-0.33,-0.01,-0.01
31.66,247.38,8.94,11.13,-0.27,-0.04,-0.03
31.68,247.56,9.06,11.13,-0.12,-0.04,-0.00
31.70,247.63,9.06,11.06,-0.04,0.01,0.02
31.71,247.63,9.06,11.06,0.06,0.02,0.01
31.73,247.50,9.00,11.06,0.13,0.03,-0.00
31.75,247.38,8.94,11.13,0.16,0.03,-0.01
31.77,247.19,8.88,11.13,0.16,0.02,0.00
31.79,247.00,8.88,11.19,0.14,-0.01,0.01
31.81,246.88,8.88,11.19,0.10,-0.03,-0.00
31.83,246.81,8.88,11.19,0.04,-0.03,-0.01
31.85,246.81,8.88,11.19,-0.01,0.00,0.00
31.86,246.88,8.88,11.19,-0.02,0.03,0.00
31.88,246.88,8.81,11.19,-0.01,0.03,0.01
31.90,246.88,8.69,11.25,-0.00,0.02,0.00
31.92,246.88,8.69,11.25,-0.00,-0.01,0.01
31.94,246.88,8.69,11.25,-0.00,-0.02,0.01
31.96,246.88,8.69,11.25,0.01,-0.02,0.00
31.98,246.88,8.69,11.25,0.01,-0.01,0.00
32.00,246.88,8.69,11.25,0.00,0.01,-0.00
32.02,246.81,8.63,11.25,-0.01,0.02,-0.00
32.04,246.81,8.44,11.31,-0.01,0.01,-0.01
32.06,246.88,8.44,11.31,-0.01,0.01,-0.01
32.08,246.81,8.50,11.31,0.00,-0.01,-0.01
32.10,246.81,8.38,11.31,0.01,-0.02,0.00
32.12,246.81,8.31,11.38,0.01,-0.01,0.00
32.14,246.81,8.31,11.38,0.00,0.00,0.00
32.16,246.81,8.25,11.38,-0.01,0.01,0.00
32.18,246.81,8.13,11.44,-0.01,0.01,0.00
32.20,246.75,7.94,11.50,0.00,-0.00,0.00
32.22,246.75,7.75,11.56,0.00,-0.01,0.00
32.24,246.75,7.63,11.56,0.00,-0.01,0.00
32.26,246.75,7.56,11.63,0.00,-0.01,-0.00
32.28,246.69,7.50,11.63,0.00,0.00,-0.00
32.30,246.69,7.44,11.63,0.00,0.01,-0.01
32.32,246.69,7.38,11.69,-0.00,0.01,-0.01
32.34,246.69,7.25,11.75,-0.00,0.00,0.00
32.36,246.69,7.13,11.75,0.00,-0.01,-0.00
32.38,246.69,7.06,11.81,0.00,-0.01,-0.00
32.40,246.63,7.00,11.81,-0.00,-0.01,0.01
32.42,246.63,7.00,11.81,-0.00,0.00,0.00
32.44,246.63,6.94,11.88,-0.00,0.01,0.00
32.46,246.63,6.88,11.88,-0.00,0.01,0.00
32.48,246.63,6.81,11.88,0.00,-0.00,-0.00
32.50,246.63,6.75,11.88,0.00,-0.01,-0.00
32.52,246.63,6.69,11.94,0.00,-0.00,-0.00
32.54,246.63,6.69,11.94,0.00,0.00,-0.01
32.56,246.63,6.63,11.94,0.00,0.00,-0.01
32.58,246.63,6.63,11.94,-0.00,0.01,-0.00
32.60,246.63,6.56,11.94,-0.00,0.00,-0.00
32.62,246.63,6.56,12.00,0.00,-0.00,0.01
32.64,246.56,6.50,12.00,-0.00,-0.00,0.00
32.66,246.56,6.44,12.00,-0.00,-0.00,0.00
32.68,246.56,6.44,12.00,0.00,-0.00,0.00
32.70,246.56,6.44,12.00,-0.00,0.01,0.00
32.72,246.56,6.38,12.00,-0.00,0.01,-0.00
32.74,246.56,6.38,12.06,0.00,0.00,-0.00
32.76,246.56,6.31,12.06,-0.00,-0.00,-0.00
32.78,246.56,6.31,12.06,0.00,-0.00,-0.00
32.80,246.56,6.25,12.06,0.00,-0.00,-0.00
32.81,246.56,6.25,12.06,0.00,-0.01,-0.00
32.83,246.56,6.25,12.06,-0.00,0.00,0.00
32.85,246.56,6.25,12.06,-0.00,0.00,0.00
32.87,246.56,6.19,12.13,0.00,-0.00,0.00
32.89,246.56,6.19,12.13,-0.00,0.00,0.00
32.91,246.56,6.13,12.13,0.00,-0.01,0.00
32.93,246.56,6.13,12.13,0.00,-0.00,0.00
32.95,246.56,6.13,12.13,0.00,0.00,0.00
32.97,246.56,6.13,12.13,0.00,0.00,-0.00
32.99,246.56,6.06,12.13,0.00,0.01,-0.00
33.01,246.56,6.06,12.13,0.00,0.00,-0.00
33.03,246.56,6.06,12.13,-0.00,0.00,-0.00
33.05,246.50,6.00,12.19,0.00,-0.00,-0.00
33.07,246.50,6.00,12.19,-0.00,-0.00,-0.00
33.09,246.50,6.00,12.19,0.00,-0.00,0.00
33.11,246.50,6.00,12.19,-0.00,0.00,0.00
33.14,246.50,6.00,12.19,0.00,0.01,0.00
33.16,246.50,5.94,12.19,0.00,-0.00,-0.00
33.18,246.50,5.94,12.19,0.00,-0.00,-0.00