0.01,0.00,-0.00,0.00,0.00,-0.00,-0.00
0.02,0.00,-0.00,0.00,0.00,-0.00,0.00
0.04,0.00,-0.00,0.00,-0.00,-0.01,0.00
0.05,0.00,-0.00,0.00,0.00,-0.00,0.00
0.06,0.00,-0.00,0.00,-0.00,-0.00,0.00
0.07,0.00,-0.00,0.00,0.00,-0.00,0.00
0.08,0.00,-0.00,0.00,0.00,-0.01,0.00
0.09,0.00,-0.00,0.00,0.00,-0.01,0.00
0.11,0.00,-0.00,0.00,-0.00,-0.01,0.00
0.12,0.00,-4.81,13.06,-0.00,-0.00,0.00
0.13,0.00,-4.81,13.06,0.00,-0.00,0.00
0.14,0.00,-4.81,13.06,0.00,-0.00,0.00
0.15,0.00,-4.81,13.06,0.00,-0.00,0.00
0.16,-0.06,-4.81,13.06,0.00,-0.00,0.00
0.18,-0.06,-4.81,13.06,-0.00,-0.00,0.00
0.19,-0.06,-4.81,13.06,-0.00,0.00,0.01
0.20,-0.06,-4.81,13.06,0.00,-0.00,0.00
0.21,-0.06,-4.81,13.06,0.00,-0.00,0.00
0.22,-0.06,-4.81,13.06,0.00,-0.01,0.00
0.23,-0.06,-4.81,13.06,0.00,-0.00,0.00
0.25,-0.06,-4.81,13.06,0.00,-0.01,0.00
0.26,-0.06,-4.81,13.06,0.00,-0.01,0.00
0.27,-0.06,-4.81,13.06,0.00,-0.00,0.00
0.28,-0.06,-4.81,13.06,-0.00,-0.00,0.00
0.29,-0.06,-4.81,13.06,0.00,-0.01,0.00
0.30,-0.06,-4.81,13.06,0.00,-0.00,-0.00
0.32,-0.06,-4.81,13.06,0.00,0.00,0.00
0.33,-0.06,-4.81,13.06,0.00,0.00,0.00
0.34,-0.06,-4.81,13.06,0.00,-0.01,0.00
0.35,-0.06,-4.81,13.06,0.00,-0.00,0.00
0.36,-0.06,-4.81,13.06,-0.00,-0.01,0.00
0.38,-0.06,-4.81,13.06,-0.00,-0.01,0.00
0.39,-0.06,-4.81,13.06,-0.00,-0.01,0.00
0.40,-0.06,-4.81,13.06,0.00,-0.00,0.00
0.41,-0.06,-4.81,13.06,0.00,0.00,0.00
0.42,-0.06,-4.81,13.06,0.00,0.00,0.00
0.43,-0.06,-4.81,13.06,-0.00,-0.00,0.00
0.45,-0.06,-4.81,13.06,-0.00,-0.00,0.00
0.46,-0.06,-4.81,13.06,-0.00,-0.01,0.00
0.47,-0.06,-4.81,13.06,-0.00,-0.00,0.00
0.48,-0.06,-4.81,13.06,0.00,-0.00,0.00
0.49,-0.06,-4.81,13.06,0.00,-0.01,0.00
0.50,-0.06,-4.81,13.06,0.00,-0.00,0.00
0.52,-0.06,-4.81,13.06,-0.00,-0.01,-0.00
0.53,-0.06,-4.81,13.06,0.00,-0.00,0.00
0.54,-0.06,-4.81,13.06,-0.00,-0.00,0.00
0.55,-0.06,-4.81,13.06,0.00,-0.00,0.00
0.56,-0.06,-4.81,13.06,-0.00,-0.00,0.00
0.57,-0.06,-4.81,13.06,0.00,-0.00,0.00
0.59,-0.06,-4.81,13.06,0.00,-0.00,0.00
0.60,-0.06,-4.81,13.06,0.00,-0.01,0.00
0.61,-0.06,-4.81,13.06,-0.00,-0.01,0.00
0.62,-0.06,-4.81,13.06,0.00,-0.00,0.00
0.63,-0.06,-4.81,13.06,0.00,-0.01,0.00
0.64,-0.06,-4.81,13.06,0.00,-0.01,0.00
0.66,-0.06,-4.81,13.06,0.00,-0.01,0.00
0.67,-0.06,-4.81,13.06,-0.00,0.00,0.00
0.68,-0.06,-4.81,13.06,-0.00,0.00,-0.00
0.69,-0.06,-4.81,13.06,0.00,0.00,0.00
0.70,-0.06,-4.81,13.06,-0.00,0.00,0.00
0.71,-0.06,-4.81,13.06,-0.00,0.00,0.00
0.73,-0.06,-4.81,13.06,0.00,0.00,0.00
0.74,-0.06,-4.81,13.06,-0.00,-0.00,0.00
0.75,-0.06,-4.81,13.06,-0.00,-0.00,-0.00
0.76,-0.06,-4.81,13.06,0.00,0.00,0.00
0.77,-0.06,-4.81,13.06,0.00,0.00,0.00
0.79,-0.06,-4.81,13.06,0.00,0.00,-0.00
0.80,-0.06,-4.81,13.06,-0.00,-0.00,0.00
0.81,-0.06,-4.81,13.06,0.00,-0.00,0.00
0.82,-0.06,-4.81,13.06,-0.00,0.00,0.00
0.83,-0.06,-4.81,13.06,-0.00,0.00,0.00
0.84,-0.06,-4.81,13.06,-0.00,-0.00,-0.00
0.86,-0.06,-4.81,13.06,0.00,0.00,0.00
0.87,-0.06,-4.81,13.06,-0.00,-0.00,0.00
0.88,-0.06,-4.81,13.06,0.00,-0.00,0.00
0.89,-0.06,-4.81,13.06,0.00,-0.00,0.00
0.90,-0.06,-4.81,13.06,-0.00,0.00,0.00
0.91,-0.06,-4.81,13.06,-0.00,0.00,0.00
0.93,-0.06,-4.81,13.06,0.00,-0.00,0.00
0.94,-0.06,-4.81,13.06,0.00,0.00,0.00
0.95,-0.06,-4.81,13.06,-0.00,-0.00,0.00
0.96,-0.06,-4.81,13.06,-0.00,-0.01,-0.00
0.97,-0.06,-4.81,13.06,0.00,0.00,0.00
0.98,-0.06,-4.81,13.06,0.00,-0.00,-0.00
1.00,-0.06,-4.81,13.06,0.00,-0.00,0.00
1.01,-0.06,-4.81,13.06,-0.00,-0.00,0.00
1.02,-0.06,-4.81,13.06,0.00,-0.00,0.00
1.03,-0.06,-4.81,13.06,0.00,-0.01,0.00
1.04,-0.06,-4.88,13.06,0.00,-0.12,0.01
1.05,-0.06,-5.00,13.00,0.06,-0.26,0.03
1.07,-0.13,-5.19,13.00,0.01,-0.55,0.00
1.08,-0.19,-5.88,13.06,-0.01,-0.68,-0.02
1.09,-0.19,-6.25,13.06,-0.07,-0.75,-0.03
1.10,-0.19,-6.69,13.06,-0.08,-0.79,-0.01
1.11,-0.19,-7.13,13.06,-0.08,-0.81,0.02
1.13,-0.25,-7.63,13.06,-0.03,-0.81,0.02
1.14,-0.25,-8.06,13.06,-0.00,-0.80,-0.00
1.15,-0.38,-8.88,13.13,0.01,-0.77,-0.01
1.16,-0.44,-9.31,13.13,0.04,-0.75,-0.00
1.17,-0.50,-9.69,13.13,0.04,-0.72,0.01
1.18,-0.56,-10.06,13.13,0.05,-0.71,0.03
1.20,-0.63,-10.44,13.13,0.05,-0.72,0.02
1.21,-0.75,-10.81,13.13,0.03,-0.74,0.01
1.22,-0.81,-11.63,13.19,0.00,-0.76,0.00
1.23,-0.88,-12.00,13.19,-0.01,-0.76,0.00
1.24,-0.94,-12.44,13.25,-0.03,-0.77,0.00
1.25,-0.94,-12.88,13.25,-0.04,-0.77,-0.00
1.27,-1.00,-13.31,13.25,-0.02,-0.79,0.01
1.28,-1.00,-13.69,13.31,-0.01,-0.78,0.01
1.29,-1.13,-14.56,13.31,0.01,-0.78,0.01
1.30,-1.19,-14.94,13.38,0.01,-0.76,0.01
1.31,-1.25,-15.38,13.38,0.02,-0.76,0.01
1.32,-1.31,-15.75,13.44,0.02,-0.75,0.01
1.34,-1.38,-16.19,13.44,0.01,-0.75,0.01
1.35,-1.38,-16.56,13.44,-0.00,-0.74,0.01
1.36,-1.50,-17.38,13.50,-0.02,-0.75,0.00
1.37,-1.50,-17.75,13.56,-0.03,-0.76,-0.00
1.38,-1.56,-18.19,13.56,-0.02,-0.77,0.00
1.39,-1.63,-18.63,13.63,-0.01,-0.78,0.00
1.41,-1.63,-19.06,13.63,0.00,-0.79,0.01
1.42,-1.69,-19.50,13.69,0.00,-0.78,0.01
1.43,-1.81,-20.31,13.75,0.00,-0.77,0.02
1.44,-1.88,-20.69,13.75,0.01,-0.75,0.01
1.45,-1.88,-21.06,13.75,0.00,-0.71,-0.00
1.46,-1.94,-21.44,13.81,-0.01,-0.67,-0.01
1.48,-2.00,-21.75,13.88,-0.01,-0.57,0.01
1.49,-2.06,-22.31,13.88,-0.01,-0.51,0.02
1.50,-2.13,-22.56,13.88,-0.00,-0.46,0.02
1.51,-2.13,-22.75,13.94,0.00,-0.42,0.01
1.52,-2.13,-23.00,13.94,0.01,-0.38,0.00
1.54,-2.19,-23.19,14.00,0.00,-0.31,0.01
1.55,-2.19,-23.31,14.00,-0.01,-0.27,0.01
1.56,-2.25,-23.56,14.00,-0.01,-0.23,-0.01
1.57,-2.25,-23.69,14.00,-0.01,-0.20,-0.00
1.58,-2.25,-23.81,14.06,-0.01,-0.17,0.00
1.59,-2.25,-23.88,14.06,-0.00,-0.14,0.00
1.61,-2.25,-23.94,14.06,0.00,-0.10,-0.00
1.62,-2.25,-23.94,14.06,0.00,-0.01,-0.00
1.63,-2.25,-23.94,14.06,0.01,0.02,0.01
1.64,-2.25,-23.94,14.06,0.01,0.04,0.01
1.65,-2.25,-23.88,14.06,0.01,0.05,0.01
1.66,-2.25,-23.88,14.06,0.01,0.04,0.00
1.68,-2.25,-23.88,14.06,0.00,0.01,0.00
1.69,-2.25,-23.88,14.06,-0.01,0.00,-0.00
1.70,-2.25,-23.88,14.06,-0.01,-0.01,-0.00
1.71,-2.25,-23.88,14.00,-0.02,-0.01,-0.01
1.72,-2.25,-23.88,14.00,-0.02,-0.02,-0.01
1.73,-2.25,-23.88,14.00,-0.00,-0.02,0.00
1.75,-2.25,-23.94,14.00,0.01,-0.01,0.00
1.76,-2.25,-23.94,14.00,0.01,-0.00,0.00
1.77,-2.25,-23.94,14.06,0.01,0.01,0.00
1.78,-2.25,-23.94,14.06,0.01,0.01,0.01
1.79,-2.25,-23.88,14.00,0.01,0.01,0.01
1.80,-2.25,-23.88,14.00,0.00,0.01,0.00
1.82,-2.25,-23.88,14.00,-0.00,0.01,-0.01
1.83,-2.25,-23.88,14.00,-0.01,0.01,-0.01
1.84,-2.25,-23.88,14.00,-0.01,-0.00,-0.01
1.85,-2.25,-23.88,14.00,-0.01,-0.01,-0.01
1.86,-2.25,-23.88,14.00,-0.01,-0.01,0.00
1.88,-2.25,-23.88,14.00,0.00,-0.01,0.00
1.89,-2.25,-23.88,14.00,0.01,-0.00,0.00
1.90,-2.25,-23.88,14.00,0.01,0.00,0.00
1.91,-2.25,-23.88,14.00,0.01,0.01,0.00
1.92,-2.25,-23.88,14.00,0.01,0.01,0.00
1.93,-2.25,-23.88,14.00,0.00,0.01,0.00
1.95,-2.25,-23.88,14.00,-0.01,0.01,0.00
1.96,-2.25,-23.88,14.00,-0.01,0.00,-0.00
1.97,-2.25,-23.88,14.00,-0.01,-0.01,-0.00
1.98,-2.25,-23.88,14.00,-0.01,-0.01,-0.00
1.99,-2.25,-23.88,14.00,-0.00,-0.01,0.00
2.00,-2.25,-23.88,14.00,0.00,-0.01,0.00
2.02,-2.25,-23.88,14.00,0.01,0.00,0.01
2.03,-2.25,-23.88,14.00,0.01,0.01,0.00
2.04,-2.25,-23.88,14.00,0.01,0.01,0.00
2.05,-2.25,-23.88,14.00,0.01,0.01,0.00
2.06,-2.25,-23.88,14.00,-0.00,0.01,-0.00
2.07,-2.25,-23.88,14.00,-0.01,0.00,-0.00
2.09,-2.25,-23.88,14.00,-0.01,0.00,-0.00
2.10,-2.25,-23.88,14.00,-0.00,-0.00,-0.00
2.11,-2.25,-23.88,14.00,-0.00,-0.00,-0.00
2.12,-2.25,-23.88,14.00,0.00,-0.01,-0.00
2.13,-2.25,-23.88,14.00,0.00,-0.00,0.00
2.14,-2.25,-23.88,14.00,0.01,0.01,0.00
2.16,-2.25,-23.88,14.00,-0.00,0.00,0.00
2.17,-2.25,-23.88,14.00,-0.00,0.00,-0.00
2.18,-2.25,-23.88,14.00,-0.00,-0.00,-0.00
2.19,-2.25,-23.88,14.00,-0.01,0.00,-0.00
2.20,-2.25,-23.88,14.00,-0.00,-0.00,0.00
2.21,-2.25,-23.88,14.00,-0.00,-0.01,0.01
2.23,-2.25,-23.88,14.00,0.00,-0.00,0.00
2.24,-2.25,-23.88,14.00,0.00,0.00,0.00
2.25,-2.25,-23.88,14.00,0.00,0.01,0.00
2.26,-2.25,-23.88,14.00,-0.00,0.01,-0.00
2.27,-2.25,-23.88,14.00,-0.00,0.00,0.00
2.29,-2.25,-23.88,14.00,-0.00,-0.01,-0.00
2.30,-2.25,-23.88,14.00,-0.00,-0.01,0.00
2.31,-2.25,-23.88,14.00,0.00,-0.01,0.00
2.32,-2.25,-23.88,14.00,-0.00,-0.01,0.00
2.33,-2.25,-23.88,14.00,0.00,-0.00,0.00
2.34,-2.25,-23.88,14.00,-0.00,0.00,-0.00
2.36,-2.25,-23.88,14.00,0.00,0.01,0.00
2.37,-2.25,-23.88,14.00,0.00,-0.00,0.01
2.38,-2.25,-23.88,14.00,0.00,-0.00,0.00
2.39,-2.25,-23.88,14.00,0.00,-0.00,0.00
2.40,-2.25,-23.88,14.00,0.00,-0.00,0.00
2.41,-2.25,-23.88,14.00,-0.00,0.00,0.00
2.43,-2.25,-23.88,14.00,-0.01,0.01,0.00
2.44,-2.25,-23.88,14.00,0.00,0.02,-0.00
2.45,-2.25,-23.88,14.00,-0.01,0.08,-0.01
2.46,-2.19,-23.75,14.00,-0.03,0.19,-0.03
2.47,-2.13,-23.50,13.94,-0.06,0.42,-0.03
2.48,-2.06,-23.25,13.94,0.02,0.67,0.02
2.50,-2.00,-22.88,13.88,0.07,0.80,0.06
2.51,-2.00,-22.44,13.81,0.03,0.91,0.02
2.52,-1.94,-21.38,13.75,0.03,1.00,-0.02
2.53,-1.88,-20.81,13.69,0.07,1.08,-0.02
2.54,-1.88,-20.25,13.69,0.06,1.06,-0.01
2.55,-1.81,-19.69,13.63,0.05,1.01,0.00
2.57,-1.75,-19.19,13.56,-0.02,0.86,0.03
2.58,-1.63,-18.31,13.50,-0.04,0.79,-0.02
2.59,-1.56,-17.88,13.50,-0.09,0.77,-0.07
2.60,-1.44,-17.50,13.44,-0.10,0.77,-0.05
2.61,-1.31,-17.06,13.44,-0.08,0.78,-0.02
2.63,-1.25,-16.63,13.38,-0.06,0.79,-0.01
2.64,-1.19,-16.25,13.38,0.01,0.82,-0.01
2.65,-1.06,-15.31,13.31,0.04,0.84,-0.00
2.66,-1.06,-14.88,13.31,0.06,0.85,0.01
2.67,-1.06,-14.38,13.25,0.07,0.86,0.02
2.68,-1.06,-13.94,13.25,0.08,0.84,0.02
2.70,-1.06,-13.50,13.19,0.07,0.80,0.01
2.71,-1.00,-13.06,13.19,0.03,0.70,-0.00
2.72,-0.94,-12.31,13.19,-0.01,0.67,-0.01
2.73,-0.88,-11.94,13.13,-0.03,0.64,-0.01
2.74,-0.81,-11.63,13.13,-0.05,0.62,-0.01
2.75,-0.75,-11.31,13.13,-0.05,0.60,-0.01
2.77,-0.69,-11.00,13.13,-0.01,0.57,-0.01
2.78,-0.69,-10.69,13.13,0.02,0.56,-0.01
2.79,-0.63,-10.06,13.06,0.03,0.57,-0.00
2.80,-0.63,-9.75,13.06,0.03,0.58,0.00
2.81,-0.56,-9.44,13.06,0.03,0.59,0.01
2.82,-0.56,-9.13,13.06,0.02,0.54,-0.00
2.84,-0.56,-8.81,13.06,0.00,0.51,-0.00
2.85,-0.50,-8.56,13.00,-0.01,0.47,-0.01
2.86,-0.44,-8.06,13.00,-0.03,0.44,-0.01
2.88,-0.38,-7.88,13.00,-0.03,0.41,-0.00
2.89,-0.31,-7.63,13.00,-0.02,0.39,-0.01
2.90,-0.25,-7.19,13.00,-0.01,0.38,-0.00
2.91,-0.25,-7.00,12.94,0.01,0.38,-0.00
2.92,-0.25,-6.81,12.94,0.02,0.39,-0.00
2.93,-0.25,-6.56,12.94,0.03,0.39,0.00
2.95,-0.19,-6.38,12.94,0.02,0.38,0.00
2.96,-0.19,-6.19,12.94,0.02,0.35,-0.00
2.97,-0.19,-5.81,12.94,0.01,0.33,-0.00
2.98,-0.13,-5.63,12.94,-0.01,0.31,-0.01
2.99,-0.13,-5.50,12.94,-0.02,0.29,-0.01
3.00,-0.06,-5.31,12.94,-0.03,0.28,0.00
3.02,-0.06,-5.19,12.94,-0.01,0.26,-0.01
3.03,-0.06,-5.06,12.94,0.00,0.25,-0.01
3.04,0.00,-4.94,12.94,0.01,0.25,-0.00
3.05,0.00,-4.69,12.94,0.01,0.24,0.00
3.06,0.00,-4.56,12.94,0.02,0.24,0.00
3.07,0.00,-4.38,12.94,0.01,0.23,0.00
3.09,0.00,-4.31,12.94,-0.00,0.21,-0.00
3.10,0.06,-4.19,12.94,-0.01,0.19,-0.00
3.11,0.06,-4.00,12.88,-0.01,0.18,-0.00
3.12,0.06,-3.88,12.88,-0.02,0.17,-0.00
3.13,0.13,-3.81,12.88,-0.01,0.16,0.00
3.14,0.13,-3.69,12.88,-0.01,0.15,-0.00
3.16,0.13,-3.63,12.88,0.01,0.13,-0.00
3.17,0.13,-3.56,12.88,0.01,0.13,0.00
3.18,0.13,-3.44,12.88,0.01,0.12,0.00
3.19,0.13,-3.38,12.88,0.00,0.12,0.00
3.20,0.13,-3.31,12.88,-0.00,0.11,0.00
3.21,0.13,-3.25,12.88,-0.01,0.11,-0.00
3.23,0.19,-3.19,12.88,-0.01,0.08,-0.00
3.24,0.19,-3.13,12.88,-0.00,0.07,-0.00
3.25,0.19,-3.06,12.88,0.00,0.06,0.00
3.26,0.19,-3.06,12.88,0.00,0.06,-0.00
3.27,0.19,-3.00,12.88,0.01,0.05,-0.00
3.29,0.19,-3.00,12.88,0.01,0.03,0.00
3.30,0.19,-3.00,12.88,0.01,0.03,0.00
3.31,0.19,-2.94,12.88,0.00,0.02,-0.00
3.32,0.19,-2.94,12.88,-0.00,0.02,-0.00
3.33,0.19,-2.94,12.88,-0.01,0.01,-0.00
3.34,0.19,-2.94,12.88,-0.01,0.01,0.00
3.36,0.19,-2.94,12.88,-0.00,0.00,0.00
3.37,0.19,-2.94,12.88,0.00,-0.01,-0.00
3.38,0.19,-2.94,12.88,0.00,-0.00,-0.00
3.39,0.19,-2.94,12.88,0.00,-0.00,0.00
3.40,0.19,-2.94,12.88,0.00,0.00,0.00
3.41,0.19,-2.94,12.88,0.00,-0.00,0.00
3.43,0.19,-2.94,12.88,-0.00,0.00,-0.00
3.44,0.19,-2.94,12.88,-0.00,-0.00,0.00
3.45,0.19,-2.94,12.88,-0.00,0.00,0.00
3.46,0.19,-2.94,12.88,-0.00,0.01,0.00
3.47,0.19,-2.94,12.88,0.00,0.01,0.00
3.48,0.19,-2.94,12.88,0.00,0.00,-0.00
3.50,0.19,-2.94,12.88,0.00,-0.00,-0.00
3.51,0.19,-2.94,12.88,-0.00,-0.00,-0.00
3.52,0.19,-2.94,12.88,0.00,-0.00,0.00
3.53,0.19,-2.94,12.88,0.00,-0.00,0.00
3.54,0.19,-2.94,12.88,-0.00,-0.00,-0.00
3.55,0.19,-2.94,12.88,0.00,0.00,0.00
3.57,0.19,-2.94,12.88,0.00,0.00,0.00
3.58,0.19,-2.94,12.88,0.00,0.01,0.00
3.59,0.19,-2.94,12.88,0.00,0.00,0.00
3.60,0.19,-2.94,12.88,0.00,0.00,0.00
3.61,0.19,-2.94,12.88,-0.00,0.00,0.00
3.63,0.19,-2.94,12.88,0.00,-0.00,-0.00
3.64,0.19,-2.94,12.88,0.00,-0.00,0.00
3.65,0.19,-2.94,12.88,0.00,-0.00,-0.00
3.66,0.19,-2.94,12.88,0.00,-0.00,-0.00
3.67,0.19,-2.94,12.88,0.00,-0.00,-0.00
3.68,0.19,-2.94,12.88,0.00,0.00,0.00
3.70,0.19,-2.94,12.88,0.00,0.00,0.00
3.71,0.19,-2.94,12.88,0.00,0.00,0.00
3.72,0.19,-2.94,12.88,0.00,-0.00,-0.00
3.73,0.19,-2.94,12.88,0.00,0.00,0.00
3.74,0.19,-2.94,12.88,0.00,0.00,0.00
3.75,0.19,-2.94,12.88,0.00,-0.00,0.00
3.77,0.19,-2.94,12.88,0.00,-0.00,-0.00
3.78,0.19,-2.94,12.88,0.00,-0.00,0.00
3.79,0.19,-2.94,12.88,0.00,0.00,0.00
3.80,0.19,-2.94,12.88,0.00,0.00,0.00
3.81,0.19,-2.94,12.88,0.00,-0.00,0.00
3.82,0.19,-2.94,12.88,-0.00,0.00,0.00
3.84,0.19,-2.94,12.88,0.00,0.00,0.00
3.85,0.19,-2.94,12.88,-0.00,0.00,0.00
3.86,0.19,-2.94,12.88,-0.00,0.00,0.00
3.87,0.19,-2.94,12.88,0.00,-0.00,0.00
3.88,0.19,-2.94,12.88,0.00,-0.00,0.00
3.89,0.19,-2.94,12.88,0.00,-0.00,-0.00
3.91,0.19,-2.94,12.88,0.00,0.00,0.00
3.92,0.19,-2.94,12.88,0.00,-0.00,0.00
3.93,0.19,-2.94,12.88,0.00,-0.00,-0.00
3.94,0.19,-2.94,12.88,-0.00,0.00,0.00
3.95,0.19,-2.94,12.88,-0.00,0.00,0.00
3.96,0.19,-2.94,12.88,0.00,0.00,-0.00
3.98,0.19,-2.94,12.88,-0.00,0.00,0.00
3.99,0.19,-2.94,12.88,0.00,-0.00,-0.00
4.00,0.19,-2.94,12.88,-0.00,-0.00,0.00
4.01,0.19,-2.94,12.88,-0.00,-0.00,0.00
4.02,0.19,-2.94,12.88,0.00,-0.00,0.00
4.04,0.19,-2.94,12.88,0.00,-0.00,0.00
4.05,0.19,-2.94,12.88,0.00,0.00,0.00
4.06,0.19,-2.94,12.88,0.00,-0.00,-0.00
4.07,0.19,-2.94,12.88,-0.00,-0.00,-0.00
4.08,0.19,-2.94,12.88,0.00,-0.00,0.00
4.09,0.19,-2.94,12.88,0.00,0.00,0.00
4.11,0.19,-2.94,12.88,-0.00,0.00,0.00
4.12,0.19,-2.94,12.88,0.00,-0.00,-0.00
4.13,0.19,-2.94,12.88,-0.00,0.00,-0.00
4.14,0.19,-2.94,12.88,0.00,-0.00,-0.00
4.15,0.19,-2.94,12.88,0.00,-0.00,-0.00
4.16,0.19,-2.94,12.88,0.00,0.00,0.00
4.18,0.19,-2.94,12.88,-0.00,0.00,-0.00
4.19,0.19,-2.94,12.88,0.00,0.00,-0.00
4.20,0.19,-2.94,12.88,0.00,0.00,-0.00
4.21,0.19,-2.94,12.88,0.00,0.00,-0.00
4.22,0.19,-2.94,12.88,0.00,0.00,0.00
4.23,0.19,-2.94,12.88,-0.00,0.00,0.00
4.25,0.19,-2.94,12.88,-0.00,0.00,0.00
4.26,0.19,-2.94,12.88,-0.00,-0.00,-0.00
4.27,0.19,-2.94,12.88,-0.00,0.00,0.00
4.28,0.19,-2.94,12.88,0.00,0.00,-0.00
4.29,0.19,-2.94,12.88,0.00,0.00,0.00
4.30,0.19,-2.94,12.88,-0.00,0.00,-0.00
4.32,0.19,-2.94,12.88,0.00,0.00,-0.00
4.33,0.19,-2.94,12.88,0.00,0.00,-0.00
4.34,0.19,-2.94,12.88,0.00,-0.00,-0.00
4.35,0.19,-2.94,12.88,-0.00,0.00,0.00
4.36,0.19,-2.94,12.88,0.00,0.00,0.00
4.38,0.19,-2.94,12.88,0.00,0.00,0.00
4.39,0.19,-2.94,12.88,0.00,0.00,-0.00
4.40,0.19,-2.94,12.88,-0.00,0.00,-0.00
4.41,0.19,-2.94,12.88,0.00,0.00,0.00
4.42,0.19,-2.94,12.88,-0.00,-0.00,0.00
4.43,0.19,-2.94,12.88,0.00,0.00,0.00
4.45,0.19,-2.94,12.88,0.00,-0.00,0.00
4.46,0.19,-2.94,12.88,0.00,-0.00,0.00
4.47,0.19,-2.94,12.88,-0.00,-0.00,0.00
4.48,0.19,-2.94,12.88,-0.00,-0.00,0.00
4.49,0.19,-2.94,12.88,-0.00,0.00,0.00
4.50,0.19,-2.94,12.88,0.00,-0.00,0.00
4.52,0.19,-2.94,12.88,0.00,-0.00,0.00
4.53,0.19,-2.94,12.88,0.00,-0.00,0.00
4.54,0.19,-2.94,12.88,0.00,-0.00,0.00
4.55,0.19,-2.94,12.88,-0.00,-0.00,-0.00
4.56,0.19,-2.94,12.88,-0.00,0.00,0.00
4.57,0.19,-2.94,12.88,0.00,0.00,-0.00
4.59,0.19,-2.94,12.88,-0.00,0.00,0.00
4.60,0.19,-2.94,12.88,0.00,0.00,0.00
4.61,0.19,-2.94,12.88,-0.00,0.00,-0.00
4.62,0.19,-2.94,12.88,0.00,0.00,-0.00
4.63,0.19,-2.94,12.88,0.00,0.00,-0.00
4.64,0.19,-2.94,12.88,-0.00,-0.01,-0.00
4.66,0.19,-3.00,12.88,0.00,-0.12,0.02
4.67,0.13,-3.13,12.88,0.03,-0.43,0.01
4.68,0.06,-3.69,12.88,-0.02,-0.58,-0.00
4.69,0.00,-4.06,12.88,-0.04,-0.70,-0.03
4.70,0.00,-4.50,12.94,-0.08,-0.76,-0.04
4.71,0.06,-4.94,12.94,-0.10,-0.79,-0.01
4.73,0.06,-5.38,12.94,-0.06,-0.81,0.04
4.74,0.00,-5.81,12.88,-0.02,-0.81,0.01
4.75,0.00,-6.25,12.88,-0.00,-0.80,-0.01
4.76,-0.13,-7.13,12.94,0.02,-0.77,-0.01
4.77,-0.19,-7.50,12.94,0.04,-0.74,-0.01
4.79,-0.25,-7.88,12.94,0.07,-0.70,0.04
4.80,-0.38,-8.25,12.94,0.07,-0.70,0.04
4.81,-0.44,-8.63,12.94,0.05,-0.72,0.02
4.82,-0.56,-9.44,13.00,0.04,-0.74,0.01
4.83,-0.63,-9.81,13.00,0.00,-0.75,0.00
4.84,-0.69,-10.25,13.00,-0.01,-0.77,-0.00
4.86,-0.69,-10.69,13.00,-0.03,-0.77,0.00
4.87,-0.75,-11.06,13.06,-0.03,-0.80,0.00
4.88,-0.75,-11.50,13.06,-0.02,-0.80,0.01
4.89,-0.88,-12.38,13.06,-0.01,-0.80,0.01
4.90,-0.88,-12.81,13.13,0.01,-0.78,0.01
4.91,-0.94,-13.19,13.13,0.01,-0.76,0.00
4.93,-1.00,-13.63,13.19,0.02,-0.74,0.01
4.94,-1.06,-14.00,13.19,0.01,-0.74,0.01
4.95,-1.19,-14.81,13.25,0.01,-0.74,0.01
4.96,-1.19,-15.19,13.25,-0.01,-0.74,0.01
4.97,-1.25,-15.63,13.25,-0.02,-0.75,0.00
4.98,-1.31,-16.00,13.31,-0.02,-0.76,0.00
5.00,-1.31,-16.44,13.31,-0.01,-0.79,0.00
5.01,-1.38,-16.88,13.38,-0.01,-0.80,-0.00
5.02,-1.50,-17.75,13.44,-0.00,-0.78,0.01
5.03,-1.50,-18.13,13.44,-0.00,-0.77,0.02
5.04,-1.56,-18.56,13.44,0.01,-0.76,0.02
5.05,-1.63,-18.94,13.50,0.01,-0.74,0.01
5.07,-1.69,-19.31,13.50,-0.00,-0.66,-0.01
5.08,-1.69,-19.69,13.56,-0.01,-0.61,0.00
5.09,-1.75,-20.00,13.56,-0.00,-0.56,0.02
5.10,-1.81,-20.56,13.63,-0.01,-0.51,0.02
5.11,-1.81,-20.81,13.63,0.00,-0.46,0.01
5.13,-1.88,-21.06,13.69,0.00,-0.41,-0.00
5.14,-1.88,-21.25,13.69,0.01,-0.33,0.00
5.15,-1.94,-21.44,13.69,0.00,-0.29,0.00
5.16,-1.94,-21.75,13.75,0.00,-0.25,0.01
5.17,-1.94,-21.81,13.75,-0.01,-0.21,0.00
5.18,-2.00,-21.94,13.75,-0.01,-0.18,-0.00
5.20,-2.00,-22.00,13.75,-0.01,-0.15,-0.00
5.21,-2.00,-22.06,13.75,-0.01,-0.11,-0.01
5.22,-2.00,-22.13,13.75,-0.00,-0.03,-0.00
5.23,-2.00,-22.13,13.75,0.00,0.00,0.00
5.24,-2.00,-22.13,13.75,0.01,0.03,0.00
5.25,-2.00,-22.06,13.75,0.01,0.04,0.01
5.27,-2.00,-22.06,13.75,0.02,0.03,0.00
5.28,-2.00,-22.06,13.75,0.01,0.02,-0.00
5.29,-2.00,-22.00,13.75,0.00,0.01,-0.00
5.30,-2.00,-22.00,13.75,-0.01,0.00,-0.00
5.31,-2.00,-22.00,13.75,-0.01,-0.01,-0.00
5.32,-2.00,-22.00,13.75,-0.02,-0.01,-0.00
5.34,-2.00,-22.06,13.75,-0.02,-0.01,-0.00
5.35,-2.00,-22.06,13.75,-0.00,-0.01,0.00
5.36,-2.00,-22.06,13.75,0.01,-0.01,0.00
5.37,-2.00,-22.06,13.75,0.01,-0.00,0.00
5.38,-2.00,-22.06,13.75,0.01,0.00,0.01
5.39,-2.00,-22.06,13.75,0.01,0.01,0.01
5.41,-2.00,-22.06,13.75,0.00,0.01,0.00
5.42,-2.00,-22.06,13.75,-0.00,0.01,-0.00
5.43,-2.00,-22.06,13.75,-0.01,0.00,-0.01
5.44,-2.00,-22.06,13.75,-0.01,-0.00,-0.01
5.45,-2.00,-22.06,13.75,-0.01,-0.01,0.00
5.46,-2.00,-22.06,13.75,-0.01,-0.01,-0.00
5.48,-2.00,-22.06,13.75,0.00,-0.00,0.00
5.49,-2.00,-22.06,13.75,0.01,-0.00,-0.00
5.50,-2.00,-22.06,13.75,0.01,0.00,-0.00
5.51,-2.00,-22.06,13.75,0.01,0.01,0.00
5.52,-2.00,-22.06,13.75,0.01,0.01,0.00
5.54,-2.00,-22.06,13.75,0.01,0.01,0.00
5.55,-2.00,-22.06,13.75,0.00,0.01,0.00
5.56,-2.00,-22.06,13.75,-0.01,0.00,-0.00
5.57,-2.00,-22.06,13.75,-0.01,-0.00,-0.00
5.58,-2.00,-22.06,13.75,-0.01,-0.00,-0.00
5.59,-2.00,-22.06,13.75,-0.00,-0.00,0.00
5.61,-2.00,-22.06,13.75,0.00,-0.00,0.00
5.62,-2.00,-22.06,13.75,0.01,0.00,0.00
5.63,-2.00,-22.06,13.75,0.01,0.00,0.00
5.64,-2.00,-22.06,13.75,0.01,0.00,0.00
5.65,-2.00,-22.06,13.75,0.00,0.00,0.00
5.66,-2.00,-22.06,13.75,0.00,0.00,0.00
5.68,-2.00,-22.06,13.75,-0.00,0.00,-0.01
5.69,-2.00,-22.06,13.75,-0.01,0.00,-0.01
5.70,-2.00,-22.06,13.75,-0.01,-0.01,-0.00
5.71,-2.00,-22.06,13.75,-0.01,0.00,-0.00
5.72,-2.00,-22.06,13.75,-0.00,0.00,-0.00
5.73,-2.00,-22.06,13.75,0.00,-0.00,-0.00
5.75,-2.00,-22.06,13.75,0.00,-0.01,0.00
5.76,-2.00,-22.06,13.75,0.00,-0.00,0.00
5.77,-2.00,-22.06,13.75,0.00,-0.00,0.00
5.79,-2.00,-22.06,13.75,-0.00,0.00,0.00
5.80,-2.00,-22.06,13.75,-0.00,0.00,0.00
5.81,-2.00,-22.06,13.75,-0.00,0.01,0.00
5.82,-2.00,-22.06,13.75,-0.00,0.00,-0.00
5.83,-2.00,-22.06,13.75,-0.00,0.00,0.00
5.84,-2.00,-22.06,13.75,-0.00,0.00,0.00
5.86,-2.00,-22.06,13.75,0.00,0.00,0.00
5.87,-2.00,-22.06,13.75,0.00,-0.01,0.00
5.88,-2.00,-22.06,13.75,0.00,-0.00,0.00
5.89,-2.00,-22.06,13.75,-0.00,0.00,0.00
5.90,-2.00,-22.06,13.75,-0.00,0.01,0.00
5.91,-2.00,-22.06,13.75,-0.00,0.01,0.00
5.93,-2.00,-22.06,13.75,-0.00,0.00,-0.00
5.94,-2.00,-22.06,13.75,-0.00,0.00,-0.00
5.95,-2.00,-22.06,13.75,0.00,0.00,-0.00
5.96,-2.00,-22.06,13.75,0.00,0.00,-0.00
5.97,-2.00,-22.06,13.75,0.00,-0.00,0.00
5.98,-2.00,-22.06,13.75,0.00,0.00,-0.00
6.00,-2.00,-22.06,13.75,0.00,0.00,-0.00
6.01,-2.00,-22.06,13.75,0.00,-0.00,-0.00
6.02,-2.00,-22.06,13.75,-0.00,-0.00,0.00
6.03,-2.00,-22.06,13.75,0.00,0.00,0.00
6.04,-2.00,-22.06,13.75,-0.00,-0.00,-0.00
6.05,-2.00,-22.00,13.75,0.00,0.00,0.00
6.07,-2.00,-22.00,13.75,-0.02,0.16,-0.02
6.08,-1.94,-21.94,13.75,-0.05,0.40,-0.03
6.09,-1.88,-21.69,13.69,-0.09,0.54,-0.05
6.10,-1.75,-21.06,13.69,0.00,0.68,0.00
6.11,-1.75,-20.63,13.63,0.08,0.80,0.06
6.13,-1.75,-20.13,13.56,0.04,0.92,0.03
6.14,-1.69,-19.56,13.50,0.05,1.09,-0.03
6.15,-1.63,-18.94,13.50,0.07,1.06,-0.00
6.16,-1.56,-17.81,13.44,0.06,1.00,0.01
6.17,-1.50,-17.31,13.38,0.01,0.93,0.02
6.18,-1.44,-16.88,13.31,-0.01,0.84,0.02
6.20,-1.38,-16.44,13.31,-0.06,0.79,-0.03
6.21,-1.25,-16.06,13.31,-0.10,0.78,-0.07
6.22,-1.13,-15.63,13.31,-0.09,0.79,-0.01
6.23,-0.94,-14.81,13.25,-0.06,0.80,-0.02
6.24,-0.88,-14.38,13.19,-0.01,0.81,-0.02
6.25,-0.88,-13.94,13.19,0.01,0.83,-0.01
6.27,-0.81,-13.44,13.19,0.06,0.86,0.00
6.28,-0.81,-13.00,13.13,0.08,0.87,0.02
6.29,-0.81,-12.50,13.13,0.09,0.86,0.02
6.30,-0.81,-11.56,13.06,0.08,0.82,0.01
6.31,-0.75,-11.13,13.06,0.06,0.77,0.00
6.32,-0.75,-10.75,13.06,0.02,0.73,-0.01
6.34,-0.69,-10.38,13.06,-0.02,0.69,-0.01
6.35,-0.63,-10.00,13.00,-0.06,0.65,-0.01
6.36,-0.56,-9.69,13.00,-0.05,0.63,-0.01
6.37,-0.44,-9.06,13.00,-0.03,0.60,-0.01
6.38,-0.38,-8.69,13.00,-0.01,0.59,-0.01
6.39,-0.31,-8.38,13.00,0.01,0.58,-0.01
6.41,-0.31,-8.06,12.94,0.02,0.58,-0.01
6.42,-0.31,-7.75,12.94,0.04,0.60,0.00
6.43,-0.25,-7.13,12.94,0.03,0.59,-0.00
6.44,-0.25,-6.81,12.94,0.03,0.57,-0.00
6.45,-0.19,-6.50,12.94,0.01,0.53,-0.00
6.46,-0.19,-6.25,12.94,-0.01,0.51,-0.01
6.48,-0.13,-6.00,12.94,-0.03,0.45,-0.01
6.49,-0.06,-5.75,12.94,-0.03,0.43,-0.01
6.50,-0.06,-5.50,12.94,-0.02,0.42,-0.01
6.51,0.00,-5.06,12.94,-0.01,0.41,-0.00
6.52,0.06,-4.81,12.88,0.01,0.41,-0.00
6.54,0.06,-4.63,12.88,0.02,0.42,-0.00
6.55,0.06,-4.38,12.88,0.03,0.42,-0.00
6.56,0.06,-4.13,12.88,0.02,0.41,-0.00
6.57,0.13,-3.69,12.88,0.01,0.39,-0.01
6.58,0.13,-3.50,12.88,-0.01,0.36,-0.00
6.59,0.19,-3.31,12.88,-0.01,0.34,-0.00
6.61,0.19,-3.19,12.88,-0.02,0.32,-0.00
6.62,0.25,-3.00,12.88,-0.02,0.29,-0.00
6.63,0.25,-2.88,12.88,-0.01,0.28,-0.00
6.64,0.31,-2.56,12.88,-0.00,0.28,-0.01
6.65,0.31,-2.44,12.88,0.01,0.27,-0.01
6.66,0.31,-2.25,12.88,0.02,0.27,-0.00
6.68,0.31,-2.13,12.88,0.02,0.26,-0.00
6.69,0.38,-2.00,12.88,0.01,0.25,-0.00
6.70,0.38,-1.81,12.88,0.01,0.24,-0.01
6.71,0.38,-1.69,12.88,-0.00,0.23,-0.01
6.72,0.38,-1.44,12.88,-0.01,0.22,-0.00
6.73,0.44,-1.38,12.88,-0.01,0.21,-0.00
6.75,0.44,-1.25,12.88,-0.01,0.20,-0.00
6.76,0.44,-1.13,12.88,-0.00,0.17,-0.01
6.77,0.44,-0.94,12.88,0.01,0.16,-0.00
6.78,0.50,-0.88,12.88,0.01,0.16,-0.00
6.79,0.50,-0.81,12.88,0.01,0.15,0.00
6.80,0.50,-0.69,12.88,0.01,0.15,0.00
6.82,0.50,-0.63,12.88,-0.00,0.14,-0.00
6.83,0.50,-0.56,12.88,-0.01,0.13,-0.00
6.84,0.50,-0.50,12.88,-0.01,0.12,-0.00
6.85,0.50,-0.38,12.88,-0.01,0.11,0.00
6.86,0.50,-0.31,12.88,-0.01,0.09,-0.00
6.88,0.56,-0.25,12.88,-0.00,0.09,-0.00
6.89,0.56,-0.25,12.88,0.00,0.08,-0.00
6.90,0.56,-0.19,12.88,0.00,0.07,0.00
6.91,0.56,-0.13,12.88,0.01,0.07,-0.00
6.92,0.56,-0.06,12.88,0.00,0.07,0.00
6.93,0.56,-0.06,12.88,0.00,0.06,-0.00
6.95,0.56,-0.00,12.88,-0.00,0.06,-0.00
6.96,0.56,-0.00,12.88,-0.00,0.06,0.00
6.97,0.56,-0.00,12.88,0.00,0.03,-0.00
6.98,0.56,-0.00,12.88,-0.00,0.02,-0.00
6.99,0.56,-0.00,12.88,-0.00,0.01,-0.00
7.00,0.56,-0.00,12.88,-0.00,0.01,-0.00
7.02,0.56,-0.00,12.88,-0.00,0.00,0.00
7.03,0.56,-0.00,12.88,0.00,-0.00,0.00
7.04,0.56,-0.00,12.88,0.01,0.00,-0.00
7.05,0.56,-0.00,12.88,0.00,-0.00,-0.00
7.06,0.56,-0.00,12.88,0.00,0.00,-0.00
7.07,0.56,-0.00,12.88,-0.00,0.01,0.00
7.09,0.56,-0.00,12.88,-0.00,0.01,0.00
7.10,0.56,-0.00,12.88,-0.00,0.00,-0.00
7.11,0.56,-0.00,12.88,-0.00,0.00,-0.00
7.12,0.56,-0.00,12.88,0.00,-0.00,0.00
7.13,0.56,-0.00,12.88,0.00,0.00,0.00
7.14,0.56,-0.00,12.88,0.00,0.00,0.00
7.16,0.56,-0.00,12.88,0.00,0.00,-0.01
7.17,0.56,-0.00,12.88,0.00,-0.00,-0.00
7.18,0.56,-0.00,12.88,0.00,-0.00,-0.00
7.19,0.56,-0.00,12.88,-0.00,0.00,0.00
7.20,0.56,-0.00,12.88,-0.00,0.01,-0.00
7.21,0.56,-0.00,12.88,0.00,0.00,-0.00
7.23,0.56,-0.00,12.88,0.00,0.00,-0.00
7.24,0.56,-0.00,12.88,-0.00,0.00,0.00
7.25,0.56,-0.00,12.88,-0.00,0.00,0.00
7.26,0.56,-0.00,12.88,-0.00,-0.00,0.00
7.27,0.56,-0.00,12.88,0.00,-0.01,-0.00
7.29,0.56,-0.00,12.88,-0.00,-0.01,0.00
7.30,0.56,-0.00,12.88,0.00,-0.01,-0.00
7.31,0.56,-0.00,12.88,-0.00,0.00,0.00
7.32,0.56,-0.00,12.88,-0.00,0.00,-0.00
7.33,0.56,-0.00,12.88,0.00,0.00,-0.00
7.34,0.56,-0.00,12.88,0.00,0.01,-0.00
7.36,0.56,-0.00,12.88,-0.00,0.00,-0.00
7.37,0.56,-0.00,12.88,-0.00,0.01,0.00
7.38,0.56,-0.00,12.88,-0.00,0.00,-0.00
7.39,0.56,-0.00,12.88,-0.00,0.00,-0.00
7.40,0.56,-0.00,12.88,0.00,-0.00,-0.00
7.41,0.56,-0.00,12.88,-0.00,0.00,-0.00
7.43,0.56,-0.00,12.88,0.00,0.00,-0.00
7.44,0.56,-0.00,12.88,-0.00,-0.00,-0.00
7.45,0.56,-0.00,12.88,-0.00,0.00,-0.00
7.46,0.56,-0.00,12.88,-0.00,0.00,-0.00
7.47,0.56,-0.00,12.88,0.00,0.00,0.00
7.48,0.56,-0.00,12.88,0.00,0.00,0.00
7.50,0.56,-0.00,12.88,-0.00,0.00,-0.00
7.51,0.56,-0.00,12.88,-0.00,-0.00,0.00
7.52,0.56,-0.00,12.88,-0.00,-0.00,0.00
7.53,0.56,-0.00,12.88,-0.00,-0.00,-0.00
7.54,0.56,-0.00,12.88,-0.00,0.00,0.00
7.55,0.56,-0.00,12.88,-0.00,0.00,0.00
7.57,0.56,-0.00,12.88,0.00,0.00,0.00
7.58,0.56,-0.00,12.88,-0.00,0.00,0.00
7.59,0.56,-0.00,12.88,-0.00,0.00,-0.00
7.60,0.56,-0.00,12.88,-0.00,0.00,-0.00
7.61,0.56,-0.00,12.88,0.00,0.00,0.00
7.63,0.56,-0.00,12.88,0.00,0.00,0.00
7.64,0.56,-0.00,12.88,0.00,0.00,0.00
7.65,0.56,-0.00,12.88,0.00,0.00,0.00
7.66,0.56,-0.00,12.88,0.00,0.01,-0.00
7.67,0.56,-0.00,12.88,0.00,0.00,-0.00
7.68,0.56,-0.00,12.88,0.00,0.00,0.00
7.70,0.56,-0.00,12.88,-0.00,0.00,0.00
7.71,0.56,-0.00,12.88,0.00,0.00,-0.00
7.72,0.56,-0.00,12.88,0.00,0.00,0.00
7.73,0.56,-0.00,12.88,0.00,0.00,-0.00
7.74,0.56,-0.00,12.88,0.00,0.00,-0.00
7.75,0.56,-0.00,12.88,0.00,0.01,0.00
7.77,0.56,-0.00,12.88,0.00,0.00,0.00
7.78,0.56,-0.00,12.88,-0.00,0.00,-0.00
7.79,0.56,-0.00,12.88,0.00,0.00,-0.00
7.80,0.56,-0.00,12.88,0.00,-0.00,-0.00
7.81,0.56,-0.00,12.88,0.00,-0.00,0.00
7.82,0.56,-0.00,12.88,0.00,0.00,-0.00
7.84,0.56,-0.00,12.88,0.00,0.00,-0.00
7.85,0.56,-0.00,12.88,0.00,0.00,-0.00
7.86,0.56,-0.00,12.88,-0.00,0.00,-0.00
7.87,0.56,-0.00,12.88,-0.00,0.00,-0.00
7.88,0.56,-0.00,12.88,0.00,0.00,0.00
7.89,0.56,-0.00,12.88,0.00,0.00,0.00
7.91,0.56,-0.00,12.88,-0.00,0.00,0.00
7.92,0.56,-0.00,12.88,-0.00,-0.00,0.00
7.93,0.56,-0.00,12.88,0.00,-0.00,0.00
7.94,0.56,-0.00,12.88,-0.00,0.00,0.00
7.95,0.56,-0.00,12.88,0.00,-0.00,0.00
7.96,0.56,-0.00,12.88,0.00,-0.00,-0.00
7.98,0.56,-0.00,12.88,0.00,-0.01,0.00
7.99,0.56,-0.00,12.88,0.00,-0.01,-0.00
8.00,0.56,-0.00,12.88,0.00,-0.00,-0.00
8.01,0.56,-0.00,12.88,-0.00,0.00,-0.00
8.02,0.56,-0.00,12.88,-0.00,0.00,0.00
8.04,0.56,-0.00,12.88,0.00,0.00,-0.00
8.05,0.56,-0.00,12.88,0.00,0.00,-0.00
8.06,0.56,-0.00,12.88,0.00,0.00,0.00
8.07,0.56,-0.00,12.88,0.00,-0.00,0.00
8.08,0.56,-0.00,12.88,0.00,0.00,-0.00
8.09,0.56,-0.00,12.88,0.00,0.00,0.00
8.11,0.56,-0.00,12.88,-0.00,0.00,0.00
8.12,0.56,-0.00,12.88,-0.00,0.00,-0.00
8.13,0.56,-0.00,12.88,0.00,-0.00,0.00
8.14,0.56,-0.00,12.88,0.00,-0.00,0.00
8.15,0.56,-0.00,12.88,-0.00,-0.00,0.00
8.16,0.56,-0.00,12.88,-0.00,0.00,0.00
8.18,0.56,-0.00,12.88,-0.00,-0.00,0.00
8.19,0.56,-0.00,12.88,0.00,0.00,-0.00
8.20,0.56,-0.00,12.88,0.00,0.00,0.00
8.21,0.56,-0.00,12.88,0.00,0.00,-0.00
8.22,0.56,-0.00,12.88,-0.00,0.00,0.00
8.23,0.56,-0.00,12.88,0.00,0.00,-0.00
8.25,0.56,-0.00,12.88,-0.00,-0.00,-0.00
8.26,0.56,-0.00,12.88,-0.00,-0.00,-0.00
8.27,0.56,-0.00,12.88,-0.00,-0.01,0.00
8.28,0.56,-0.00,12.88,0.00,-0.11,0.02
8.29,0.50,-0.13,12.88,0.06,-0.27,0.02
8.30,0.50,-0.38,12.88,0.04,-0.42,0.01
8.32,0.44,-0.63,12.88,-0.03,-0.68,-0.02
8.33,0.44,-1.00,12.88,-0.08,-0.76,-0.03
8.34,0.44,-1.44,12.88,-0.09,-0.80,-0.01
8.35,0.38,-2.31,12.88,-0.09,-0.81,0.03
8.36,0.38,-2.81,12.88,-0.08,-0.80,0.04
8.38,0.38,-3.19,12.88,-0.03,-0.80,0.01
8.39,0.31,-3.63,12.88,0.02,-0.76,-0.00
8.40,0.25,-4.06,12.88,0.04,-0.73,-0.01
8.41,0.19,-4.44,12.88,0.05,-0.70,0.01
8.42,0.06,-5.19,12.88,0.06,-0.70,0.03
8.43,-0.06,-5.56,12.88,0.07,-0.71,0.03
8.45,-0.13,-5.94,12.88,0.06,-0.74,0.02
8.46,-0.19,-6.38,12.88,0.04,-0.75,0.01
8.47,-0.25,-6.75,12.88,-0.02,-0.76,0.00
8.48,-0.31,-7.56,12.88,-0.02,-0.76,0.00
8.49,-0.38,-8.00,12.94,-0.03,-0.76,0.01
8.50,-0.38,-8.44,12.94,-0.02,-0.78,0.00
8.52,-0.44,-8.88,12.94,-0.01,-0.78,0.01
8.53,-0.50,-9.25,12.94,0.01,-0.77,0.01
8.54,-0.50,-9.69,12.94,0.01,-0.76,0.01
8.55,-0.63,-10.50,13.00,0.02,-0.76,0.01
8.56,-0.69,-10.94,13.00,0.01,-0.76,0.00
8.57,-0.75,-11.31,13.06,0.01,-0.75,0.00
8.59,-0.81,-11.75,13.06,-0.00,-0.75,0.01
8.60,-0.81,-12.13,13.06,-0.02,-0.75,0.01
8.61,-0.88,-12.94,13.13,-0.03,-0.76,0.00
8.62,-0.94,-13.38,13.13,-0.02,-0.78,-0.00
8.63,-1.00,-13.81,13.13,-0.01,-0.79,-0.00
8.65,-1.06,-14.25,13.19,0.00,-0.80,0.01
8.66,-1.06,-14.63,13.19,0.01,-0.77,0.02
8.67,-1.13,-15.06,13.19,0.00,-0.76,0.01
8.68,-1.25,-15.88,13.25,0.01,-0.74,0.01
8.69,-1.25,-16.25,13.25,0.00,-0.71,0.01
8.71,-1.31,-16.56,13.31,-0.01,-0.62,-0.00
8.72,-1.38,-16.94,13.31,-0.01,-0.51,0.02
8.73,-1.38,-17.19,13.31,-0.01,-0.51,0.02
8.74,-1.44,-17.69,13.38,0.01,-0.41,0.01
8.75,-1.44,-17.88,13.38,0.01,-0.36,0.00
8.76,-1.50,-18.06,13.38,0.01,-0.36,0.00
8.78,-1.50,-18.25,13.38,0.01,-0.27,0.00
8.79,-1.50,-18.38,13.44,-0.01,-0.19,0.01
8.80,-1.50,-18.44,13.44,-0.01,-0.16,-0.00
8.81,-1.56,-18.56,13.44,-0.01,-0.13,-0.01
8.82,-1.56,-18.69,13.44,-0.01,-0.10,-0.01
8.83,-1.56,-18.69,13.44,-0.01,-0.06,-0.01
8.85,-1.56,-18.69,13.44,-0.01,-0.02,-0.00
8.86,-1.56,-18.69,13.44,0.01,0.03,0.00
8.87,-1.56,-18.69,13.44,0.01,0.04,0.01
8.88,-1.56,-18.69,13.44,0.02,0.03,0.01
8.89,-1.56,-18.63,13.44,0.01,0.02,0.00
8.90,-1.56,-18.63,13.44,0.01,0.01,-0.00
8.92,-1.56,-18.63,13.44,-0.00,0.00,-0.00
8.93,-1.56,-18.63,13.44,-0.02,-0.02,-0.00
8.94,-1.56,-18.63,13.44,-0.02,-0.02,0.00
8.95,-1.56,-18.69,13.44,-0.01,-0.02,0.00
8.96,-1.56,-18.69,13.44,-0.01,-0.01,0.00
8.97,-1.56,-18.69,13.44,0.00,-0.01,0.00
8.99,-1.56,-18.69,13.44,0.01,0.00,0.00
9.00,-1.56,-18.69,13.44,0.02,0.00,0.00
9.01,-1.56,-18.69,13.44,0.01,0.01,0.01
9.02,-1.56,-18.69,13.44,0.01,0.01,0.01
9.03,-1.56,-18.69,13.44,0.00,0.01,0.00
9.04,-1.56,-18.69,13.44,-0.01,0.00,-0.00
9.06,-1.56,-18.69,13.44,-0.01,-0.01,-0.01
9.07,-1.56,-18.69,13.44,-0.01,-0.01,-0.00
9.08,-1.56,-18.69,13.44,-0.01,-0.01,-0.00
9.09,-1.56,-18.69,13.44,0.00,-0.01,0.00
9.10,-1.56,-18.69,13.44,0.00,-0.00,0.00
9.12,-1.56,-18.69,13.44,0.01,-0.00,0.00
9.13,-1.56,-18.69,13.44,0.01,0.00,0.00
9.14,-1.56,-18.69,13.44,0.01,0.01,0.00
9.15,-1.56,-18.69,13.44,0.00,0.00,0.00
9.16,-1.56,-18.69,13.44,-0.00,0.00,0.00
9.17,-1.56,-18.69,13.44,-0.00,0.00,0.00
9.19,-1.56,-18.69,13.44,-0.01,-0.00,0.00
9.20,-1.56,-18.69,13.44,-0.01,-0.01,-0.00
9.21,-1.56,-18.69,13.44,-0.00,-0.01,0.00
9.22,-1.56,-18.69,13.44,0.00,-0.01,0.00
9.23,-1.56,-18.69,13.44,0.01,-0.00,0.00
9.24,-1.56,-18.69,13.44,0.00,0.00,0.00
9.26,-1.56,-18.69,13.44,0.01,0.00,0.00
9.27,-1.56,-18.69,13.44,-0.00,0.01,-0.00
9.28,-1.56,-18.69,13.44,-0.00,0.01,-0.00
9.29,-1.56,-18.69,13.44,-0.01,0.00,-0.00
9.30,-1.56,-18.69,13.44,-0.01,-0.00,-0.00
9.31,-1.56,-18.69,13.44,-0.01,-0.00,-0.00
9.33,-1.56,-18.69,13.44,-0.00,-0.01,-0.00
9.34,-1.56,-18.69,13.44,0.00,-0.00,0.00
9.35,-1.56,-18.69,13.44,0.01,-0.01,0.00
9.36,-1.56,-18.69,13.44,0.01,-0.00,0.00
9.37,-1.56,-18.69,13.44,0.00,0.00,0.00
9.38,-1.56,-18.69,13.44,0.00,-0.00,0.00
9.40,-1.56,-18.69,13.44,-0.00,-0.00,0.00
9.41,-1.56,-18.69,13.44,-0.00,-0.00,0.00
9.42,-1.56,-18.69,13.44,-0.00,-0.00,0.00
9.43,-1.56,-18.69,13.44,-0.00,0.00,-0.00
9.44,-1.56,-18.69,13.44,-0.00,0.00,0.00
9.46,-1.56,-18.69,13.44,-0.00,-0.00,0.00
9.47,-1.56,-18.69,13.44,0.00,-0.01,0.00
9.48,-1.56,-18.69,13.44,0.00,-0.00,0.00
9.49,-1.56,-18.69,13.44,0.00,-0.00,0.00
9.50,-1.56,-18.69,13.44,0.00,-0.00,0.00
9.51,-1.56,-18.69,13.44,0.00,0.00,0.00
9.53,-1.56,-18.69,13.44,0.00,0.00,0.00
9.54,-1.56,-18.69,13.44,-0.00,0.00,-0.00
9.55,-1.56,-18.69,13.44,0.00,0.00,-0.00
9.56,-1.56,-18.69,13.44,0.00,0.00,0.00
9.57,-1.56,-18.69,13.44,0.00,0.00,0.00
9.58,-1.56,-18.69,13.44,0.00,0.00,0.00
9.60,-1.56,-18.69,13.44,0.00,-0.00,0.00
9.61,-1.56,-18.69,13.44,0.00,0.00,0.00
9.62,-1.56,-18.69,13.44,0.00,0.00,0.00
9.63,-1.56,-18.69,13.44,0.00,0.00,0.00
9.64,-1.56,-18.69,13.44,0.00,0.00,0.00
9.65,-1.56,-18.69,13.44,-0.00,-0.00,0.00
9.67,-1.56,-18.69,13.44,0.00,0.00,-0.00
9.68,-1.56,-18.69,13.44,-0.01,0.07,-0.01
9.69,-1.56,-18.63,13.44,-0.02,0.17,-0.02
9.70,-1.56,-18.56,13.44,-0.05,0.39,-0.03
9.71,-1.38,-18.06,13.44,-0.07,0.55,-0.03
9.72,-1.38,-17.69,13.38,0.00,0.69,0.00
9.74,-1.38,-17.25,13.31,0.06,0.80,0.04
9.75,-1.31,-16.75,13.31,0.03,0.92,0.02
9.76,-1.25,-16.19,13.25,0.05,1.09,-0.02
9.77,-1.19,-15.00,13.25,0.06,1.07,-0.01
9.78,-1.13,-14.44,13.19,0.06,1.01,0.01
9.79,-1.13,-13.94,13.13,0.01,0.94,0.02
9.81,-1.06,-13.50,13.13,-0.02,0.87,0.02
9.82,-0.94,-13.06,13.13,-0.10,0.79,-0.06
9.83,-0.81,-12.63,13.13,-0.10,0.79,-0.03
9.84,-0.63,-11.81,13.06,-0.09,0.79,-0.01
9.85,-0.56,-11.38,13.00,-0.06,0.80,-0.01
9.87,-0.50,-10.94,13.00,-0.02,0.81,-0.02
9.88,-0.44,-10.50,13.00,0.01,0.84,-0.01
9.89,-0.44,-10.00,13.00,0.08,0.87,0.01
9.90,-0.38,-9.56,13.00,0.08,0.87,0.02
9.91,-0.38,-8.63,12.94,0.09,0.84,0.01
9.92,-0.38,-8.13,12.94,0.08,0.80,0.00
9.94,-0.38,-7.75,12.94,0.05,0.76,-0.00
9.95,-0.31,-7.38,12.94,0.01,0.72,-0.00
9.96,-0.31,-7.00,12.88,-0.01,0.68,-0.01
9.97,-0.25,-6.63,12.88,-0.06,0.64,-0.01
9.98,-0.06,-5.94,12.88,-0.04,0.61,-0.00
9.99,-0.06,-5.63,12.88,-0.03,0.60,-0.01
10.01,0.00,-5.31,12.88,-0.01,0.58,-0.01
10.02,0.06,-5.00,12.88,0.02,0.60,-0.01
10.03,0.06,-4.69,12.88,0.03,0.61,0.00
10.04,0.06,-4.38,12.81,0.03,0.61,0.00
10.05,0.13,-3.69,12.81,0.03,0.59,-0.00
10.06,0.13,-3.38,12.81,0.02,0.57,-0.01
10.08,0.19,-3.06,12.81,0.01,0.53,-0.02
10.09,0.25,-2.81,12.81,-0.01,0.51,-0.01
10.10,0.25,-2.56,12.81,-0.03,0.45,0.00
10.11,0.31,-2.31,12.81,-0.03,0.43,-0.00
10.12,0.38,-1.88,12.81,-0.02,0.41,-0.01
10.13,0.44,-1.63,12.81,0.00,0.41,-0.01
10.15,0.44,-1.44,12.81,0.01,0.41,-0.01
10.16,0.44,-1.19,12.81,0.02,0.43,-0.00
10.17,0.50,-0.94,12.81,0.02,0.44,0.00
10.18,0.50,-0.50,12.81,0.02,0.42,-0.00
10.19,0.50,-0.31,12.81,0.01,0.39,-0.00
10.21,0.56,-0.13,12.81,0.00,0.37,-0.00
10.22,0.56,-0.00,12.81,-0.02,0.35,-0.00
10.23,0.63,0.19,12.81,-0.03,0.32,0.00
10.24,0.63,0.38,12.81,-0.03,0.31,-0.00
10.25,0.69,0.50,12.81,-0.02,0.30,-0.00
10.26,0.75,0.88,12.81,-0.00,0.30,-0.00
10.28,0.75,1.00,12.81,0.01,0.30,-0.01
10.29,0.75,1.19,12.81,0.02,0.30,-0.00
10.30,0.75,1.31,12.81,0.02,0.29,-0.00
10.31,0.75,1.50,12.81,0.02,0.27,-0.00
10.32,0.81,1.75,12.81,0.01,0.26,-0.00
10.33,0.81,1.88,12.81,-0.00,0.24,-0.01
10.35,0.81,2.00,12.81,-0.00,0.22,-0.01
10.36,0.81,2.13,12.81,-0.01,0.20,0.00
10.37,0.81,2.25,12.81,0.00,0.19,-0.00
10.38,0.88,2.31,12.81,0.01,0.18,-0.00
10.39,0.88,2.50,12.81,0.02,0.17,-0.00
10.40,0.88,2.63,12.81,0.02,0.16,-0.00
10.42,0.88,2.69,12.81,0.01,0.16,0.00
10.43,0.88,2.75,12.81,-0.00,0.15,0.00
10.44,0.88,2.88,12.88,-0.01,0.14,-0.00
10.45,0.88,2.94,12.88,-0.01,0.13,-0.00
10.46,0.88,3.06,12.88,-0.01,0.12,-0.00
10.47,0.94,3.13,12.88,-0.00,0.10,0.00
10.49,0.94,3.19,12.88,0.00,0.09,0.00
10.50,0.94,3.19,12.88,0.00,0.08,-0.00
10.51,0.94,3.25,12.88,0.00,0.06,0.00
10.52,0.94,3.31,12.88,-0.00,0.05,0.00
10.53,0.94,3.31,12.88,-0.00,0.05,0.00
10.54,0.94,3.31,12.88,-0.01,0.04,0.00
10.56,0.94,3.38,12.88,-0.00,0.05,-0.00
10.57,0.94,3.38,12.88,0.00,0.04,-0.00
10.58,0.94,3.44,12.88,-0.00,0.04,0.00
10.59,0.94,3.44,12.88,-0.00,0.02,-0.00
10.60,0.94,3.44,12.88,0.00,0.01,0.00
10.62,0.94,3.44,12.88,0.00,-0.00,0.00
10.63,0.94,3.44,12.88,-0.00,-0.01,0.00
10.64,0.94,3.44,12.88,-0.00,-0.01,0.00
10.65,0.94,3.44,12.88,-0.00,-0.00,0.00
10.66,0.94,3.44,12.88,0.00,-0.01,0.00
10.67,0.94,3.44,12.88,0.00,0.00,0.00
10.69,0.94,3.44,12.88,0.00,0.01,0.00
10.70,0.94,3.44,12.88,0.00,0.00,-0.00
10.71,0.94,3.44,12.88,-0.00,0.00,0.00
10.72,0.94,3.44,12.88,-0.00,0.00,0.00
10.73,0.94,3.44,12.88,-0.00,-0.01,-0.00
10.74,0.94,3.44,12.88,0.00,-0.00,0.00
10.76,0.94,3.44,12.88,-0.00,-0.01,0.00
10.77,0.94,3.44,12.88,0.00,-0.01,0.00
10.78,0.94,3.44,12.88,-0.00,-0.00,0.00
10.79,0.94,3.44,12.88,0.00,-0.00,-0.00
10.80,0.94,3.44,12.88,0.00,0.00,-0.00
10.81,0.94,3.44,12.88,0.00,0.00,0.00
10.83,0.94,3.44,12.88,-0.00,0.00,0.00
10.84,0.94,3.44,12.88,0.00,0.00,0.00
10.85,0.94,3.44,12.88,-0.00,-0.00,0.00
10.86,0.94,3.44,12.88,0.00,0.00,0.00
10.87,0.94,3.44,12.88,-0.00,-0.00,0.00
10.88,0.94,3.44,12.88,-0.00,-0.00,0.00
10.90,0.94,3.44,12.88,0.00,-0.00,0.00
10.91,0.94,3.44,12.88,0.00,-0.00,-0.00
10.92,0.94,3.44,12.88,0.00,-0.00,-0.00
10.93,0.94,3.44,12.88,-0.00,-0.00,-0.00
10.94,0.94,3.44,12.88,0.00,-0.00,0.00
10.96,0.94,3.44,12.88,0.00,0.00,0.00
10.97,0.94,3.44,12.88,-0.00,0.00,0.00
10.98,0.94,3.44,12.88,0.00,-0.00,0.00
10.99,0.94,3.44,12.88,0.00,-0.00,0.00
11.00,0.94,3.44,12.88,0.00,-0.00,0.00
11.01,0.94,3.44,12.88,-0.00,-0.01,0.00
11.03,0.94,3.44,12.88,-0.00,-0.01,0.00
11.04,0.94,3.44,12.88,0.00,-0.00,0.00
11.05,0.94,3.44,12.88,-0.00,0.00,0.00
11.06,0.94,3.44,12.88,0.00,-0.00,0.00
11.07,0.94,3.44,12.88,0.00,-0.00,0.00
11.08,0.94,3.44,12.88,-0.00,0.00,-0.00
11.10,0.94,3.44,12.88,-0.00,-0.01,0.00
11.11,0.94,3.44,12.88,0.00,-0.00,0.00
11.12,0.94,3.44,12.88,0.00,-0.00,-0.00
11.13,0.94,3.44,12.88,0.00,-0.00,0.00
11.14,0.94,3.44,12.88,-0.00,-0.00,0.00
11.15,0.94,3.44,12.88,0.00,0.00,0.00
11.17,0.94,3.44,12.88,-0.00,-0.00,0.00
11.18,0.94,3.44,12.88,0.00,-0.00,0.00
11.19,0.94,3.44,12.88,-0.00,-0.00,-0.00
11.20,0.94,3.44,12.88,0.00,-0.00,-0.00
11.21,0.94,3.44,12.88,0.00,-0.00,-0.00
11.22,0.94,3.44,12.88,-0.00,0.00,0.00
11.24,0.94,3.44,12.88,0.00,0.00,0.00
11.25,0.94,3.44,12.88,0.00,-0.00,-0.00
11.26,0.94,3.44,12.88,-0.00,-0.00,0.00
11.27,0.94,3.44,12.88,0.00,-0.00,0.00
11.28,0.94,3.44,12.88,0.00,-0.01,0.00
11.29,0.94,3.44,12.88,-0.00,0.00,0.00
11.31,0.94,3.44,12.88,-0.00,-0.00,0.00
11.32,0.94,3.44,12.88,0.00,-0.00,0.00
11.33,0.94,3.44,12.88,-0.00,-0.00,0.00
11.34,0.94,3.44,12.88,-0.00,0.00,-0.00
11.35,0.94,3.44,12.88,0.00,0.00,0.00
11.37,0.94,3.44,12.88,0.00,0.00,0.00
11.38,0.94,3.44,12.88,-0.00,0.00,0.00
11.39,0.94,3.44,12.88,0.00,-0.00,0.00
11.40,0.94,3.44,12.88,-0.00,-0.00,-0.00
11.41,0.94,3.44,12.88,-0.00,0.00,-0.00
11.42,0.94,3.44,12.88,0.00,-0.00,0.00
11.44,0.94,3.44,12.88,-0.00,0.00,0.00
11.45,0.94,3.44,12.88,-0.00,0.00,0.00
11.46,0.94,3.44,12.88,-0.00,0.00,0.00
11.47,0.94,3.44,12.88,-0.00,0.00,-0.00
11.49,0.94,3.44,12.88,-0.00,0.00,0.00
11.50,0.94,3.44,12.88,0.00,0.00,0.00
11.51,0.94,3.44,12.88,0.00,-0.00,-0.00
11.52,0.94,3.44,12.88,-0.00,0.00,0.00
11.53,0.94,3.44,12.88,0.00,0.00,0.00
11.54,0.94,3.44,12.88,-0.00,0.00,0.00
11.56,0.94,3.44,12.88,0.00,0.00,0.00
11.57,0.94,3.44,12.88,0.00,0.00,0.00
11.58,0.94,3.44,12.88,-0.00,0.00,0.00
11.59,0.94,3.44,12.88,-0.00,0.00,0.00
11.60,0.94,3.44,12.88,-0.00,0.00,0.00
11.62,0.94,3.44,12.88,0.00,0.00,0.00
11.63,0.94,3.44,12.88,0.00,0.00,0.00
11.64,0.94,3.44,12.88,-0.00,-0.00,0.00
11.65,0.94,3.44,12.88,0.00,-0.01,-0.00
11.66,0.94,3.44,12.88,0.00,-0.00,-0.00
11.67,0.94,3.44,12.88,0.00,0.00,0.00
11.69,0.94,3.44,12.88,-0.00,0.00,0.00
11.70,0.94,3.44,12.88,-0.00,0.00,0.00
11.71,0.94,3.44,12.88,0.00,0.00,0.00
11.72,0.94,3.44,12.88,0.00,0.00,0.00
11.73,0.94,3.44,12.88,-0.00,0.01,0.00
11.74,0.94,3.44,12.88,0.00,0.01,0.00
11.76,0.94,3.44,12.88,0.00,0.00,0.00
11.77,0.94,3.44,12.88,-0.00,0.00,0.00
11.78,0.94,3.44,12.88,-0.00,0.00,0.00
11.79,0.94,3.44,12.88,-0.00,-0.00,0.00
11.80,0.94,3.44,12.88,-0.00,0.00,0.00
11.81,0.94,3.44,12.88,-0.00,0.00,-0.00
11.83,0.94,3.44,12.88,0.00,0.00,0.00
11.84,0.94,3.44,12.88,-0.00,0.00,-0.00
11.85,0.94,3.44,12.88,-0.00,0.00,-0.00
11.86,0.94,3.44,12.88,0.00,0.00,0.00
11.87,0.94,3.44,12.88,-0.00,0.00,0.00
11.88,0.94,3.44,12.88,-0.00,-0.00,0.00
11.90,0.94,3.38,12.88,0.00,-0.08,0.01
11.91,0.94,3.25,12.88,0.04,-0.25,0.02
11.92,0.88,3.06,12.88,-0.00,-0.54,0.00
11.93,0.81,2.44,12.88,-0.03,-0.67,-0.02
11.94,0.81,2.00,12.88,-0.09,-0.75,-0.03
11.96,0.81,1.56,12.88,-0.10,-0.79,-0.01
11.97,0.81,1.13,12.88,-0.09,-0.80,0.03
11.98,0.81,0.69,12.81,-0.03,-0.80,0.02
11.99,0.75,0.25,12.81,0.00,-0.79,-0.00
12.00,0.75,-0.13,12.81,0.02,-0.77,-0.01
12.01,0.63,-0.94,12.81,0.04,-0.74,-0.02
12.03,0.50,-1.31,12.81,0.05,-0.71,0.01
12.04,0.44,-1.69,12.81,0.07,-0.70,0.03
12.05,0.38,-2.06,12.81,0.07,-0.71,0.03
12.06,0.25,-2.44,12.81,0.04,-0.74,0.01
12.07,0.19,-3.25,12.81,0.01,-0.74,0.00
12.08,0.13,-3.63,12.81,-0.01,-0.75,0.01
12.10,0.06,-4.06,12.81,-0.03,-0.76,0.00
12.11,0.06,-4.50,12.81,-0.03,-0.76,0.00
12.12,0.00,-4.88,12.81,-0.02,-0.78,0.01
12.13,0.00,-5.31,12.88,-0.00,-0.78,0.02
12.14,-0.13,-6.13,12.88,0.01,-0.77,0.01
12.15,-0.19,-6.56,12.88,0.01,-0.76,0.00
12.17,-0.25,-6.94,12.88,0.02,-0.76,-0.00
12.18,-0.31,-7.38,12.88,0.02,-0.75,0.00
12.19,-0.31,-7.75,12.88,0.01,-0.74,0.01
12.20,-0.38,-8.19,12.94,-0.01,-0.74,0.01
12.21,-0.44,-8.56,12.94,-0.02,-0.75,0.00
12.22,-0.50,-9.38,12.94,-0.02,-0.76,0.00
12.24,-0.56,-9.81,12.94,-0.01,-0.78,0.00
12.25,-0.63,-10.25,13.00,-0.00,-0.80,0.01
12.26,-0.63,-10.69,13.00,0.01,-0.79,0.01
12.27,-0.69,-11.06,13.00,0.01,-0.78,0.01
12.28,-0.81,-11.94,13.00,0.00,-0.77,0.02
12.29,-0.88,-12.31,13.06,0.01,-0.76,0.02
12.31,-0.88,-12.75,13.06,0.00,-0.74,0.00
12.32,-0.94,-13.13,13.06,-0.01,-0.66,0.00
12.33,-1.00,-13.50,13.13,-0.01,-0.61,0.01
12.34,-1.00,-13.81,13.13,-0.01,-0.55,0.01
12.35,-1.06,-14.38,13.13,-0.01,-0.50,0.01
12.37,-1.13,-14.63,13.19,0.00,-0.44,0.01
12.38,-1.13,-14.81,13.19,0.01,-0.39,0.00
12.39,-1.13,-15.00,13.19,0.01,-0.28,0.00
12.40,-1.19,-15.13,13.19,0.00,-0.24,0.00
12.41,-1.19,-15.25,13.19,0.00,-0.20,0.01
12.42,-1.19,-15.44,13.25,-0.01,-0.16,0.00
12.44,-1.19,-15.50,13.25,-0.01,-0.14,-0.00
12.45,-1.19,-15.56,13.25,-0.01,-0.10,-0.00
12.46,-1.19,-15.56,13.25,-0.01,-0.06,-0.01
12.47,-1.19,-15.56,13.25,-0.01,0.02,-0.00
12.48,-1.19,-15.56,13.25,0.01,0.04,0.00
12.49,-1.19,-15.56,13.25,0.01,0.04,0.01
12.51,-1.19,-15.50,13.25,0.02,0.04,0.00
12.52,-1.25,-15.50,13.25,0.02,0.03,-0.00
12.53,-1.25,-15.50,13.25,0.01,-0.00,0.00
12.54,-1.25,-15.50,13.25,-0.00,-0.01,0.00
12.55,-1.25,-15.50,13.25,-0.01,-0.02,-0.00
12.56,-1.25,-15.50,13.25,-0.02,-0.02,-0.00
12.58,-1.19,-15.50,13.25,-0.02,-0.02,-0.00
12.59,-1.19,-15.50,13.25,-0.01,-0.01,0.00
12.60,-1.19,-15.50,13.25,0.01,-0.00,0.00
12.61,-1.19,-15.50,13.25,0.02,0.00,0.00
12.62,-1.25,-15.50,13.25,0.02,0.01,0.01
12.63,-1.25,-15.50,13.25,0.02,0.00,0.01
12.65,-1.25,-15.50,13.25,0.01,0.01,0.00
12.66,-1.25,-15.50,13.25,0.00,0.00,0.00
12.67,-1.25,-15.50,13.25,-0.01,0.00,-0.00
12.68,-1.25,-15.50,13.25,-0.01,-0.00,-0.01
12.69,-1.25,-15.50,13.25,-0.01,-0.00,-0.01
12.71,-1.25,-15.50,13.25,-0.01,-0.01,-0.00
12.72,-1.25,-15.50,13.25,-0.00,-0.01,0.00
12.73,-1.25,-15.50,13.25,0.01,-0.00,0.00
12.74,-1.25,-15.50,13.25,0.01,-0.00,-0.00
12.75,-1.25,-15.50,13.25,0.01,0.00,0.00
12.76,-1.25,-15.50,13.25,0.01,0.01,0.00
12.78,-1.25,-15.50,13.25,0.00,0.01,0.00
12.79,-1.25,-15.50,13.25,0.00,0.01,0.00
12.80,-1.25,-15.50,13.25,-0.00,0.00,0.00
12.81,-1.25,-15.50,13.25,-0.01,-0.01,-0.00
12.82,-1.25,-15.50,13.25,-0.00,-0.01,-0.00
12.83,-1.25,-15.50,13.25,-0.00,-0.01,0.00
12.85,-1.25,-15.50,13.25,0.00,-0.01,0.01
12.86,-1.25,-15.50,13.25,0.01,-0.00,0.00
12.87,-1.25,-15.50,13.25,0.01,0.01,0.00
12.88,-1.25,-15.50,13.25,0.00,0.01,0.00
12.89,-1.25,-15.50,13.25,0.00,0.00,0.00
12.90,-1.25,-15.50,13.25,-0.00,0.00,0.00
12.92,-1.25,-15.50,13.25,-0.00,0.00,-0.00
12.93,-1.25,-15.50,13.25,-0.01,-0.01,-0.00
12.94,-1.25,-15.50,13.25,-0.00,0.00,0.00
12.95,-1.25,-15.50,13.25,0.00,-0.01,0.00
12.96,-1.25,-15.50,13.25,0.00,-0.00,-0.00
12.97,-1.25,-15.50,13.25,0.00,0.00,-0.00
12.99,-1.25,-15.50,13.25,0.01,0.00,0.00
13.00,-1.25,-15.50,13.25,0.01,0.00,0.00
13.01,-1.25,-15.50,13.25,0.00,0.00,-0.00
13.02,-1.25,-15.50,13.25,-0.00,0.00,-0.00
13.03,-1.25,-15.50,13.25,-0.00,-0.00,-0.00
13.04,-1.25,-15.50,13.25,-0.00,0.00,0.00
13.06,-1.25,-15.50,13.25,-0.00,0.00,0.00
13.07,-1.25,-15.50,13.25,0.00,0.01,0.00
13.08,-1.25,-15.50,13.25,0.00,0.00,0.00
13.09,-1.25,-15.50,13.25,0.00,0.00,0.00
13.10,-1.25,-15.50,13.25,0.01,-0.01,0.00
13.12,-1.25,-15.50,13.25,0.00,-0.00,0.00
13.13,-1.25,-15.50,13.25,-0.00,-0.00,0.00
13.14,-1.25,-15.50,13.25,0.00,0.00,0.00
13.15,-1.25,-15.50,13.25,0.00,0.00,0.00
13.16,-1.25,-15.50,13.25,0.00,0.00,-0.00
13.17,-1.25,-15.50,13.25,0.00,0.01,0.00
13.19,-1.25,-15.50,13.25,0.00,0.01,0.00
13.20,-1.25,-15.50,13.25,0.00,0.00,0.00
13.21,-1.25,-15.50,13.25,0.00,0.00,-0.00
13.22,-1.25,-15.50,13.25,0.00,-0.00,-0.00
13.23,-1.25,-15.50,13.25,0.00,-0.00,-0.00
13.24,-1.25,-15.50,13.25,0.00,-0.00,0.00
13.26,-1.25,-15.50,13.25,0.00,-0.00,0.00
13.27,-1.25,-15.50,13.25,0.00,0.00,0.00
13.28,-1.25,-15.50,13.25,-0.00,0.00,0.00
13.29,-1.25,-15.50,13.25,0.00,0.01,0.00
13.30,-1.25,-15.50,13.25,-0.01,0.08,-0.01
13.31,-1.19,-15.38,13.25,-0.03,0.19,-0.02
13.33,-1.13,-15.19,13.19,-0.05,0.41,-0.02
13.34,-1.06,-14.88,13.19,-0.07,0.57,-0.03
13.35,-1.00,-14.50,13.19,0.01,0.70,0.01
13.36,-1.00,-14.06,13.13,0.03,0.95,0.01
13.37,-0.94,-13.50,13.13,0.03,1.06,-0.02
13.38,-0.88,-12.31,13.06,0.06,1.11,-0.03
13.40,-0.81,-11.75,13.06,0.07,1.08,-0.00
13.41,-0.81,-11.25,13.00,0.01,0.95,0.02
13.42,-0.75,-10.69,13.00,-0.02,0.87,0.01
13.43,-0.69,-10.25,12.94,-0.06,0.81,-0.04
13.44,-0.44,-9.38,12.94,-0.10,0.80,-0.05
13.46,-0.38,-9.00,12.94,-0.09,0.80,-0.01
13.47,-0.25,-8.56,12.94,-0.09,0.80,-0.01
13.48,-0.19,-8.13,12.94,-0.01,0.83,-0.02
13.49,-0.13,-7.63,12.88,0.05,0.86,-0.01
13.50,-0.13,-7.19,12.88,0.08,0.87,0.00
13.51,-0.13,-6.19,12.88,0.09,0.88,0.01
13.53,-0.13,-5.75,12.88,0.09,0.86,0.01
13.54,-0.13,-5.25,12.88,0.08,0.82,-0.00
13.55,-0.06,-4.88,12.88,0.06,0.78,-0.01
13.56,-0.06,-4.44,12.81,-0.01,0.70,-0.00
13.57,0.00,-4.06,12.81,-0.04,0.69,-0.01
13.58,0.13,-3.38,12.81,-0.06,0.67,-0.01
13.60,0.19,-3.00,12.81,-0.04,0.65,-0.00
13.61,0.25,-2.69,12.81,-0.02,0.62,-0.01
13.62,0.31,-2.31,12.81,0.02,0.61,-0.01
13.63,0.31,-2.00,12.81,0.03,0.63,-0.01
13.64,0.38,-1.31,12.81,0.03,0.64,-0.00
13.65,0.38,-0.94,12.81,0.03,0.64,0.00
13.67,0.44,-0.63,12.81,0.03,0.63,-0.00
13.68,0.44,-0.31,12.81,0.02,0.60,-0.00
13.69,0.50,-0.00,12.81,-0.01,0.54,-0.01
13.70,0.50,0.25,12.81,-0.03,0.52,-0.01
13.71,0.56,0.50,12.81,-0.03,0.50,0.00
13.72,0.69,1.06,12.81,-0.03,0.48,0.00
13.74,0.69,1.31,12.81,-0.01,0.47,-0.01
13.75,0.75,1.56,12.81,0.00,0.46,-0.01
13.76,0.75,1.81,12.81,0.02,0.46,-0.01
13.77,0.75,2.06,12.81,0.03,0.48,-0.00
13.78,0.81,2.56,12.81,0.02,0.48,0.00
13.79,0.81,2.81,12.81,0.02,0.47,-0.00
13.81,0.81,3.06,12.81,0.02,0.43,-0.01
13.82,0.88,3.31,12.88,0.00,0.41,-0.00
13.83,0.88,3.50,12.88,-0.02,0.38,-0.00
13.84,0.94,3.69,12.88,-0.03,0.38,0.00
13.85,1.00,4.13,12.88,-0.02,0.37,-0.00
13.87,1.00,4.31,12.88,-0.01,0.36,-0.00
13.88,1.06,4.50,12.88,0.01,0.37,-0.00
13.89,1.06,4.69,12.88,0.02,0.37,-0.00
13.90,1.06,4.94,12.88,0.03,0.36,-0.00
13.91,1.06,5.13,12.88,0.02,0.35,-0.00
13.92,1.13,5.50,12.88,0.01,0.33,-0.01
13.94,1.13,5.63,12.88,-0.00,0.31,-0.01
13.95,1.13,5.81,12.88,-0.01,0.30,-0.00
13.96,1.19,5.94,12.88,-0.02,0.30,-0.00
13.97,1.19,6.13,12.88,-0.01,0.29,0.00
13.98,1.25,6.25,12.94,-0.00,0.28,-0.00
13.99,1.25,6.56,12.94,0.01,0.28,-0.01
14.01,1.25,6.75,12.94,0.02,0.28,0.00
14.02,1.25,6.88,12.94,0.02,0.28,-0.00
14.03,1.31,7.00,12.94,0.01,0.26,0.00
14.04,1.31,7.19,12.94,0.00,0.25,-0.00
14.05,1.31,7.31,12.94,-0.00,0.24,-0.00
14.06,1.38,7.56,12.94,-0.01,0.22,-0.00
14.08,1.38,7.69,12.94,-0.01,0.22,-0.00
14.09,1.38,7.81,12.94,-0.01,0.22,0.00
14.10,1.38,7.88,12.94,-0.01,0.21,-0.00
14.11,1.44,8.00,12.94,0.01,0.20,-0.01
14.12,1.44,8.13,13.00,0.02,0.20,-0.00
14.13,1.44,8.31,13.00,0.01,0.19,-0.00
14.15,1.44,8.44,13.00,0.01,0.19,-0.00
14.16,1.44,8.56,13.00,0.00,0.19,-0.01
14.17,1.50,8.63,13.00,-0.00,0.19,-0.00
14.18,1.50,8.75,13.00,-0.01,0.18,0.00
14.19,1.50,8.94,13.00,-0.00,0.17,-0.00
14.21,1.50,9.00,13.00,-0.00,0.16,0.00
14.22,1.50,9.13,13.00,0.00,0.15,-0.00
14.23,1.56,9.19,13.00,0.00,0.15,-0.00
14.24,1.56,9.25,13.00,0.00,0.13,-0.00
14.25,1.56,9.31,13.00,0.00,0.13,0.00
14.26,1.56,9.50,13.06,-0.00,0.13,0.00
14.28,1.56,9.56,13.06,-0.00,0.13,-0.00
14.29,1.56,9.63,13.06,0.00,0.13,-0.00
14.30,1.56,9.69,13.06,0.00,0.13,-0.00
14.31,1.63,9.75,13.06,0.00,0.12,-0.00
14.32,1.63,9.81,13.06,0.00,0.11,-0.00
14.34,1.63,9.94,13.06,0.00,0.10,-0.00
14.35,1.63,10.00,13.06,0.00,0.10,-0.00
14.36,1.63,10.06,13.06,0.00,0.08,0.00
14.37,1.63,10.06,13.06,0.00,0.08,-0.00
14.38,1.63,10.19,13.06,0.00,0.08,-0.00
14.40,1.63,10.19,13.06,0.00,0.08,0.00
14.41,1.69,10.25,13.06,0.00,0.08,-0.00
14.42,1.69,10.31,13.06,0.00,0.08,-0.00
14.43,1.69,10.31,13.06,0.00,0.07,0.00
14.44,1.69,10.44,13.06,-0.00,0.06,0.00
14.46,1.69,10.44,13.06,-0.00,0.06,0.00