0.05,0.00,0.00,0.00,-0.00,-0.01,0.00
0.10,0.00,0.00,0.00,0.00,-0.00,0.00
0.16,0.00,-0.69,13.81,-0.00,-0.00,0.00
0.21,0.00,-0.69,13.81,-0.00,-0.01,0.00
0.26,0.00,-0.69,13.81,0.00,-0.01,0.00
0.32,0.00,-0.69,13.81,-0.00,-0.00,0.00
0.37,0.00,-0.69,13.81,0.00,0.00,0.00
0.43,0.00,-0.69,13.81,-0.00,-0.01,0.00
0.50,0.00,-0.69,13.81,0.00,-0.00,0.00
0.56,0.00,-0.69,13.81,0.00,0.00,0.00
0.62,0.00,-0.69,13.81,-0.00,-0.00,0.00
0.68,0.00,-0.69,13.81,0.00,0.00,0.00
0.73,0.00,-0.69,13.81,-0.00,-0.00,0.00
0.79,0.00,-0.69,13.81,0.00,-0.00,0.00
0.85,0.00,-0.69,13.81,0.00,0.00,-0.00
0.91,0.00,-0.69,13.81,0.00,-0.00,-0.00
0.97,0.00,-0.69,13.81,-0.00,0.00,-0.00
1.03,0.00,-0.69,13.81,-0.00,0.00,0.00
1.08,0.00,-0.69,13.81,0.00,0.00,0.00
1.14,0.00,-0.69,13.81,0.00,-0.00,0.00
1.19,0.00,-0.69,13.81,0.00,0.00,-0.00
1.25,0.00,-0.69,13.81,0.00,0.00,-0.00
1.31,0.00,-0.69,13.81,-0.00,-0.00,0.00
1.37,0.00,-0.69,13.81,-0.00,0.00,0.00
1.43,0.00,-0.69,13.81,0.00,0.00,0.00
1.48,0.00,-0.69,13.81,-0.00,-0.00,-0.00
1.54,0.00,-0.69,13.81,0.00,0.00,0.00
1.60,0.00,-0.69,13.81,0.00,0.00,0.00
1.66,0.00,-0.69,13.81,-0.00,-0.00,0.00
1.71,0.00,-0.69,13.81,0.00,0.00,0.00
1.77,0.00,-0.69,13.81,-0.00,0.00,0.00
1.83,0.00,-0.69,13.81,0.00,-0.00,-0.00
1.89,0.00,-0.69,13.81,0.00,0.00,-0.00
1.94,0.00,-0.69,13.81,-0.00,-0.00,-0.00
2.00,0.00,-0.69,13.81,-0.00,-0.00,0.00
2.06,359.94,-0.50,13.81,0.04,-0.25,0.02
2.12,359.81,1.06,13.75,-0.07,-0.72,0.02
2.17,359.50,3.56,13.81,0.02,-0.80,0.01
2.23,359.25,5.56,13.88,0.00,-0.74,0.01
2.28,359.00,7.56,13.88,-0.01,-0.73,0.00
2.33,358.81,9.50,13.94,0.00,-0.73,0.01
2.38,358.50,11.50,14.00,0.00,-0.77,0.01
2.44,358.19,14.00,14.19,-0.00,-0.78,0.01
2.49,357.94,16.06,14.31,0.00,-0.77,0.00
2.54,357.69,18.13,14.44,0.00,-0.76,0.00
2.60,357.38,20.56,14.69,-0.00,-0.77,0.01
2.66,357.06,23.06,14.94,-0.00,-0.79,0.00
2.71,356.75,25.19,15.19,0.00,-0.55,0.00
2.77,356.56,26.56,15.38,0.00,-0.35,-0.00
2.82,356.50,27.06,15.44,0.00,-0.14,0.00
2.87,356.44,27.31,15.44,-0.01,0.00,-0.00
2.92,356.50,27.25,15.44,0.01,0.02,0.01
2.98,356.50,27.19,15.44,-0.00,0.02,0.00
3.03,356.50,27.19,15.38,-0.01,-0.01,-0.00
3.08,356.50,27.19,15.38,0.01,-0.01,-0.00
3.13,356.50,27.25,15.38,0.00,-0.01,-0.01
3.19,356.50,27.25,15.38,-0.00,-0.01,0.00
3.24,356.50,27.25,15.38,0.00,0.01,0.00
3.29,356.50,27.25,15.38,-0.00,0.01,-0.00
3.35,356.50,27.25,15.38,0.00,-0.01,-0.00
3.41,356.50,27.25,15.38,0.00,-0.00,0.00
3.46,356.50,27.25,15.38,0.00,0.00,-0.00
3.52,356.50,27.31,15.38,-0.00,0.00,-0.00
3.57,356.50,27.31,15.38,0.00,0.00,-0.00
3.62,356.50,27.31,15.38,-0.00,-0.00,-0.00
3.67,356.50,27.31,15.38,0.00,0.00,0.00
3.73,356.50,27.31,15.38,-0.00,0.00,0.00
3.78,356.50,27.31,15.38,-0.00,0.00,-0.00
3.83,356.50,27.31,15.38,0.00,0.00,0.00
3.88,356.50,27.31,15.38,-0.00,-0.00,0.00
3.94,356.50,27.31,15.38,0.00,0.00,0.00
3.99,356.50,27.31,15.38,0.00,0.00,0.00
4.05,356.50,27.31,15.38,0.00,0.00,-0.00
4.11,356.50,27.31,15.38,-0.00,0.00,0.00
4.16,356.50,27.31,15.38,0.00,0.00,-0.00
4.22,356.50,27.31,15.38,-0.00,-0.00,-0.00
4.28,356.50,27.31,15.38,0.00,0.00,0.00
4.33,356.50,27.31,15.38,0.01,-0.00,-0.00
4.39,356.50,27.31,15.38,-0.00,-0.00,-0.00
4.45,356.50,27.31,15.38,0.00,0.00,0.00
4.50,356.50,27.31,15.38,0.00,-0.00,0.00
4.56,356.50,27.31,15.38,-0.00,-0.00,0.00
4.62,356.50,27.31,15.38,0.00,0.00,0.00
4.67,356.50,27.31,15.38,-0.00,0.06,-0.01
4.73,356.75,25.88,15.19,0.06,0.87,-0.02
4.79,357.00,22.88,14.81,-0.00,0.99,0.01
4.84,357.44,20.44,14.56,-0.05,0.83,-0.02
4.90,357.88,17.69,14.38,0.01,0.84,-0.01
4.96,358.19,15.06,14.19,-0.00,0.84,-0.01
5.01,358.50,12.81,14.06,0.00,0.85,-0.01
5.07,358.88,9.50,13.94,0.01,0.89,-0.01
5.13,359.25,6.88,13.81,-0.00,0.76,-0.00
5.19,359.50,4.56,13.75,0.01,0.65,-0.01
5.24,359.69,3.25,13.75,-0.00,0.58,-0.01
5.30,359.88,1.50,13.75,-0.00,0.51,-0.01
5.36,0.13,0.00,13.75,0.00,0.46,0.00
5.41,0.25,-1.19,13.75,-0.00,0.41,-0.00
5.47,0.38,-2.38,13.75,-0.00,0.34,-0.01
5.53,0.50,-3.38,13.75,0.00,0.31,-0.01
5.58,0.63,-4.19,13.75,0.00,0.26,-0.00
5.64,0.75,-5.06,13.81,-0.00,0.22,0.00
5.70,0.81,-5.69,13.81,-0.00,0.20,-0.00
5.75,0.88,-6.19,13.81,0.00,0.17,-0.00
5.81,0.94,-6.69,13.81,-0.00,0.15,0.00
5.87,1.00,-7.13,13.88,-0.00,0.12,0.00
5.92,1.00,-7.50,13.88,0.00,0.11,-0.00
5.98,1.06,-7.81,13.88,-0.00,0.09,-0.00
6.04,1.06,-8.00,13.88,0.00,0.07,0.00
6.09,1.13,-8.13,13.88,-0.00,0.05,-0.00
6.15,1.13,-8.25,13.94,-0.00,0.01,-0.00
6.21,1.13,-8.31,13.94,0.00,0.00,0.00
6.26,1.13,-8.31,13.94,0.00,-0.00,0.00
6.32,1.13,-8.31,13.94,-0.00,0.00,-0.00
6.38,1.13,-8.31,13.94,-0.00,0.00,-0.00
6.44,1.13,-8.31,13.94,-0.00,0.00,0.00
6.49,1.13,-8.31,13.94,-0.00,0.00,-0.00
6.55,1.13,-8.31,13.94,-0.00,0.00,0.00
6.61,1.13,-8.31,13.94,-0.00,-0.00,0.00
6.66,1.13,-8.31,13.94,0.00,0.00,0.00
6.72,1.13,-8.31,13.94,-0.00,0.00,0.00
6.78,1.13,-8.31,13.94,-0.00,-0.00,0.00
6.83,1.13,-8.31,13.94,0.00,-0.00,0.00
6.89,1.13,-8.31,13.94,0.00,0.01,0.00
6.95,1.13,-8.31,13.94,-0.00,-0.00,0.00
7.00,1.13,-8.31,13.94,-0.00,0.00,-0.00
7.06,1.13,-8.31,13.94,0.00,0.00,0.00
7.12,1.13,-8.31,13.94,-0.00,0.00,-0.00
7.17,1.13,-8.31,13.94,-0.00,0.00,-0.00
7.23,1.13,-8.31,13.94,0.00,0.00,0.00
7.29,1.13,-8.31,13.94,0.00,-0.00,0.00
7.35,1.13,-8.31,13.94,-0.00,0.00,-0.00
7.40,1.13,-8.31,13.94,-0.00,0.01,0.00
7.46,1.13,-8.31,13.94,-0.00,0.00,0.00
7.51,1.13,-8.31,13.94,-0.00,-0.00,0.00
7.57,1.13,-8.31,13.94,0.00,-0.00,0.00
7.63,1.13,-8.31,13.94,0.00,-0.00,-0.00
7.69,1.13,-8.31,13.94,0.00,-0.00,0.00
7.74,1.13,-8.31,13.94,0.00,0.00,0.00
7.80,1.13,-8.31,13.94,0.00,0.00,-0.00
7.86,1.13,-8.31,13.94,-0.00,0.00,0.00
7.91,1.13,-8.31,13.94,-0.00,-0.00,-0.00
7.97,1.13,-8.31,13.94,-0.00,-0.00,0.00
8.02,1.13,-8.31,13.94,-0.00,0.00,0.00
8.08,1.13,-8.31,13.94,0.00,0.00,-0.00
8.14,1.13,-8.31,13.94,-0.00,0.00,0.00
8.20,1.13,-8.31,13.94,0.00,0.00,0.00
8.25,1.13,-8.31,13.94,0.00,-0.00,0.00
8.31,1.13,-8.31,13.94,-0.00,-0.00,0.00
8.37,1.13,-8.31,13.94,0.00,0.00,0.00
8.43,1.13,-8.31,13.94,0.00,0.00,0.00
8.50,1.13,-8.31,13.94,0.00,-0.00,0.00
8.56,1.13,-8.31,13.94,-0.00,-0.00,0.00
8.62,1.13,-8.31,13.94,-0.00,0.00,0.00
8.68,1.13,-8.31,13.94,-0.00,0.00,0.00
8.74,1.13,-8.31,13.94,0.00,0.00,-0.00
8.80,1.13,-8.31,13.94,-0.00,-0.00,0.00
8.86,1.13,-8.31,13.94,-0.00,-0.00,-0.00
8.91,1.13,-8.31,13.94,0.00,0.00,0.00
8.97,1.13,-8.31,13.94,-0.00,0.00,0.00
9.02,1.13,-8.31,13.94,0.00,0.00,-0.00
9.08,1.13,-8.31,13.94,-0.00,0.00,-0.00
9.14,1.13,-8.25,13.94,0.06,-0.27,0.01
9.20,0.88,-6.44,13.81,-0.08,-0.72,0.03
9.25,0.69,-4.31,13.81,0.03,-0.81,0.00
9.31,0.31,-1.88,13.75,-0.01,-0.74,0.01
9.37,0.06,0.06,13.75,-0.03,-0.71,0.01
9.43,359.75,2.75,13.75,-0.01,-0.71,0.01
9.49,359.44,5.13,13.75,-0.00,-0.76,-0.00
9.55,359.13,7.63,13.81,0.01,-0.77,-0.00
9.61,358.81,10.13,13.88,-0.01,-0.77,-0.00
9.66,358.56,12.19,14.00,-0.00,-0.76,0.01
9.72,358.25,14.63,14.13,0.00,-0.77,0.01
9.77,358.00,16.44,14.25,-0.01,-0.58,0.00
9.83,357.81,17.94,14.38,0.01,-0.33,0.00
9.89,357.69,18.56,14.44,-0.01,-0.04,0.00
9.95,357.69,18.56,14.38,-0.01,0.04,0.00
10.00,357.69,18.50,14.38,-0.01,0.01,0.01
10.06,357.69,18.50,14.38,-0.00,0.00,-0.00
10.12,357.69,18.50,14.38,0.01,-0.01,-0.00
10.18,357.69,18.50,14.38,0.00,-0.01,-0.00
10.24,357.69,18.50,14.38,-0.00,-0.00,-0.00
10.30,357.69,18.50,14.38,-0.00,0.00,-0.00
10.36,357.69,18.56,14.38,-0.00,0.00,0.00
10.41,357.69,18.50,14.38,0.00,0.01,-0.00
10.47,357.69,18.50,14.38,0.00,0.00,-0.00
10.52,357.69,18.56,14.38,-0.00,-0.00,0.00
10.58,357.69,18.56,14.38,0.00,0.00,-0.00
10.64,357.69,18.56,14.38,-0.00,0.00,-0.00
10.70,357.69,18.56,14.38,0.00,0.00,0.00
10.75,357.69,18.56,14.38,-0.01,0.00,0.00
10.81,357.69,18.56,14.38,-0.00,0.00,-0.00
10.87,357.69,18.56,14.38,0.00,-0.00,-0.00
10.93,357.69,18.56,14.38,-0.00,-0.02,-0.00
10.99,357.69,18.63,14.38,0.00,-0.01,0.00
11.05,357.69,18.63,14.38,0.00,0.00,-0.00
11.11,357.69,18.63,14.38,-0.01,0.00,-0.01
11.16,357.75,18.63,14.38,0.00,0.01,-0.00
11.22,357.75,18.56,14.38,-0.00,0.01,-0.00
11.27,357.75,18.50,14.38,0.00,-0.00,0.00
11.33,357.75,18.50,14.38,0.02,-0.02,0.01
11.39,357.69,18.56,14.38,0.01,-0.02,-0.00
11.45,357.63,18.63,14.44,0.02,-0.01,0.01
11.50,357.56,18.63,14.44,-0.01,0.00,-0.00
11.56,357.75,18.63,14.38,-0.04,0.01,-0.01
11.62,357.75,18.56,14.38,0.02,0.02,0.01
11.68,357.69,18.50,14.38,-0.02,-0.02,-0.01
11.74,357.69,18.56,14.38,0.02,0.01,-0.01
11.80,357.88,17.06,14.31,0.13,0.80,0.00
11.86,357.94,13.81,14.13,0.05,1.02,0.01
11.91,358.50,11.44,13.94,-0.14,0.87,-0.05
11.97,359.06,8.69,13.88,0.01,0.84,0.00
12.02,359.31,6.38,13.81,-0.01,0.87,0.00
12.08,359.63,4.13,13.75,0.02,0.88,-0.01
12.14,359.94,1.25,13.75,0.00,0.86,-0.01
12.20,0.31,-1.44,13.75,0.01,0.79,-0.00
12.25,0.56,-3.44,13.81,-0.01,0.74,-0.00
12.31,0.81,-5.69,13.88,0.01,0.66,-0.01
12.37,1.06,-7.94,13.94,0.02,0.53,-0.01
12.43,1.19,-9.50,14.00,0.06,0.38,-0.01
12.50,1.13,-10.63,14.06,0.04,0.29,-0.02
12.56,1.25,-11.38,14.13,-0.01,0.15,-0.01
12.62,1.25,-11.69,14.19,0.00,0.05,0.00
12.68,1.25,-11.69,14.19,-0.00,-0.01,-0.00
12.74,1.25,-11.69,14.19,0.00,-0.00,-0.01
12.80,1.25,-11.69,14.19,-0.00,0.01,0.00
12.86,1.25,-11.69,14.19,-0.01,0.01,0.00
12.91,1.25,-11.69,14.19,0.00,0.01,0.00
12.97,1.25,-11.69,14.19,-0.01,-0.00,-0.00
13.02,1.25,-11.69,14.19,0.00,-0.00,0.00
13.08,1.25,-11.69,14.19,-0.00,0.00,0.00
13.14,1.25,-11.69,14.19,0.01,0.01,-0.00
13.20,1.25,-11.69,14.19,0.00,-0.00,-0.00
13.25,1.25,-11.69,14.19,0.00,-0.00,0.00
13.31,1.25,-11.69,14.19,-0.00,0.00,0.00
13.37,1.25,-11.69,14.19,0.00,0.00,-0.00
13.43,1.25,-11.69,14.19,-0.01,0.00,0.00
13.49,1.25,-11.69,14.19,0.01,0.00,-0.00
13.55,1.25,-11.69,14.19,-0.01,-0.00,-0.00
13.62,1.25,-11.69,14.19,0.00,0.00,-0.00
13.68,1.25,-11.69,14.19,-0.01,0.00,0.00
13.74,1.31,-11.69,14.19,-0.02,-0.00,0.00
13.80,1.38,-11.69,14.25,-0.01,0.00,0.00
13.86,1.38,-11.69,14.25,-0.00,-0.00,0.00
13.91,1.38,-11.69,14.25,0.00,0.00,-0.00
13.97,1.38,-11.69,14.25,0.01,-0.00,-0.00
14.02,1.38,-11.69,14.25,0.01,-0.00,-0.01
14.08,1.31,-11.69,14.19,0.03,-0.00,-0.01
14.14,1.25,-11.69,14.25,0.02,-0.00,-0.01
14.20,1.19,-11.75,14.25,0.01,0.00,-0.00
14.25,1.19,-11.75,14.25,0.00,-0.00,0.00
14.31,1.19,-11.75,14.25,0.00,0.00,-0.00
14.37,1.19,-11.75,14.25,0.00,-0.00,-0.00
14.43,1.19,-11.75,14.25,-0.00,-0.00,0.00
14.49,1.19,-11.75,14.25,0.01,0.00,0.00
14.55,1.19,-11.75,14.25,0.00,0.00,-0.00
14.62,1.19,-11.75,14.25,0.01,-0.00,-0.00
14.68,1.19,-11.75,14.25,0.00,-0.00,-0.00
14.74,1.19,-11.75,14.25,0.00,-0.00,-0.00
14.80,1.19,-11.75,14.25,0.01,0.00,-0.00
14.86,1.19,-11.75,14.25,0.00,-0.00,-0.00
14.91,1.19,-11.75,14.25,0.00,0.00,-0.00
14.97,1.19,-11.75,14.25,0.00,-0.00,0.00
15.02,1.19,-11.75,14.25,-0.00,-0.00,0.00
15.08,1.19,-11.75,14.25,-0.00,-0.00,0.00
15.14,1.19,-11.75,14.25,0.00,0.00,0.00
15.20,1.19,-11.75,14.25,-0.00,-0.01,0.00
15.25,1.19,-11.75,14.25,0.00,0.00,0.00
15.31,1.19,-11.75,14.25,-0.00,-0.00,-0.00
15.37,1.19,-11.75,14.25,-0.00,0.00,0.00
15.43,1.19,-11.75,14.25,0.00,-0.00,0.00
15.49,1.19,-11.75,14.25,-0.00,0.00,-0.00
15.55,1.19,-11.75,14.25,0.00,0.01,-0.00
15.61,1.19,-11.75,14.25,-0.00,0.00,0.00
15.66,1.19,-11.75,14.25,-0.00,0.01,0.00
15.72,1.19,-11.75,14.25,0.00,-0.00,-0.00
15.77,1.19,-11.75,14.25,0.00,-0.00,0.00
15.83,1.19,-11.75,14.25,-0.00,0.00,0.00
15.89,1.19,-11.75,14.25,0.00,0.00,0.00
15.95,1.19,-11.75,14.25,-0.00,0.00,0.00
16.00,1.19,-11.75,14.25,0.00,0.00,0.00
16.06,1.19,-11.75,14.25,-0.01,0.00,0.00
16.11,1.19,-11.75,14.25,0.00,0.00,0.00
16.17,1.19,-11.75,14.25,0.00,0.00,0.00
16.23,0.94,-10.44,14.13,-0.03,-0.70,0.00
16.28,1.00,-8.38,14.06,-0.09,-0.77,0.02
16.34,0.81,-6.25,13.94,0.02,-0.74,0.00
16.39,0.44,-4.25,13.94,0.06,-0.75,0.00
16.45,359.94,-1.94,13.88,0.04,-0.75,0.00
16.50,359.69,0.00,13.88,-0.03,-0.75,0.01
16.56,359.44,2.38,13.81,-0.00,-0.75,0.01
16.61,359.19,4.38,13.88,0.01,-0.75,0.01
16.67,358.88,6.81,13.94,-0.01,-0.75,0.00
16.73,358.50,9.69,14.00,-0.00,-0.76,0.01
16.78,358.25,11.38,14.06,0.00,-0.77,0.01
16.84,358.06,13.50,14.19,-0.01,-0.49,-0.00
16.89,357.88,14.56,14.25,0.02,-0.23,0.01
16.95,357.81,15.00,14.25,-0.02,-0.03,-0.01
17.00,357.88,14.94,14.25,0.02,0.02,0.01
17.06,357.81,14.88,14.25,-0.01,0.01,0.00
17.11,357.88,14.88,14.25,-0.01,-0.01,-0.01
17.17,357.88,14.94,14.25,0.00,0.00,0.00
17.23,357.88,14.94,14.19,0.00,0.00,0.00
17.28,357.88,14.94,14.19,-0.00,0.00,0.00
17.34,357.88,14.94,14.19,-0.01,0.00,0.00
17.39,357.88,14.94,14.19,-0.01,0.00,-0.00
17.45,357.88,14.94,14.19,-0.02,-0.00,-0.00
17.50,357.94,14.94,14.19,-0.01,0.00,-0.01
17.56,357.94,14.94,14.19,0.00,0.00,0.00
17.61,357.94,14.94,14.19,0.00,-0.00,0.00
17.67,357.94,14.94,14.19,-0.00,0.00,0.00
17.73,357.94,14.94,14.19,0.00,-0.00,0.00
17.78,357.94,14.94,14.19,0.00,0.00,0.00
17.84,357.94,14.94,14.19,0.01,0.00,0.00
17.89,357.94,14.94,14.19,0.00,0.00,0.00
17.95,357.94,14.94,14.19,0.00,0.00,0.00
18.00,357.94,14.94,14.19,0.00,0.00,0.00
18.06,357.94,14.94,14.19,0.01,-0.00,0.00
18.11,357.94,14.94,14.19,0.01,-0.00,0.00
18.17,357.94,14.94,14.19,0.01,-0.00,0.00
18.23,357.94,14.94,14.19,-0.00,0.00,0.00
18.28,357.94,14.94,14.19,-0.01,0.00,0.00
18.34,357.94,14.94,14.19,-0.01,0.00,-0.00
18.39,358.00,14.94,14.19,-0.02,0.00,-0.01
18.45,358.00,15.00,14.19,-0.01,0.00,-0.00
18.50,358.00,15.00,14.19,-0.01,0.01,0.00
18.56,358.00,15.00,14.19,-0.01,0.00,-0.00
18.61,358.06,15.00,14.13,-0.02,0.00,-0.00
18.67,358.13,15.00,14.13,-0.02,0.00,-0.00
18.73,358.19,15.00,14.13,-0.00,0.00,0.00
18.78,358.19,15.00,14.13,-0.01,0.00,-0.00
18.84,358.31,14.38,14.13,-0.07,0.54,-0.04
18.89,358.50,12.56,14.06,0.09,1.04,0.02
18.95,358.63,9.25,13.88,-0.01,0.86,-0.02
19.00,359.13,6.94,13.81,-0.10,0.88,-0.03
19.06,359.63,4.25,13.75,0.01,0.88,-0.01
19.11,359.88,1.88,13.75,0.04,0.86,-0.01
19.17,0.13,-0.94,13.75,0.02,0.91,-0.02
19.24,0.44,-4.25,13.88,0.01,0.86,-0.00
19.29,0.69,-6.44,13.88,-0.01,0.78,-0.00
19.35,1.06,-8.81,14.00,0.01,0.69,-0.01
19.41,1.31,-11.00,14.13,0.00,0.65,-0.01
19.46,1.50,-12.63,14.19,-0.01,0.56,-0.00
19.52,1.75,-14.19,14.31,-0.00,0.46,-0.00
19.57,1.88,-15.31,14.38,-0.00,0.37,-0.01
19.63,2.00,-16.31,14.44,-0.00,0.27,-0.01
19.68,2.06,-16.94,14.50,-0.01,0.19,-0.00
19.74,2.13,-17.44,14.56,-0.00,0.11,-0.00
19.79,2.19,-17.69,14.63,-0.00,0.04,-0.00
19.85,2.19,-17.69,14.63,-0.01,-0.01,-0.01
19.91,2.19,-17.69,14.63,-0.00,-0.01,-0.00
19.96,2.19,-17.69,14.63,-0.00,0.00,-0.00
20.02,2.19,-17.69,14.63,-0.01,0.01,-0.00
20.07,2.19,-17.69,14.63,-0.01,0.00,-0.00
20.13,2.19,-17.75,14.63,-0.01,-0.00,-0.00
20.18,2.19,-17.75,14.63,-0.00,0.00,-0.00
20.24,2.19,-17.75,14.63,-0.01,0.00,-0.00
20.29,2.19,-17.75,14.63,-0.01,-0.00,-0.00
20.35,2.19,-17.75,14.63,-0.00,0.00,-0.00