0.10,-0.00,-0.00,0.00
0.20,-0.00,-0.00,0.00
0.30,0.00,-0.00,0.00
0.40,0.00,-0.01,0.00
0.50,0.00,-0.01,0.00
1.50,0.00,0.00,0.01
1.60,0.00,-0.00,0.01
1.70,-0.00,-0.00,0.01
1.80,0.00,-0.00,0.01
1.90,-0.00,0.00,0.01
2.00,-0.00,0.00,0.01
3.00,0.00,0.01,0.02
3.10,0.00,-0.00,0.02
3.20,-0.00,0.00,0.02
3.30,0.00,0.00,0.02
3.40,0.00,0.00,0.02
3.50,0.00,0.01,0.02
4.50,-0.00,-0.00,0.03
4.60,-0.00,0.00,0.03
4.70,-0.00,-0.00,0.03
4.80,0.00,0.00,0.03
4.90,-0.00,0.00,0.03
5.00,0.00,-0.00,0.03
6.00,0.00,0.00,0.04
6.10,0.00,-0.00,0.04
6.20,-0.00,0.00,0.04
6.30,0.00,0.00,0.04
6.40,0.00,0.00,0.04
6.50,0.00,0.00,0.04
7.50,0.00,-0.00,0.05
7.60,0.00,0.00,0.05
7.70,0.00,0.00,0.05
7.80,0.00,0.00,0.05
7.90,0.00,0.00,0.05
8.00,-0.00,-0.00,0.05
9.00,0.00,-0.00,0.06
9.10,-0.00,-0.00,0.06
9.20,0.00,-0.00,0.06
9.30,-0.00,0.00,0.06
9.40,0.00,-0.00,0.06
9.50,-0.00,0.00,0.06
10.50,0.00,-0.01,0.07
10.60,-0.00,-0.01,0.07
10.70,0.00,-0.00,0.07
10.80,-0.00,0.00,0.07
10.90,0.00,0.00,0.07
11.00,0.00,0.00,0.07
12.00,0.00,0.01,0.08
12.10,0.00,0.01,0.08
12.20,0.00,0.01,0.08
12.30,0.00,0.01,0.08
12.40,0.00,0.00,0.08
12.50,0.00,0.00,0.08
13.50,0.00,0.00,0.09
13.60,0.00,-0.00,0.09
13.70,0.00,0.00,0.09
13.80,0.00,0.01,0.09
13.90,0.00,0.01,0.09
14.00,0.00,0.00,0.09
15.00,-0.00,0.00,0.10
15.10,-0.00,0.00,0.10
15.20,-0.00,0.00,0.10
15.30,0.00,0.00,0.10
15.40,0.00,0.00,0.10
15.50,0.00,0.00,0.10
16.50,0.00,0.00,0.11
16.60,0.00,0.00,0.11
16.70,-0.00,-0.00,0.11
16.80,-0.00,-0.01,0.11
16.90,-0.00,-0.01,0.11
17.00,-0.00,-0.01,0.11
18.00,0.00,0.00,0.12
18.10,-0.00,0.00,0.12
18.20,-0.00,-0.00,0.12
18.30,-0.00,-0.00,0.12
18.40,0.00,-0.00,0.12
18.50,0.00,0.00,0.12
19.60,0.00,0.00,0.13
19.70,0.00,-0.00,0.13
19.80,-0.00,-0.00,0.13
19.90,0.00,-0.00,0.13
20.00,-0.00,-0.00,0.13
20.10,-0.00,-0.00,0.13
21.10,-0.00,-0.01,0.14
21.20,0.00,-0.00,0.14
21.30,0.00,-0.00,0.14
21.40,-0.00,0.00,0.14
21.50,0.00,0.00,0.14
21.60,-0.00,-0.00,0.14
22.60,0.00,-0.00,0.15
22.70,-0.00,0.00,0.15
22.80,-0.00,0.00,0.15
22.90,-0.00,-0.00,0.15
23.00,0.00,-0.00,0.15
23.10,-0.00,0.00,0.15
24.10,0.00,-0.00,0.16
24.20,0.00,-0.00,0.16
24.30,0.00,-0.00,0.16
24.40,0.00,-0.00,0.16
24.50,0.00,-0.01,0.16
24.60,0.00,0.00,0.16
25.60,0.00,0.00,0.17
25.70,-0.00,0.00,0.17
25.80,0.00,-0.00,0.17
25.90,-0.00,0.00,0.17
26.00,0.00,-0.00,0.17
26.10,0.00,0.00,0.17
27.10,0.00,0.01,0.18
27.20,0.00,0.01,0.18
27.30,0.00,0.00,0.18
27.40,-0.00,-0.00,0.18
27.50,0.00,-0.00,0.18
27.60,-0.00,-0.01,0.18
28.60,0.00,-0.00,0.19
28.70,-0.00,0.00,0.19
28.80,-0.00,0.00,0.19
28.90,-0.00,-0.00,0.19
29.00,0.00,0.00,0.19
29.10,0.00,0.00,0.19
30.10,-0.00,0.00,0.20
30.20,0.00,-0.00,0.20
30.30,0.00,0.00,0.20
30.40,-0.00,0.00,0.20
30.50,0.00,-0.00,0.20
30.60,-0.00,0.00,0.20
31.60,-0.00,0.00,0.21
31.70,0.00,0.00,0.21
31.80,-0.00,0.00,0.21
31.90,-0.00,0.00,0.21
32.00,0.00,0.00,0.21
32.10,-0.00,0.00,0.21
33.10,0.00,0.00,0.22
33.20,0.00,0.00,0.22
33.30,-0.00,0.00,0.22
33.40,-0.00,-0.00,0.22
33.50,0.00,0.00,0.22
33.60,-0.00,-0.00,0.22
34.60,0.00,0.00,0.23
34.70,0.00,0.00,0.23
34.80,-0.00,0.00,0.23
34.90,0.00,0.00,0.23
35.00,0.00,0.00,0.23
35.10,0.00,0.00,0.23
36.10,0.00,0.00,0.24
36.20,-0.00,-0.00,0.24
36.30,0.00,0.00,0.24
36.40,0.00,0.00,0.24
36.50,0.00,0.00,0.24
36.60,0.00,0.00,0.24
37.60,0.00,0.00,0.25
37.70,0.00,-0.00,0.25
37.80,-0.00,0.00,0.25
37.90,0.00,-0.00,0.25
38.00,0.00,-0.00,0.25
38.10,0.00,-0.00,0.25
39.10,-0.00,0.00,0.26
39.20,0.00,-0.00,0.26
39.30,-0.00,0.00,0.26
39.40,0.00,0.00,0.26
39.50,0.00,0.00,0.26
39.60,0.00,0.00,0.26
40.60,0.00,0.00,0.27
40.70,-0.00,-0.00,0.27
40.80,-0.00,-0.00,0.27
40.90,-0.00,0.00,0.27
41.00,0.00,-0.00,0.27
41.10,0.00,-0.00,0.27
42.10,0.00,0.01,0.28
42.20,0.00,0.01,0.28
42.30,0.00,0.01,0.28
42.40,0.00,0.01,0.28
42.50,0.00,0.00,0.28
42.60,-0.00,-0.00,0.28
43.60,0.00,0.00,0.29
43.70,0.00,-0.01,0.29
43.80,0.00,0.00,0.29
43.90,0.00,0.00,0.29
44.00,-0.00,0.00,0.29
44.10,-0.00,-0.00,0.29
45.10,0.00,-0.00,0.30
45.20,-0.00,0.00,0.30
45.30,-0.00,0.00,0.30
45.40,0.00,-0.00,0.30
45.50,0.00,0.00,0.30
45.60,0.00,0.01,0.30
46.60,0.00,0.00,0.31
46.70,-0.00,0.00,0.31
46.80,0.00,0.00,0.31
46.90,0.00,-0.00,0.31
47.00,0.00,0.00,0.31
47.10,0.00,0.00,0.31
48.10,0.00,0.01,0.32
48.20,0.00,0.00,0.32
48.30,0.00,0.00,0.32
48.40,-0.00,0.01,0.32
48.50,0.00,-0.00,0.32
48.60,-0.00,0.00,0.32
49.60,0.00,0.00,0.33
49.70,-0.00,0.00,0.33
49.80,0.00,0.00,0.33
49.90,-0.00,0.01,0.33
50.00,-0.00,0.00,0.33
50.10,-0.00,0.00,0.33
51.10,0.00,0.00,0.34
51.20,-0.00,-0.00,0.34
51.30,-0.00,-0.00,0.34
51.40,0.00,-0.00,0.34
51.50,-0.00,0.00,0.34
51.60,0.00,-0.00,0.34
52.60,0.00,-0.00,0.35
52.70,0.00,-0.00,0.35
52.80,0.00,0.00,0.35
52.90,0.00,0.00,0.35
53.00,0.00,0.00,0.35
53.10,0.00,-0.00,0.35
54.10,-0.00,-0.01,0.36
54.20,-0.00,-0.00,0.36
54.30,-0.00,0.00,0.36
54.40,0.00,-0.02,0.36
54.50,0.00,-0.02,0.36
54.60,0.00,0.00,0.36
55.70,-0.00,0.00,0.37
55.80,0.00,-0.03,0.37
55.90,-0.00,-0.02,0.37
56.00,0.00,-0.04,0.37
56.10,0.00,-0.04,0.37
56.20,-0.00,-0.02,0.37
57.20,-0.00,-0.00,0.38
57.30,0.00,-0.03,0.38
57.40,0.00,-0.04,0.38
57.50,-0.00,-0.07,0.38
57.60,-0.00,-0.09,0.38
57.70,0.00,-0.09,0.38
58.70,0.00,-0.00,0.39
58.80,-0.00,-0.06,0.39
58.90,-0.00,-0.09,0.39
59.00,0.00,-0.10,0.39
59.10,0.00,-0.12,0.39
59.20,0.00,-0.12,0.39
60.20,-0.00,0.01,0.40
60.30,0.00,-0.06,0.40
60.40,0.00,-0.11,0.40
60.50,-0.00,-0.14,0.40
60.60,0.00,-0.14,0.40
60.70,0.00,-0.15,0.40